12:21:17 INFO  BaseClass:43 - configuring reports
12:21:17 INFO  BaseClass:50 - browser type:  null
12:21:17 INFO  BaseClass:51 - test type:  null
12:21:17 INFO  BaseClass:98 - wrapping up with driver and reporting
12:26:41 INFO  BaseClass:44 - configuring reports
12:26:41 INFO  BaseClass:52 - browser type:  chrome
12:26:53 INFO  BaseClass:99 - wrapping up with driver and reporting
12:27:44 INFO  BaseClass:44 - configuring reports
12:27:44 INFO  BaseClass:52 - browser type:  chrome
12:27:47 INFO  BaseClass:99 - wrapping up with driver and reporting
12:31:08 INFO  BaseClass:44 - configuring reports
12:31:08 INFO  BaseClass:52 - browser type:  chrome
12:31:17 INFO  BaseClass:57 - https://staging.clubkitchen.at/ website launching
12:31:23 INFO  BaseClass:60 - Object repository instantiated
12:31:23 INFO  BaseClass:28 - testcase asdas initialized for reporting
12:31:23 INFO  BaseClass:77 - sdf TEST PASSED
12:31:32 INFO  BaseClass:99 - wrapping up with driver and reporting
12:31:32 DEBUG cache:45 - Couldn't find template in cache for "index.ftl"("en", UTF-8, parsed); will try to load it.
12:31:32 DEBUG cache:45 - TemplateLoader.findTemplateSource("index_en.ftl"): Not found
12:31:32 DEBUG cache:45 - TemplateLoader.findTemplateSource("index.ftl"): Found
12:31:32 DEBUG cache:45 - Loading template for "index.ftl"("en", UTF-8, parsed) from "jar:file:/C:/Users/kunis/.m2/repository/com/aventstack/extentreports/3.1.3/extentreports-3.1.3.jar!/com/aventstack/extentreports/view/html-report/index.ftl"
12:31:34 DEBUG cache:45 - Couldn't find template in cache for "head.ftl"("en", UTF-8, parsed); will try to load it.
12:31:34 DEBUG cache:45 - TemplateLoader.findTemplateSource("head_en.ftl"): Not found
12:31:34 DEBUG cache:45 - TemplateLoader.findTemplateSource("head.ftl"): Found
12:31:34 DEBUG cache:45 - Loading template for "head.ftl"("en", UTF-8, parsed) from "jar:file:/C:/Users/kunis/.m2/repository/com/aventstack/extentreports/3.1.3/extentreports-3.1.3.jar!/com/aventstack/extentreports/view/html-report/head.ftl"
12:31:34 DEBUG cache:45 - Couldn't find template in cache for "nav.ftl"("en", UTF-8, parsed); will try to load it.
12:31:34 DEBUG cache:45 - TemplateLoader.findTemplateSource("nav_en.ftl"): Not found
12:31:34 DEBUG cache:45 - TemplateLoader.findTemplateSource("nav.ftl"): Found
12:31:34 DEBUG cache:45 - Loading template for "nav.ftl"("en", UTF-8, parsed) from "jar:file:/C:/Users/kunis/.m2/repository/com/aventstack/extentreports/3.1.3/extentreports-3.1.3.jar!/com/aventstack/extentreports/view/html-report/nav.ftl"
12:31:34 DEBUG cache:45 - Couldn't find template in cache for "test-view/test-view.ftl"("en", UTF-8, parsed); will try to load it.
12:31:34 DEBUG cache:45 - TemplateLoader.findTemplateSource("test-view/test-view_en.ftl"): Not found
12:31:34 DEBUG cache:45 - TemplateLoader.findTemplateSource("test-view/test-view.ftl"): Found
12:31:34 DEBUG cache:45 - Loading template for "test-view/test-view.ftl"("en", UTF-8, parsed) from "jar:file:/C:/Users/kunis/.m2/repository/com/aventstack/extentreports/3.1.3/extentreports-3.1.3.jar!/com/aventstack/extentreports/view/html-report/test-view/test-view.ftl"
12:31:34 DEBUG cache:45 - Couldn't find template in cache for "test-view/test-view-charts.ftl"("en", UTF-8, parsed); will try to load it.
12:31:34 DEBUG cache:45 - TemplateLoader.findTemplateSource("test-view/test-view-charts_en.ftl"): Not found
12:31:34 DEBUG cache:45 - TemplateLoader.findTemplateSource("test-view/test-view-charts.ftl"): Found
12:31:34 DEBUG cache:45 - Loading template for "test-view/test-view-charts.ftl"("en", UTF-8, parsed) from "jar:file:/C:/Users/kunis/.m2/repository/com/aventstack/extentreports/3.1.3/extentreports-3.1.3.jar!/com/aventstack/extentreports/view/html-report/test-view/test-view-charts.ftl"
12:31:34 DEBUG cache:45 - Couldn't find template in cache for "test-view/standard.ftl"("en", UTF-8, parsed); will try to load it.
12:31:34 DEBUG cache:45 - TemplateLoader.findTemplateSource("test-view/standard_en.ftl"): Not found
12:31:35 DEBUG cache:45 - TemplateLoader.findTemplateSource("test-view/standard.ftl"): Found
12:31:35 DEBUG cache:45 - Loading template for "test-view/standard.ftl"("en", UTF-8, parsed) from "jar:file:/C:/Users/kunis/.m2/repository/com/aventstack/extentreports/3.1.3/extentreports-3.1.3.jar!/com/aventstack/extentreports/view/html-report/test-view/standard.ftl"
12:31:35 DEBUG cache:45 - Couldn't find template in cache for "category-view/category-view.ftl"("en", UTF-8, parsed); will try to load it.
12:31:35 DEBUG cache:45 - TemplateLoader.findTemplateSource("category-view/category-view_en.ftl"): Not found
12:31:35 DEBUG cache:45 - TemplateLoader.findTemplateSource("category-view/category-view.ftl"): Found
12:31:35 DEBUG cache:45 - Loading template for "category-view/category-view.ftl"("en", UTF-8, parsed) from "jar:file:/C:/Users/kunis/.m2/repository/com/aventstack/extentreports/3.1.3/extentreports-3.1.3.jar!/com/aventstack/extentreports/view/html-report/category-view/category-view.ftl"
12:31:35 DEBUG cache:45 - Couldn't find template in cache for "author-view/author-view.ftl"("en", UTF-8, parsed); will try to load it.
12:31:35 DEBUG cache:45 - TemplateLoader.findTemplateSource("author-view/author-view_en.ftl"): Not found
12:31:35 DEBUG cache:45 - TemplateLoader.findTemplateSource("author-view/author-view.ftl"): Found
12:31:35 DEBUG cache:45 - Loading template for "author-view/author-view.ftl"("en", UTF-8, parsed) from "jar:file:/C:/Users/kunis/.m2/repository/com/aventstack/extentreports/3.1.3/extentreports-3.1.3.jar!/com/aventstack/extentreports/view/html-report/author-view/author-view.ftl"
12:31:35 DEBUG cache:45 - Couldn't find template in cache for "exception-view/exception-view.ftl"("en", UTF-8, parsed); will try to load it.
12:31:35 DEBUG cache:45 - TemplateLoader.findTemplateSource("exception-view/exception-view_en.ftl"): Not found
12:31:35 DEBUG cache:45 - TemplateLoader.findTemplateSource("exception-view/exception-view.ftl"): Found
12:31:35 DEBUG cache:45 - Loading template for "exception-view/exception-view.ftl"("en", UTF-8, parsed) from "jar:file:/C:/Users/kunis/.m2/repository/com/aventstack/extentreports/3.1.3/extentreports-3.1.3.jar!/com/aventstack/extentreports/view/html-report/exception-view/exception-view.ftl"
12:31:35 DEBUG cache:45 - Couldn't find template in cache for "dashboard-view/dashboard-view.ftl"("en", UTF-8, parsed); will try to load it.
12:31:35 DEBUG cache:45 - TemplateLoader.findTemplateSource("dashboard-view/dashboard-view_en.ftl"): Not found
12:31:35 DEBUG cache:45 - TemplateLoader.findTemplateSource("dashboard-view/dashboard-view.ftl"): Found
12:31:35 DEBUG cache:45 - Loading template for "dashboard-view/dashboard-view.ftl"("en", UTF-8, parsed) from "jar:file:/C:/Users/kunis/.m2/repository/com/aventstack/extentreports/3.1.3/extentreports-3.1.3.jar!/com/aventstack/extentreports/view/html-report/dashboard-view/dashboard-view.ftl"
12:31:35 DEBUG cache:45 - Couldn't find template in cache for "logs-view/testrunner-logs-view.ftl"("en", UTF-8, parsed); will try to load it.
12:31:35 DEBUG cache:45 - TemplateLoader.findTemplateSource("logs-view/testrunner-logs-view_en.ftl"): Not found
12:31:35 DEBUG cache:45 - TemplateLoader.findTemplateSource("logs-view/testrunner-logs-view.ftl"): Found
12:31:35 DEBUG cache:45 - Loading template for "logs-view/testrunner-logs-view.ftl"("en", UTF-8, parsed) from "jar:file:/C:/Users/kunis/.m2/repository/com/aventstack/extentreports/3.1.3/extentreports-3.1.3.jar!/com/aventstack/extentreports/view/html-report/logs-view/testrunner-logs-view.ftl"
12:54:19 INFO  BaseClass:44 - configuring reports
12:54:19 INFO  BaseClass:100 - wrapping up with driver and reporting
12:55:00 INFO  BaseClass:44 - configuring reports
12:55:00 INFO  BaseClass:52 - browser type:  null
12:55:00 INFO  BaseClass:53 - test type:  null
12:55:00 INFO  BaseClass:100 - wrapping up with driver and reporting
12:57:02 INFO  BaseClass:44 - configuring reports
12:57:02 INFO  BaseClass:52 - browser type:  chrome
12:57:10 INFO  BaseClass:57 - https://staging.clubkitchen.at/ website launching
12:57:31 INFO  BaseClass:60 - Object repository instantiated
12:57:31 INFO  BaseClass:28 - testcase launchAndSelectMamacita initialized for reporting
12:57:31 INFO  BaseClass:77 - launchAndSelectMamacita TEST PASSED
12:57:34 INFO  BaseClass:99 - wrapping up with driver and reporting
12:57:34 DEBUG cache:45 - Couldn't find template in cache for "index.ftl"("en", UTF-8, parsed); will try to load it.
12:57:34 DEBUG cache:45 - TemplateLoader.findTemplateSource("index_en.ftl"): Not found
12:57:34 DEBUG cache:45 - TemplateLoader.findTemplateSource("index.ftl"): Found
12:57:34 DEBUG cache:45 - Loading template for "index.ftl"("en", UTF-8, parsed) from "jar:file:/C:/Users/kunis/.m2/repository/com/aventstack/extentreports/3.1.3/extentreports-3.1.3.jar!/com/aventstack/extentreports/view/html-report/index.ftl"
12:57:35 DEBUG cache:45 - Couldn't find template in cache for "head.ftl"("en", UTF-8, parsed); will try to load it.
12:57:35 DEBUG cache:45 - TemplateLoader.findTemplateSource("head_en.ftl"): Not found
12:57:35 DEBUG cache:45 - TemplateLoader.findTemplateSource("head.ftl"): Found
12:57:35 DEBUG cache:45 - Loading template for "head.ftl"("en", UTF-8, parsed) from "jar:file:/C:/Users/kunis/.m2/repository/com/aventstack/extentreports/3.1.3/extentreports-3.1.3.jar!/com/aventstack/extentreports/view/html-report/head.ftl"
12:57:35 DEBUG cache:45 - Couldn't find template in cache for "nav.ftl"("en", UTF-8, parsed); will try to load it.
12:57:35 DEBUG cache:45 - TemplateLoader.findTemplateSource("nav_en.ftl"): Not found
12:57:35 DEBUG cache:45 - TemplateLoader.findTemplateSource("nav.ftl"): Found
12:57:35 DEBUG cache:45 - Loading template for "nav.ftl"("en", UTF-8, parsed) from "jar:file:/C:/Users/kunis/.m2/repository/com/aventstack/extentreports/3.1.3/extentreports-3.1.3.jar!/com/aventstack/extentreports/view/html-report/nav.ftl"
12:57:35 DEBUG cache:45 - Couldn't find template in cache for "test-view/test-view.ftl"("en", UTF-8, parsed); will try to load it.
12:57:35 DEBUG cache:45 - TemplateLoader.findTemplateSource("test-view/test-view_en.ftl"): Not found
12:57:35 DEBUG cache:45 - TemplateLoader.findTemplateSource("test-view/test-view.ftl"): Found
12:57:35 DEBUG cache:45 - Loading template for "test-view/test-view.ftl"("en", UTF-8, parsed) from "jar:file:/C:/Users/kunis/.m2/repository/com/aventstack/extentreports/3.1.3/extentreports-3.1.3.jar!/com/aventstack/extentreports/view/html-report/test-view/test-view.ftl"
12:57:35 DEBUG cache:45 - Couldn't find template in cache for "test-view/test-view-charts.ftl"("en", UTF-8, parsed); will try to load it.
12:57:35 DEBUG cache:45 - TemplateLoader.findTemplateSource("test-view/test-view-charts_en.ftl"): Not found
12:57:35 DEBUG cache:45 - TemplateLoader.findTemplateSource("test-view/test-view-charts.ftl"): Found
12:57:35 DEBUG cache:45 - Loading template for "test-view/test-view-charts.ftl"("en", UTF-8, parsed) from "jar:file:/C:/Users/kunis/.m2/repository/com/aventstack/extentreports/3.1.3/extentreports-3.1.3.jar!/com/aventstack/extentreports/view/html-report/test-view/test-view-charts.ftl"
12:57:35 DEBUG cache:45 - Couldn't find template in cache for "test-view/standard.ftl"("en", UTF-8, parsed); will try to load it.
12:57:35 DEBUG cache:45 - TemplateLoader.findTemplateSource("test-view/standard_en.ftl"): Not found
12:57:35 DEBUG cache:45 - TemplateLoader.findTemplateSource("test-view/standard.ftl"): Found
12:57:35 DEBUG cache:45 - Loading template for "test-view/standard.ftl"("en", UTF-8, parsed) from "jar:file:/C:/Users/kunis/.m2/repository/com/aventstack/extentreports/3.1.3/extentreports-3.1.3.jar!/com/aventstack/extentreports/view/html-report/test-view/standard.ftl"
12:57:35 DEBUG cache:45 - Couldn't find template in cache for "category-view/category-view.ftl"("en", UTF-8, parsed); will try to load it.
12:57:35 DEBUG cache:45 - TemplateLoader.findTemplateSource("category-view/category-view_en.ftl"): Not found
12:57:35 DEBUG cache:45 - TemplateLoader.findTemplateSource("category-view/category-view.ftl"): Found
12:57:35 DEBUG cache:45 - Loading template for "category-view/category-view.ftl"("en", UTF-8, parsed) from "jar:file:/C:/Users/kunis/.m2/repository/com/aventstack/extentreports/3.1.3/extentreports-3.1.3.jar!/com/aventstack/extentreports/view/html-report/category-view/category-view.ftl"
12:57:35 DEBUG cache:45 - Couldn't find template in cache for "author-view/author-view.ftl"("en", UTF-8, parsed); will try to load it.
12:57:35 DEBUG cache:45 - TemplateLoader.findTemplateSource("author-view/author-view_en.ftl"): Not found
12:57:35 DEBUG cache:45 - TemplateLoader.findTemplateSource("author-view/author-view.ftl"): Found
12:57:35 DEBUG cache:45 - Loading template for "author-view/author-view.ftl"("en", UTF-8, parsed) from "jar:file:/C:/Users/kunis/.m2/repository/com/aventstack/extentreports/3.1.3/extentreports-3.1.3.jar!/com/aventstack/extentreports/view/html-report/author-view/author-view.ftl"
12:57:35 DEBUG cache:45 - Couldn't find template in cache for "exception-view/exception-view.ftl"("en", UTF-8, parsed); will try to load it.
12:57:35 DEBUG cache:45 - TemplateLoader.findTemplateSource("exception-view/exception-view_en.ftl"): Not found
12:57:35 DEBUG cache:45 - TemplateLoader.findTemplateSource("exception-view/exception-view.ftl"): Found
12:57:35 DEBUG cache:45 - Loading template for "exception-view/exception-view.ftl"("en", UTF-8, parsed) from "jar:file:/C:/Users/kunis/.m2/repository/com/aventstack/extentreports/3.1.3/extentreports-3.1.3.jar!/com/aventstack/extentreports/view/html-report/exception-view/exception-view.ftl"
12:57:35 DEBUG cache:45 - Couldn't find template in cache for "dashboard-view/dashboard-view.ftl"("en", UTF-8, parsed); will try to load it.
12:57:35 DEBUG cache:45 - TemplateLoader.findTemplateSource("dashboard-view/dashboard-view_en.ftl"): Not found
12:57:35 DEBUG cache:45 - TemplateLoader.findTemplateSource("dashboard-view/dashboard-view.ftl"): Found
12:57:35 DEBUG cache:45 - Loading template for "dashboard-view/dashboard-view.ftl"("en", UTF-8, parsed) from "jar:file:/C:/Users/kunis/.m2/repository/com/aventstack/extentreports/3.1.3/extentreports-3.1.3.jar!/com/aventstack/extentreports/view/html-report/dashboard-view/dashboard-view.ftl"
12:57:35 DEBUG cache:45 - Couldn't find template in cache for "logs-view/testrunner-logs-view.ftl"("en", UTF-8, parsed); will try to load it.
12:57:35 DEBUG cache:45 - TemplateLoader.findTemplateSource("logs-view/testrunner-logs-view_en.ftl"): Not found
12:57:35 DEBUG cache:45 - TemplateLoader.findTemplateSource("logs-view/testrunner-logs-view.ftl"): Found
12:57:35 DEBUG cache:45 - Loading template for "logs-view/testrunner-logs-view.ftl"("en", UTF-8, parsed) from "jar:file:/C:/Users/kunis/.m2/repository/com/aventstack/extentreports/3.1.3/extentreports-3.1.3.jar!/com/aventstack/extentreports/view/html-report/logs-view/testrunner-logs-view.ftl"
13:14:53 INFO  BaseClass:44 - configuring reports
13:14:53 INFO  BaseClass:52 - browser type:  chrome
13:15:00 INFO  BaseClass:57 - https://staging.clubkitchen.at/ website launching
13:15:05 INFO  BaseClass:59 - Object repository instantiated
13:15:05 INFO  BaseClass:28 - testcase launchAndSelectMamacita initialized for reporting
13:15:05 FATAL BaseClass:66 - 
13:15:06 INFO  BaseClass:98 - wrapping up with driver and reporting
13:15:06 DEBUG cache:45 - Couldn't find template in cache for "index.ftl"("en", UTF-8, parsed); will try to load it.
13:15:06 DEBUG cache:45 - TemplateLoader.findTemplateSource("index_en.ftl"): Not found
13:15:06 DEBUG cache:45 - TemplateLoader.findTemplateSource("index.ftl"): Found
13:15:06 DEBUG cache:45 - Loading template for "index.ftl"("en", UTF-8, parsed) from "jar:file:/C:/Users/kunis/.m2/repository/com/aventstack/extentreports/3.1.3/extentreports-3.1.3.jar!/com/aventstack/extentreports/view/html-report/index.ftl"
13:15:06 DEBUG cache:45 - Couldn't find template in cache for "head.ftl"("en", UTF-8, parsed); will try to load it.
13:15:06 DEBUG cache:45 - TemplateLoader.findTemplateSource("head_en.ftl"): Not found
13:15:06 DEBUG cache:45 - TemplateLoader.findTemplateSource("head.ftl"): Found
13:15:06 DEBUG cache:45 - Loading template for "head.ftl"("en", UTF-8, parsed) from "jar:file:/C:/Users/kunis/.m2/repository/com/aventstack/extentreports/3.1.3/extentreports-3.1.3.jar!/com/aventstack/extentreports/view/html-report/head.ftl"
13:15:06 DEBUG cache:45 - Couldn't find template in cache for "nav.ftl"("en", UTF-8, parsed); will try to load it.
13:15:06 DEBUG cache:45 - TemplateLoader.findTemplateSource("nav_en.ftl"): Not found
13:15:06 DEBUG cache:45 - TemplateLoader.findTemplateSource("nav.ftl"): Found
13:15:06 DEBUG cache:45 - Loading template for "nav.ftl"("en", UTF-8, parsed) from "jar:file:/C:/Users/kunis/.m2/repository/com/aventstack/extentreports/3.1.3/extentreports-3.1.3.jar!/com/aventstack/extentreports/view/html-report/nav.ftl"
13:15:06 DEBUG cache:45 - Couldn't find template in cache for "test-view/test-view.ftl"("en", UTF-8, parsed); will try to load it.
13:15:06 DEBUG cache:45 - TemplateLoader.findTemplateSource("test-view/test-view_en.ftl"): Not found
13:15:06 DEBUG cache:45 - TemplateLoader.findTemplateSource("test-view/test-view.ftl"): Found
13:15:06 DEBUG cache:45 - Loading template for "test-view/test-view.ftl"("en", UTF-8, parsed) from "jar:file:/C:/Users/kunis/.m2/repository/com/aventstack/extentreports/3.1.3/extentreports-3.1.3.jar!/com/aventstack/extentreports/view/html-report/test-view/test-view.ftl"
13:15:06 DEBUG cache:45 - Couldn't find template in cache for "test-view/test-view-charts.ftl"("en", UTF-8, parsed); will try to load it.
13:15:06 DEBUG cache:45 - TemplateLoader.findTemplateSource("test-view/test-view-charts_en.ftl"): Not found
13:15:06 DEBUG cache:45 - TemplateLoader.findTemplateSource("test-view/test-view-charts.ftl"): Found
13:15:06 DEBUG cache:45 - Loading template for "test-view/test-view-charts.ftl"("en", UTF-8, parsed) from "jar:file:/C:/Users/kunis/.m2/repository/com/aventstack/extentreports/3.1.3/extentreports-3.1.3.jar!/com/aventstack/extentreports/view/html-report/test-view/test-view-charts.ftl"
13:15:07 DEBUG cache:45 - Couldn't find template in cache for "test-view/standard.ftl"("en", UTF-8, parsed); will try to load it.
13:15:07 DEBUG cache:45 - TemplateLoader.findTemplateSource("test-view/standard_en.ftl"): Not found
13:15:07 DEBUG cache:45 - TemplateLoader.findTemplateSource("test-view/standard.ftl"): Found
13:15:07 DEBUG cache:45 - Loading template for "test-view/standard.ftl"("en", UTF-8, parsed) from "jar:file:/C:/Users/kunis/.m2/repository/com/aventstack/extentreports/3.1.3/extentreports-3.1.3.jar!/com/aventstack/extentreports/view/html-report/test-view/standard.ftl"
13:15:07 DEBUG cache:45 - Couldn't find template in cache for "category-view/category-view.ftl"("en", UTF-8, parsed); will try to load it.
13:15:07 DEBUG cache:45 - TemplateLoader.findTemplateSource("category-view/category-view_en.ftl"): Not found
13:15:07 DEBUG cache:45 - TemplateLoader.findTemplateSource("category-view/category-view.ftl"): Found
13:15:07 DEBUG cache:45 - Loading template for "category-view/category-view.ftl"("en", UTF-8, parsed) from "jar:file:/C:/Users/kunis/.m2/repository/com/aventstack/extentreports/3.1.3/extentreports-3.1.3.jar!/com/aventstack/extentreports/view/html-report/category-view/category-view.ftl"
13:15:07 DEBUG cache:45 - Couldn't find template in cache for "author-view/author-view.ftl"("en", UTF-8, parsed); will try to load it.
13:15:07 DEBUG cache:45 - TemplateLoader.findTemplateSource("author-view/author-view_en.ftl"): Not found
13:15:07 DEBUG cache:45 - TemplateLoader.findTemplateSource("author-view/author-view.ftl"): Found
13:15:07 DEBUG cache:45 - Loading template for "author-view/author-view.ftl"("en", UTF-8, parsed) from "jar:file:/C:/Users/kunis/.m2/repository/com/aventstack/extentreports/3.1.3/extentreports-3.1.3.jar!/com/aventstack/extentreports/view/html-report/author-view/author-view.ftl"
13:15:07 DEBUG cache:45 - Couldn't find template in cache for "exception-view/exception-view.ftl"("en", UTF-8, parsed); will try to load it.
13:15:07 DEBUG cache:45 - TemplateLoader.findTemplateSource("exception-view/exception-view_en.ftl"): Not found
13:15:07 DEBUG cache:45 - TemplateLoader.findTemplateSource("exception-view/exception-view.ftl"): Found
13:15:07 DEBUG cache:45 - Loading template for "exception-view/exception-view.ftl"("en", UTF-8, parsed) from "jar:file:/C:/Users/kunis/.m2/repository/com/aventstack/extentreports/3.1.3/extentreports-3.1.3.jar!/com/aventstack/extentreports/view/html-report/exception-view/exception-view.ftl"
13:15:07 DEBUG cache:45 - Couldn't find template in cache for "dashboard-view/dashboard-view.ftl"("en", UTF-8, parsed); will try to load it.
13:15:07 DEBUG cache:45 - TemplateLoader.findTemplateSource("dashboard-view/dashboard-view_en.ftl"): Not found
13:15:07 DEBUG cache:45 - TemplateLoader.findTemplateSource("dashboard-view/dashboard-view.ftl"): Found
13:15:07 DEBUG cache:45 - Loading template for "dashboard-view/dashboard-view.ftl"("en", UTF-8, parsed) from "jar:file:/C:/Users/kunis/.m2/repository/com/aventstack/extentreports/3.1.3/extentreports-3.1.3.jar!/com/aventstack/extentreports/view/html-report/dashboard-view/dashboard-view.ftl"
13:15:07 DEBUG cache:45 - Couldn't find template in cache for "logs-view/testrunner-logs-view.ftl"("en", UTF-8, parsed); will try to load it.
13:15:07 DEBUG cache:45 - TemplateLoader.findTemplateSource("logs-view/testrunner-logs-view_en.ftl"): Not found
13:15:07 DEBUG cache:45 - TemplateLoader.findTemplateSource("logs-view/testrunner-logs-view.ftl"): Found
13:15:07 DEBUG cache:45 - Loading template for "logs-view/testrunner-logs-view.ftl"("en", UTF-8, parsed) from "jar:file:/C:/Users/kunis/.m2/repository/com/aventstack/extentreports/3.1.3/extentreports-3.1.3.jar!/com/aventstack/extentreports/view/html-report/logs-view/testrunner-logs-view.ftl"
13:15:40 INFO  BaseClass:44 - configuring reports
13:15:40 INFO  BaseClass:52 - browser type:  chrome
13:15:48 INFO  BaseClass:57 - https://staging.clubkitchen.at/ website launching
13:15:52 INFO  BaseClass:59 - Object repository instantiated
13:15:52 INFO  BaseClass:28 - testcase launchAndSelectMamacita initialized for reporting
13:15:52 FATAL BaseClass:66 - 
13:15:53 INFO  BaseClass:98 - wrapping up with driver and reporting
13:15:53 DEBUG cache:45 - Couldn't find template in cache for "index.ftl"("en", UTF-8, parsed); will try to load it.
13:15:53 DEBUG cache:45 - TemplateLoader.findTemplateSource("index_en.ftl"): Not found
13:15:53 DEBUG cache:45 - TemplateLoader.findTemplateSource("index.ftl"): Found
13:15:53 DEBUG cache:45 - Loading template for "index.ftl"("en", UTF-8, parsed) from "jar:file:/C:/Users/kunis/.m2/repository/com/aventstack/extentreports/3.1.3/extentreports-3.1.3.jar!/com/aventstack/extentreports/view/html-report/index.ftl"
13:15:54 DEBUG cache:45 - Couldn't find template in cache for "head.ftl"("en", UTF-8, parsed); will try to load it.
13:15:54 DEBUG cache:45 - TemplateLoader.findTemplateSource("head_en.ftl"): Not found
13:15:54 DEBUG cache:45 - TemplateLoader.findTemplateSource("head.ftl"): Found
13:15:54 DEBUG cache:45 - Loading template for "head.ftl"("en", UTF-8, parsed) from "jar:file:/C:/Users/kunis/.m2/repository/com/aventstack/extentreports/3.1.3/extentreports-3.1.3.jar!/com/aventstack/extentreports/view/html-report/head.ftl"
13:15:54 DEBUG cache:45 - Couldn't find template in cache for "nav.ftl"("en", UTF-8, parsed); will try to load it.
13:15:54 DEBUG cache:45 - TemplateLoader.findTemplateSource("nav_en.ftl"): Not found
13:15:54 DEBUG cache:45 - TemplateLoader.findTemplateSource("nav.ftl"): Found
13:15:54 DEBUG cache:45 - Loading template for "nav.ftl"("en", UTF-8, parsed) from "jar:file:/C:/Users/kunis/.m2/repository/com/aventstack/extentreports/3.1.3/extentreports-3.1.3.jar!/com/aventstack/extentreports/view/html-report/nav.ftl"
13:15:54 DEBUG cache:45 - Couldn't find template in cache for "test-view/test-view.ftl"("en", UTF-8, parsed); will try to load it.
13:15:54 DEBUG cache:45 - TemplateLoader.findTemplateSource("test-view/test-view_en.ftl"): Not found
13:15:54 DEBUG cache:45 - TemplateLoader.findTemplateSource("test-view/test-view.ftl"): Found
13:15:54 DEBUG cache:45 - Loading template for "test-view/test-view.ftl"("en", UTF-8, parsed) from "jar:file:/C:/Users/kunis/.m2/repository/com/aventstack/extentreports/3.1.3/extentreports-3.1.3.jar!/com/aventstack/extentreports/view/html-report/test-view/test-view.ftl"
13:15:54 DEBUG cache:45 - Couldn't find template in cache for "test-view/test-view-charts.ftl"("en", UTF-8, parsed); will try to load it.
13:15:54 DEBUG cache:45 - TemplateLoader.findTemplateSource("test-view/test-view-charts_en.ftl"): Not found
13:15:54 DEBUG cache:45 - TemplateLoader.findTemplateSource("test-view/test-view-charts.ftl"): Found
13:15:54 DEBUG cache:45 - Loading template for "test-view/test-view-charts.ftl"("en", UTF-8, parsed) from "jar:file:/C:/Users/kunis/.m2/repository/com/aventstack/extentreports/3.1.3/extentreports-3.1.3.jar!/com/aventstack/extentreports/view/html-report/test-view/test-view-charts.ftl"
13:15:54 DEBUG cache:45 - Couldn't find template in cache for "test-view/standard.ftl"("en", UTF-8, parsed); will try to load it.
13:15:54 DEBUG cache:45 - TemplateLoader.findTemplateSource("test-view/standard_en.ftl"): Not found
13:15:54 DEBUG cache:45 - TemplateLoader.findTemplateSource("test-view/standard.ftl"): Found
13:15:54 DEBUG cache:45 - Loading template for "test-view/standard.ftl"("en", UTF-8, parsed) from "jar:file:/C:/Users/kunis/.m2/repository/com/aventstack/extentreports/3.1.3/extentreports-3.1.3.jar!/com/aventstack/extentreports/view/html-report/test-view/standard.ftl"
13:15:54 DEBUG cache:45 - Couldn't find template in cache for "category-view/category-view.ftl"("en", UTF-8, parsed); will try to load it.
13:15:54 DEBUG cache:45 - TemplateLoader.findTemplateSource("category-view/category-view_en.ftl"): Not found
13:15:54 DEBUG cache:45 - TemplateLoader.findTemplateSource("category-view/category-view.ftl"): Found
13:15:54 DEBUG cache:45 - Loading template for "category-view/category-view.ftl"("en", UTF-8, parsed) from "jar:file:/C:/Users/kunis/.m2/repository/com/aventstack/extentreports/3.1.3/extentreports-3.1.3.jar!/com/aventstack/extentreports/view/html-report/category-view/category-view.ftl"
13:15:54 DEBUG cache:45 - Couldn't find template in cache for "author-view/author-view.ftl"("en", UTF-8, parsed); will try to load it.
13:15:54 DEBUG cache:45 - TemplateLoader.findTemplateSource("author-view/author-view_en.ftl"): Not found
13:15:54 DEBUG cache:45 - TemplateLoader.findTemplateSource("author-view/author-view.ftl"): Found
13:15:54 DEBUG cache:45 - Loading template for "author-view/author-view.ftl"("en", UTF-8, parsed) from "jar:file:/C:/Users/kunis/.m2/repository/com/aventstack/extentreports/3.1.3/extentreports-3.1.3.jar!/com/aventstack/extentreports/view/html-report/author-view/author-view.ftl"
13:15:54 DEBUG cache:45 - Couldn't find template in cache for "exception-view/exception-view.ftl"("en", UTF-8, parsed); will try to load it.
13:15:54 DEBUG cache:45 - TemplateLoader.findTemplateSource("exception-view/exception-view_en.ftl"): Not found
13:15:54 DEBUG cache:45 - TemplateLoader.findTemplateSource("exception-view/exception-view.ftl"): Found
13:15:54 DEBUG cache:45 - Loading template for "exception-view/exception-view.ftl"("en", UTF-8, parsed) from "jar:file:/C:/Users/kunis/.m2/repository/com/aventstack/extentreports/3.1.3/extentreports-3.1.3.jar!/com/aventstack/extentreports/view/html-report/exception-view/exception-view.ftl"
13:15:54 DEBUG cache:45 - Couldn't find template in cache for "dashboard-view/dashboard-view.ftl"("en", UTF-8, parsed); will try to load it.
13:15:54 DEBUG cache:45 - TemplateLoader.findTemplateSource("dashboard-view/dashboard-view_en.ftl"): Not found
13:15:54 DEBUG cache:45 - TemplateLoader.findTemplateSource("dashboard-view/dashboard-view.ftl"): Found
13:15:54 DEBUG cache:45 - Loading template for "dashboard-view/dashboard-view.ftl"("en", UTF-8, parsed) from "jar:file:/C:/Users/kunis/.m2/repository/com/aventstack/extentreports/3.1.3/extentreports-3.1.3.jar!/com/aventstack/extentreports/view/html-report/dashboard-view/dashboard-view.ftl"
13:15:54 DEBUG cache:45 - Couldn't find template in cache for "logs-view/testrunner-logs-view.ftl"("en", UTF-8, parsed); will try to load it.
13:15:54 DEBUG cache:45 - TemplateLoader.findTemplateSource("logs-view/testrunner-logs-view_en.ftl"): Not found
13:15:54 DEBUG cache:45 - TemplateLoader.findTemplateSource("logs-view/testrunner-logs-view.ftl"): Found
13:15:54 DEBUG cache:45 - Loading template for "logs-view/testrunner-logs-view.ftl"("en", UTF-8, parsed) from "jar:file:/C:/Users/kunis/.m2/repository/com/aventstack/extentreports/3.1.3/extentreports-3.1.3.jar!/com/aventstack/extentreports/view/html-report/logs-view/testrunner-logs-view.ftl"
13:16:30 INFO  BaseClass:44 - configuring reports
13:16:30 INFO  BaseClass:52 - browser type:  chrome
13:16:38 INFO  BaseClass:57 - https://staging.clubkitchen.at/ website launching
13:16:41 INFO  BaseClass:59 - Object repository instantiated
13:16:41 INFO  BaseClass:28 - testcase launchAndSelectMamacita initialized for reporting
13:16:41 FATAL BaseClass:66 - 
13:16:42 INFO  BaseClass:98 - wrapping up with driver and reporting
13:16:42 DEBUG cache:45 - Couldn't find template in cache for "index.ftl"("en", UTF-8, parsed); will try to load it.
13:16:42 DEBUG cache:45 - TemplateLoader.findTemplateSource("index_en.ftl"): Not found
13:16:42 DEBUG cache:45 - TemplateLoader.findTemplateSource("index.ftl"): Found
13:16:42 DEBUG cache:45 - Loading template for "index.ftl"("en", UTF-8, parsed) from "jar:file:/C:/Users/kunis/.m2/repository/com/aventstack/extentreports/3.1.3/extentreports-3.1.3.jar!/com/aventstack/extentreports/view/html-report/index.ftl"
13:16:42 DEBUG cache:45 - Couldn't find template in cache for "head.ftl"("en", UTF-8, parsed); will try to load it.
13:16:42 DEBUG cache:45 - TemplateLoader.findTemplateSource("head_en.ftl"): Not found
13:16:42 DEBUG cache:45 - TemplateLoader.findTemplateSource("head.ftl"): Found
13:16:42 DEBUG cache:45 - Loading template for "head.ftl"("en", UTF-8, parsed) from "jar:file:/C:/Users/kunis/.m2/repository/com/aventstack/extentreports/3.1.3/extentreports-3.1.3.jar!/com/aventstack/extentreports/view/html-report/head.ftl"
13:16:42 DEBUG cache:45 - Couldn't find template in cache for "nav.ftl"("en", UTF-8, parsed); will try to load it.
13:16:42 DEBUG cache:45 - TemplateLoader.findTemplateSource("nav_en.ftl"): Not found
13:16:42 DEBUG cache:45 - TemplateLoader.findTemplateSource("nav.ftl"): Found
13:16:42 DEBUG cache:45 - Loading template for "nav.ftl"("en", UTF-8, parsed) from "jar:file:/C:/Users/kunis/.m2/repository/com/aventstack/extentreports/3.1.3/extentreports-3.1.3.jar!/com/aventstack/extentreports/view/html-report/nav.ftl"
13:16:42 DEBUG cache:45 - Couldn't find template in cache for "test-view/test-view.ftl"("en", UTF-8, parsed); will try to load it.
13:16:42 DEBUG cache:45 - TemplateLoader.findTemplateSource("test-view/test-view_en.ftl"): Not found
13:16:42 DEBUG cache:45 - TemplateLoader.findTemplateSource("test-view/test-view.ftl"): Found
13:16:42 DEBUG cache:45 - Loading template for "test-view/test-view.ftl"("en", UTF-8, parsed) from "jar:file:/C:/Users/kunis/.m2/repository/com/aventstack/extentreports/3.1.3/extentreports-3.1.3.jar!/com/aventstack/extentreports/view/html-report/test-view/test-view.ftl"
13:16:42 DEBUG cache:45 - Couldn't find template in cache for "test-view/test-view-charts.ftl"("en", UTF-8, parsed); will try to load it.
13:16:42 DEBUG cache:45 - TemplateLoader.findTemplateSource("test-view/test-view-charts_en.ftl"): Not found
13:16:42 DEBUG cache:45 - TemplateLoader.findTemplateSource("test-view/test-view-charts.ftl"): Found
13:16:42 DEBUG cache:45 - Loading template for "test-view/test-view-charts.ftl"("en", UTF-8, parsed) from "jar:file:/C:/Users/kunis/.m2/repository/com/aventstack/extentreports/3.1.3/extentreports-3.1.3.jar!/com/aventstack/extentreports/view/html-report/test-view/test-view-charts.ftl"
13:16:42 DEBUG cache:45 - Couldn't find template in cache for "test-view/standard.ftl"("en", UTF-8, parsed); will try to load it.
13:16:42 DEBUG cache:45 - TemplateLoader.findTemplateSource("test-view/standard_en.ftl"): Not found
13:16:42 DEBUG cache:45 - TemplateLoader.findTemplateSource("test-view/standard.ftl"): Found
13:16:42 DEBUG cache:45 - Loading template for "test-view/standard.ftl"("en", UTF-8, parsed) from "jar:file:/C:/Users/kunis/.m2/repository/com/aventstack/extentreports/3.1.3/extentreports-3.1.3.jar!/com/aventstack/extentreports/view/html-report/test-view/standard.ftl"
13:16:42 DEBUG cache:45 - Couldn't find template in cache for "category-view/category-view.ftl"("en", UTF-8, parsed); will try to load it.
13:16:42 DEBUG cache:45 - TemplateLoader.findTemplateSource("category-view/category-view_en.ftl"): Not found
13:16:42 DEBUG cache:45 - TemplateLoader.findTemplateSource("category-view/category-view.ftl"): Found
13:16:42 DEBUG cache:45 - Loading template for "category-view/category-view.ftl"("en", UTF-8, parsed) from "jar:file:/C:/Users/kunis/.m2/repository/com/aventstack/extentreports/3.1.3/extentreports-3.1.3.jar!/com/aventstack/extentreports/view/html-report/category-view/category-view.ftl"
13:16:42 DEBUG cache:45 - Couldn't find template in cache for "author-view/author-view.ftl"("en", UTF-8, parsed); will try to load it.
13:16:42 DEBUG cache:45 - TemplateLoader.findTemplateSource("author-view/author-view_en.ftl"): Not found
13:16:42 DEBUG cache:45 - TemplateLoader.findTemplateSource("author-view/author-view.ftl"): Found
13:16:42 DEBUG cache:45 - Loading template for "author-view/author-view.ftl"("en", UTF-8, parsed) from "jar:file:/C:/Users/kunis/.m2/repository/com/aventstack/extentreports/3.1.3/extentreports-3.1.3.jar!/com/aventstack/extentreports/view/html-report/author-view/author-view.ftl"
13:16:42 DEBUG cache:45 - Couldn't find template in cache for "exception-view/exception-view.ftl"("en", UTF-8, parsed); will try to load it.
13:16:42 DEBUG cache:45 - TemplateLoader.findTemplateSource("exception-view/exception-view_en.ftl"): Not found
13:16:42 DEBUG cache:45 - TemplateLoader.findTemplateSource("exception-view/exception-view.ftl"): Found
13:16:42 DEBUG cache:45 - Loading template for "exception-view/exception-view.ftl"("en", UTF-8, parsed) from "jar:file:/C:/Users/kunis/.m2/repository/com/aventstack/extentreports/3.1.3/extentreports-3.1.3.jar!/com/aventstack/extentreports/view/html-report/exception-view/exception-view.ftl"
13:16:42 DEBUG cache:45 - Couldn't find template in cache for "dashboard-view/dashboard-view.ftl"("en", UTF-8, parsed); will try to load it.
13:16:42 DEBUG cache:45 - TemplateLoader.findTemplateSource("dashboard-view/dashboard-view_en.ftl"): Not found
13:16:42 DEBUG cache:45 - TemplateLoader.findTemplateSource("dashboard-view/dashboard-view.ftl"): Found
13:16:42 DEBUG cache:45 - Loading template for "dashboard-view/dashboard-view.ftl"("en", UTF-8, parsed) from "jar:file:/C:/Users/kunis/.m2/repository/com/aventstack/extentreports/3.1.3/extentreports-3.1.3.jar!/com/aventstack/extentreports/view/html-report/dashboard-view/dashboard-view.ftl"
13:16:42 DEBUG cache:45 - Couldn't find template in cache for "logs-view/testrunner-logs-view.ftl"("en", UTF-8, parsed); will try to load it.
13:16:42 DEBUG cache:45 - TemplateLoader.findTemplateSource("logs-view/testrunner-logs-view_en.ftl"): Not found
13:16:42 DEBUG cache:45 - TemplateLoader.findTemplateSource("logs-view/testrunner-logs-view.ftl"): Found
13:16:42 DEBUG cache:45 - Loading template for "logs-view/testrunner-logs-view.ftl"("en", UTF-8, parsed) from "jar:file:/C:/Users/kunis/.m2/repository/com/aventstack/extentreports/3.1.3/extentreports-3.1.3.jar!/com/aventstack/extentreports/view/html-report/logs-view/testrunner-logs-view.ftl"
13:17:58 INFO  BaseClass:44 - configuring reports
13:17:58 INFO  BaseClass:98 - wrapping up with driver and reporting
13:18:03 INFO  BaseClass:44 - configuring reports
13:18:03 INFO  BaseClass:52 - browser type:  chrome
13:18:10 INFO  BaseClass:57 - https://staging.clubkitchen.at/ website launching
13:18:12 INFO  BaseClass:59 - Object repository instantiated
13:18:12 INFO  BaseClass:28 - testcase launchAndSelectMamacita initialized for reporting
13:18:12 FATAL BaseClass:66 - 
13:18:13 INFO  BaseClass:98 - wrapping up with driver and reporting
13:18:13 DEBUG cache:45 - Couldn't find template in cache for "index.ftl"("en", UTF-8, parsed); will try to load it.
13:18:13 DEBUG cache:45 - TemplateLoader.findTemplateSource("index_en.ftl"): Not found
13:18:13 DEBUG cache:45 - TemplateLoader.findTemplateSource("index.ftl"): Found
13:18:13 DEBUG cache:45 - Loading template for "index.ftl"("en", UTF-8, parsed) from "jar:file:/C:/Users/kunis/.m2/repository/com/aventstack/extentreports/3.1.3/extentreports-3.1.3.jar!/com/aventstack/extentreports/view/html-report/index.ftl"
13:18:13 DEBUG cache:45 - Couldn't find template in cache for "head.ftl"("en", UTF-8, parsed); will try to load it.
13:18:13 DEBUG cache:45 - TemplateLoader.findTemplateSource("head_en.ftl"): Not found
13:18:13 DEBUG cache:45 - TemplateLoader.findTemplateSource("head.ftl"): Found
13:18:13 DEBUG cache:45 - Loading template for "head.ftl"("en", UTF-8, parsed) from "jar:file:/C:/Users/kunis/.m2/repository/com/aventstack/extentreports/3.1.3/extentreports-3.1.3.jar!/com/aventstack/extentreports/view/html-report/head.ftl"
13:18:13 DEBUG cache:45 - Couldn't find template in cache for "nav.ftl"("en", UTF-8, parsed); will try to load it.
13:18:13 DEBUG cache:45 - TemplateLoader.findTemplateSource("nav_en.ftl"): Not found
13:18:13 DEBUG cache:45 - TemplateLoader.findTemplateSource("nav.ftl"): Found
13:18:13 DEBUG cache:45 - Loading template for "nav.ftl"("en", UTF-8, parsed) from "jar:file:/C:/Users/kunis/.m2/repository/com/aventstack/extentreports/3.1.3/extentreports-3.1.3.jar!/com/aventstack/extentreports/view/html-report/nav.ftl"
13:18:13 DEBUG cache:45 - Couldn't find template in cache for "test-view/test-view.ftl"("en", UTF-8, parsed); will try to load it.
13:18:13 DEBUG cache:45 - TemplateLoader.findTemplateSource("test-view/test-view_en.ftl"): Not found
13:18:13 DEBUG cache:45 - TemplateLoader.findTemplateSource("test-view/test-view.ftl"): Found
13:18:13 DEBUG cache:45 - Loading template for "test-view/test-view.ftl"("en", UTF-8, parsed) from "jar:file:/C:/Users/kunis/.m2/repository/com/aventstack/extentreports/3.1.3/extentreports-3.1.3.jar!/com/aventstack/extentreports/view/html-report/test-view/test-view.ftl"
13:18:13 DEBUG cache:45 - Couldn't find template in cache for "test-view/test-view-charts.ftl"("en", UTF-8, parsed); will try to load it.
13:18:13 DEBUG cache:45 - TemplateLoader.findTemplateSource("test-view/test-view-charts_en.ftl"): Not found
13:18:13 DEBUG cache:45 - TemplateLoader.findTemplateSource("test-view/test-view-charts.ftl"): Found
13:18:13 DEBUG cache:45 - Loading template for "test-view/test-view-charts.ftl"("en", UTF-8, parsed) from "jar:file:/C:/Users/kunis/.m2/repository/com/aventstack/extentreports/3.1.3/extentreports-3.1.3.jar!/com/aventstack/extentreports/view/html-report/test-view/test-view-charts.ftl"
13:18:13 DEBUG cache:45 - Couldn't find template in cache for "test-view/standard.ftl"("en", UTF-8, parsed); will try to load it.
13:18:13 DEBUG cache:45 - TemplateLoader.findTemplateSource("test-view/standard_en.ftl"): Not found
13:18:13 DEBUG cache:45 - TemplateLoader.findTemplateSource("test-view/standard.ftl"): Found
13:18:13 DEBUG cache:45 - Loading template for "test-view/standard.ftl"("en", UTF-8, parsed) from "jar:file:/C:/Users/kunis/.m2/repository/com/aventstack/extentreports/3.1.3/extentreports-3.1.3.jar!/com/aventstack/extentreports/view/html-report/test-view/standard.ftl"
13:18:13 DEBUG cache:45 - Couldn't find template in cache for "category-view/category-view.ftl"("en", UTF-8, parsed); will try to load it.
13:18:13 DEBUG cache:45 - TemplateLoader.findTemplateSource("category-view/category-view_en.ftl"): Not found
13:18:13 DEBUG cache:45 - TemplateLoader.findTemplateSource("category-view/category-view.ftl"): Found
13:18:13 DEBUG cache:45 - Loading template for "category-view/category-view.ftl"("en", UTF-8, parsed) from "jar:file:/C:/Users/kunis/.m2/repository/com/aventstack/extentreports/3.1.3/extentreports-3.1.3.jar!/com/aventstack/extentreports/view/html-report/category-view/category-view.ftl"
13:18:13 DEBUG cache:45 - Couldn't find template in cache for "author-view/author-view.ftl"("en", UTF-8, parsed); will try to load it.
13:18:13 DEBUG cache:45 - TemplateLoader.findTemplateSource("author-view/author-view_en.ftl"): Not found
13:18:13 DEBUG cache:45 - TemplateLoader.findTemplateSource("author-view/author-view.ftl"): Found
13:18:13 DEBUG cache:45 - Loading template for "author-view/author-view.ftl"("en", UTF-8, parsed) from "jar:file:/C:/Users/kunis/.m2/repository/com/aventstack/extentreports/3.1.3/extentreports-3.1.3.jar!/com/aventstack/extentreports/view/html-report/author-view/author-view.ftl"
13:18:13 DEBUG cache:45 - Couldn't find template in cache for "exception-view/exception-view.ftl"("en", UTF-8, parsed); will try to load it.
13:18:13 DEBUG cache:45 - TemplateLoader.findTemplateSource("exception-view/exception-view_en.ftl"): Not found
13:18:13 DEBUG cache:45 - TemplateLoader.findTemplateSource("exception-view/exception-view.ftl"): Found
13:18:13 DEBUG cache:45 - Loading template for "exception-view/exception-view.ftl"("en", UTF-8, parsed) from "jar:file:/C:/Users/kunis/.m2/repository/com/aventstack/extentreports/3.1.3/extentreports-3.1.3.jar!/com/aventstack/extentreports/view/html-report/exception-view/exception-view.ftl"
13:18:13 DEBUG cache:45 - Couldn't find template in cache for "dashboard-view/dashboard-view.ftl"("en", UTF-8, parsed); will try to load it.
13:18:13 DEBUG cache:45 - TemplateLoader.findTemplateSource("dashboard-view/dashboard-view_en.ftl"): Not found
13:18:13 DEBUG cache:45 - TemplateLoader.findTemplateSource("dashboard-view/dashboard-view.ftl"): Found
13:18:13 DEBUG cache:45 - Loading template for "dashboard-view/dashboard-view.ftl"("en", UTF-8, parsed) from "jar:file:/C:/Users/kunis/.m2/repository/com/aventstack/extentreports/3.1.3/extentreports-3.1.3.jar!/com/aventstack/extentreports/view/html-report/dashboard-view/dashboard-view.ftl"
13:18:13 DEBUG cache:45 - Couldn't find template in cache for "logs-view/testrunner-logs-view.ftl"("en", UTF-8, parsed); will try to load it.
13:18:13 DEBUG cache:45 - TemplateLoader.findTemplateSource("logs-view/testrunner-logs-view_en.ftl"): Not found
13:18:13 DEBUG cache:45 - TemplateLoader.findTemplateSource("logs-view/testrunner-logs-view.ftl"): Found
13:18:13 DEBUG cache:45 - Loading template for "logs-view/testrunner-logs-view.ftl"("en", UTF-8, parsed) from "jar:file:/C:/Users/kunis/.m2/repository/com/aventstack/extentreports/3.1.3/extentreports-3.1.3.jar!/com/aventstack/extentreports/view/html-report/logs-view/testrunner-logs-view.ftl"
13:19:19 INFO  BaseClass:44 - configuring reports
13:19:19 INFO  BaseClass:52 - browser type:  chrome
13:19:26 INFO  BaseClass:57 - https://staging.clubkitchen.at/ website launching
13:19:28 INFO  BaseClass:59 - Object repository instantiated
13:19:28 INFO  BaseClass:28 - testcase launchAndSelectMamacita initialized for reporting
13:19:28 FATAL BaseClass:66 - 
13:19:29 INFO  BaseClass:98 - wrapping up with driver and reporting
13:19:29 DEBUG cache:45 - Couldn't find template in cache for "index.ftl"("en", UTF-8, parsed); will try to load it.
13:19:29 DEBUG cache:45 - TemplateLoader.findTemplateSource("index_en.ftl"): Not found
13:19:29 DEBUG cache:45 - TemplateLoader.findTemplateSource("index.ftl"): Found
13:19:29 DEBUG cache:45 - Loading template for "index.ftl"("en", UTF-8, parsed) from "jar:file:/C:/Users/kunis/.m2/repository/com/aventstack/extentreports/3.1.3/extentreports-3.1.3.jar!/com/aventstack/extentreports/view/html-report/index.ftl"
13:19:29 DEBUG cache:45 - Couldn't find template in cache for "head.ftl"("en", UTF-8, parsed); will try to load it.
13:19:29 DEBUG cache:45 - TemplateLoader.findTemplateSource("head_en.ftl"): Not found
13:19:29 DEBUG cache:45 - TemplateLoader.findTemplateSource("head.ftl"): Found
13:19:29 DEBUG cache:45 - Loading template for "head.ftl"("en", UTF-8, parsed) from "jar:file:/C:/Users/kunis/.m2/repository/com/aventstack/extentreports/3.1.3/extentreports-3.1.3.jar!/com/aventstack/extentreports/view/html-report/head.ftl"
13:19:29 DEBUG cache:45 - Couldn't find template in cache for "nav.ftl"("en", UTF-8, parsed); will try to load it.
13:19:29 DEBUG cache:45 - TemplateLoader.findTemplateSource("nav_en.ftl"): Not found
13:19:29 DEBUG cache:45 - TemplateLoader.findTemplateSource("nav.ftl"): Found
13:19:29 DEBUG cache:45 - Loading template for "nav.ftl"("en", UTF-8, parsed) from "jar:file:/C:/Users/kunis/.m2/repository/com/aventstack/extentreports/3.1.3/extentreports-3.1.3.jar!/com/aventstack/extentreports/view/html-report/nav.ftl"
13:19:29 DEBUG cache:45 - Couldn't find template in cache for "test-view/test-view.ftl"("en", UTF-8, parsed); will try to load it.
13:19:29 DEBUG cache:45 - TemplateLoader.findTemplateSource("test-view/test-view_en.ftl"): Not found
13:19:29 DEBUG cache:45 - TemplateLoader.findTemplateSource("test-view/test-view.ftl"): Found
13:19:29 DEBUG cache:45 - Loading template for "test-view/test-view.ftl"("en", UTF-8, parsed) from "jar:file:/C:/Users/kunis/.m2/repository/com/aventstack/extentreports/3.1.3/extentreports-3.1.3.jar!/com/aventstack/extentreports/view/html-report/test-view/test-view.ftl"
13:19:29 DEBUG cache:45 - Couldn't find template in cache for "test-view/test-view-charts.ftl"("en", UTF-8, parsed); will try to load it.
13:19:29 DEBUG cache:45 - TemplateLoader.findTemplateSource("test-view/test-view-charts_en.ftl"): Not found
13:19:29 DEBUG cache:45 - TemplateLoader.findTemplateSource("test-view/test-view-charts.ftl"): Found
13:19:29 DEBUG cache:45 - Loading template for "test-view/test-view-charts.ftl"("en", UTF-8, parsed) from "jar:file:/C:/Users/kunis/.m2/repository/com/aventstack/extentreports/3.1.3/extentreports-3.1.3.jar!/com/aventstack/extentreports/view/html-report/test-view/test-view-charts.ftl"
13:19:29 DEBUG cache:45 - Couldn't find template in cache for "test-view/standard.ftl"("en", UTF-8, parsed); will try to load it.
13:19:29 DEBUG cache:45 - TemplateLoader.findTemplateSource("test-view/standard_en.ftl"): Not found
13:19:29 DEBUG cache:45 - TemplateLoader.findTemplateSource("test-view/standard.ftl"): Found
13:19:29 DEBUG cache:45 - Loading template for "test-view/standard.ftl"("en", UTF-8, parsed) from "jar:file:/C:/Users/kunis/.m2/repository/com/aventstack/extentreports/3.1.3/extentreports-3.1.3.jar!/com/aventstack/extentreports/view/html-report/test-view/standard.ftl"
13:19:29 DEBUG cache:45 - Couldn't find template in cache for "category-view/category-view.ftl"("en", UTF-8, parsed); will try to load it.
13:19:29 DEBUG cache:45 - TemplateLoader.findTemplateSource("category-view/category-view_en.ftl"): Not found
13:19:29 DEBUG cache:45 - TemplateLoader.findTemplateSource("category-view/category-view.ftl"): Found
13:19:29 DEBUG cache:45 - Loading template for "category-view/category-view.ftl"("en", UTF-8, parsed) from "jar:file:/C:/Users/kunis/.m2/repository/com/aventstack/extentreports/3.1.3/extentreports-3.1.3.jar!/com/aventstack/extentreports/view/html-report/category-view/category-view.ftl"
13:19:29 DEBUG cache:45 - Couldn't find template in cache for "author-view/author-view.ftl"("en", UTF-8, parsed); will try to load it.
13:19:29 DEBUG cache:45 - TemplateLoader.findTemplateSource("author-view/author-view_en.ftl"): Not found
13:19:29 DEBUG cache:45 - TemplateLoader.findTemplateSource("author-view/author-view.ftl"): Found
13:19:29 DEBUG cache:45 - Loading template for "author-view/author-view.ftl"("en", UTF-8, parsed) from "jar:file:/C:/Users/kunis/.m2/repository/com/aventstack/extentreports/3.1.3/extentreports-3.1.3.jar!/com/aventstack/extentreports/view/html-report/author-view/author-view.ftl"
13:19:29 DEBUG cache:45 - Couldn't find template in cache for "exception-view/exception-view.ftl"("en", UTF-8, parsed); will try to load it.
13:19:29 DEBUG cache:45 - TemplateLoader.findTemplateSource("exception-view/exception-view_en.ftl"): Not found
13:19:29 DEBUG cache:45 - TemplateLoader.findTemplateSource("exception-view/exception-view.ftl"): Found
13:19:29 DEBUG cache:45 - Loading template for "exception-view/exception-view.ftl"("en", UTF-8, parsed) from "jar:file:/C:/Users/kunis/.m2/repository/com/aventstack/extentreports/3.1.3/extentreports-3.1.3.jar!/com/aventstack/extentreports/view/html-report/exception-view/exception-view.ftl"
13:19:29 DEBUG cache:45 - Couldn't find template in cache for "dashboard-view/dashboard-view.ftl"("en", UTF-8, parsed); will try to load it.
13:19:29 DEBUG cache:45 - TemplateLoader.findTemplateSource("dashboard-view/dashboard-view_en.ftl"): Not found
13:19:29 DEBUG cache:45 - TemplateLoader.findTemplateSource("dashboard-view/dashboard-view.ftl"): Found
13:19:29 DEBUG cache:45 - Loading template for "dashboard-view/dashboard-view.ftl"("en", UTF-8, parsed) from "jar:file:/C:/Users/kunis/.m2/repository/com/aventstack/extentreports/3.1.3/extentreports-3.1.3.jar!/com/aventstack/extentreports/view/html-report/dashboard-view/dashboard-view.ftl"
13:19:29 DEBUG cache:45 - Couldn't find template in cache for "logs-view/testrunner-logs-view.ftl"("en", UTF-8, parsed); will try to load it.
13:19:29 DEBUG cache:45 - TemplateLoader.findTemplateSource("logs-view/testrunner-logs-view_en.ftl"): Not found
13:19:29 DEBUG cache:45 - TemplateLoader.findTemplateSource("logs-view/testrunner-logs-view.ftl"): Found
13:19:29 DEBUG cache:45 - Loading template for "logs-view/testrunner-logs-view.ftl"("en", UTF-8, parsed) from "jar:file:/C:/Users/kunis/.m2/repository/com/aventstack/extentreports/3.1.3/extentreports-3.1.3.jar!/com/aventstack/extentreports/view/html-report/logs-view/testrunner-logs-view.ftl"
13:25:52 INFO  BaseClass:44 - configuring reports
13:25:52 INFO  BaseClass:52 - browser type:  chrome
13:25:59 INFO  BaseClass:57 - https://staging.clubkitchen.at/ website launching
13:26:03 INFO  BaseClass:60 - Object repository instantiated
13:26:03 INFO  BaseClass:28 - testcase launchAndSelectMamacita initialized for reporting
13:26:03 INFO  ActionHelper:203 - waiting for element---->[[ChromeDriver: chrome on WINDOWS (3e9dbae4b14e9c74bc400608df44ddb8)] -> css selector: img[alt='Clubkitchen - zur Startseite wechseln']]
13:26:03 INFO  ActionHelper:207 - element found--->[[ChromeDriver: chrome on WINDOWS (3e9dbae4b14e9c74bc400608df44ddb8)] -> css selector: img[alt='Clubkitchen - zur Startseite wechseln']]
13:26:04 INFO  ActionHelper:186 - element found -->[[ChromeDriver: chrome on WINDOWS (3e9dbae4b14e9c74bc400608df44ddb8)] -> css selector: img[alt='Clubkitchen - zur Startseite wechseln']]
13:26:04 INFO  BaseClass:77 - launchAndSelectMamacita TEST PASSED
13:26:05 INFO  BaseClass:99 - wrapping up with driver and reporting
13:26:06 DEBUG cache:45 - Couldn't find template in cache for "index.ftl"("en", UTF-8, parsed); will try to load it.
13:26:06 DEBUG cache:45 - TemplateLoader.findTemplateSource("index_en.ftl"): Not found
13:26:06 DEBUG cache:45 - TemplateLoader.findTemplateSource("index.ftl"): Found
13:26:06 DEBUG cache:45 - Loading template for "index.ftl"("en", UTF-8, parsed) from "jar:file:/C:/Users/kunis/.m2/repository/com/aventstack/extentreports/3.1.3/extentreports-3.1.3.jar!/com/aventstack/extentreports/view/html-report/index.ftl"
13:26:06 DEBUG cache:45 - Couldn't find template in cache for "head.ftl"("en", UTF-8, parsed); will try to load it.
13:26:06 DEBUG cache:45 - TemplateLoader.findTemplateSource("head_en.ftl"): Not found
13:26:06 DEBUG cache:45 - TemplateLoader.findTemplateSource("head.ftl"): Found
13:26:06 DEBUG cache:45 - Loading template for "head.ftl"("en", UTF-8, parsed) from "jar:file:/C:/Users/kunis/.m2/repository/com/aventstack/extentreports/3.1.3/extentreports-3.1.3.jar!/com/aventstack/extentreports/view/html-report/head.ftl"
13:26:06 DEBUG cache:45 - Couldn't find template in cache for "nav.ftl"("en", UTF-8, parsed); will try to load it.
13:26:06 DEBUG cache:45 - TemplateLoader.findTemplateSource("nav_en.ftl"): Not found
13:26:06 DEBUG cache:45 - TemplateLoader.findTemplateSource("nav.ftl"): Found
13:26:06 DEBUG cache:45 - Loading template for "nav.ftl"("en", UTF-8, parsed) from "jar:file:/C:/Users/kunis/.m2/repository/com/aventstack/extentreports/3.1.3/extentreports-3.1.3.jar!/com/aventstack/extentreports/view/html-report/nav.ftl"
13:26:06 DEBUG cache:45 - Couldn't find template in cache for "test-view/test-view.ftl"("en", UTF-8, parsed); will try to load it.
13:26:06 DEBUG cache:45 - TemplateLoader.findTemplateSource("test-view/test-view_en.ftl"): Not found
13:26:06 DEBUG cache:45 - TemplateLoader.findTemplateSource("test-view/test-view.ftl"): Found
13:26:06 DEBUG cache:45 - Loading template for "test-view/test-view.ftl"("en", UTF-8, parsed) from "jar:file:/C:/Users/kunis/.m2/repository/com/aventstack/extentreports/3.1.3/extentreports-3.1.3.jar!/com/aventstack/extentreports/view/html-report/test-view/test-view.ftl"
13:26:06 DEBUG cache:45 - Couldn't find template in cache for "test-view/test-view-charts.ftl"("en", UTF-8, parsed); will try to load it.
13:26:06 DEBUG cache:45 - TemplateLoader.findTemplateSource("test-view/test-view-charts_en.ftl"): Not found
13:26:06 DEBUG cache:45 - TemplateLoader.findTemplateSource("test-view/test-view-charts.ftl"): Found
13:26:06 DEBUG cache:45 - Loading template for "test-view/test-view-charts.ftl"("en", UTF-8, parsed) from "jar:file:/C:/Users/kunis/.m2/repository/com/aventstack/extentreports/3.1.3/extentreports-3.1.3.jar!/com/aventstack/extentreports/view/html-report/test-view/test-view-charts.ftl"
13:26:06 DEBUG cache:45 - Couldn't find template in cache for "test-view/standard.ftl"("en", UTF-8, parsed); will try to load it.
13:26:06 DEBUG cache:45 - TemplateLoader.findTemplateSource("test-view/standard_en.ftl"): Not found
13:26:06 DEBUG cache:45 - TemplateLoader.findTemplateSource("test-view/standard.ftl"): Found
13:26:06 DEBUG cache:45 - Loading template for "test-view/standard.ftl"("en", UTF-8, parsed) from "jar:file:/C:/Users/kunis/.m2/repository/com/aventstack/extentreports/3.1.3/extentreports-3.1.3.jar!/com/aventstack/extentreports/view/html-report/test-view/standard.ftl"
13:26:06 DEBUG cache:45 - Couldn't find template in cache for "category-view/category-view.ftl"("en", UTF-8, parsed); will try to load it.
13:26:06 DEBUG cache:45 - TemplateLoader.findTemplateSource("category-view/category-view_en.ftl"): Not found
13:26:06 DEBUG cache:45 - TemplateLoader.findTemplateSource("category-view/category-view.ftl"): Found
13:26:06 DEBUG cache:45 - Loading template for "category-view/category-view.ftl"("en", UTF-8, parsed) from "jar:file:/C:/Users/kunis/.m2/repository/com/aventstack/extentreports/3.1.3/extentreports-3.1.3.jar!/com/aventstack/extentreports/view/html-report/category-view/category-view.ftl"
13:26:06 DEBUG cache:45 - Couldn't find template in cache for "author-view/author-view.ftl"("en", UTF-8, parsed); will try to load it.
13:26:06 DEBUG cache:45 - TemplateLoader.findTemplateSource("author-view/author-view_en.ftl"): Not found
13:26:06 DEBUG cache:45 - TemplateLoader.findTemplateSource("author-view/author-view.ftl"): Found
13:26:06 DEBUG cache:45 - Loading template for "author-view/author-view.ftl"("en", UTF-8, parsed) from "jar:file:/C:/Users/kunis/.m2/repository/com/aventstack/extentreports/3.1.3/extentreports-3.1.3.jar!/com/aventstack/extentreports/view/html-report/author-view/author-view.ftl"
13:26:06 DEBUG cache:45 - Couldn't find template in cache for "exception-view/exception-view.ftl"("en", UTF-8, parsed); will try to load it.
13:26:06 DEBUG cache:45 - TemplateLoader.findTemplateSource("exception-view/exception-view_en.ftl"): Not found
13:26:06 DEBUG cache:45 - TemplateLoader.findTemplateSource("exception-view/exception-view.ftl"): Found
13:26:06 DEBUG cache:45 - Loading template for "exception-view/exception-view.ftl"("en", UTF-8, parsed) from "jar:file:/C:/Users/kunis/.m2/repository/com/aventstack/extentreports/3.1.3/extentreports-3.1.3.jar!/com/aventstack/extentreports/view/html-report/exception-view/exception-view.ftl"
13:26:06 DEBUG cache:45 - Couldn't find template in cache for "dashboard-view/dashboard-view.ftl"("en", UTF-8, parsed); will try to load it.
13:26:06 DEBUG cache:45 - TemplateLoader.findTemplateSource("dashboard-view/dashboard-view_en.ftl"): Not found
13:26:06 DEBUG cache:45 - TemplateLoader.findTemplateSource("dashboard-view/dashboard-view.ftl"): Found
13:26:06 DEBUG cache:45 - Loading template for "dashboard-view/dashboard-view.ftl"("en", UTF-8, parsed) from "jar:file:/C:/Users/kunis/.m2/repository/com/aventstack/extentreports/3.1.3/extentreports-3.1.3.jar!/com/aventstack/extentreports/view/html-report/dashboard-view/dashboard-view.ftl"
13:26:06 DEBUG cache:45 - Couldn't find template in cache for "logs-view/testrunner-logs-view.ftl"("en", UTF-8, parsed); will try to load it.
13:26:06 DEBUG cache:45 - TemplateLoader.findTemplateSource("logs-view/testrunner-logs-view_en.ftl"): Not found
13:26:06 DEBUG cache:45 - TemplateLoader.findTemplateSource("logs-view/testrunner-logs-view.ftl"): Found
13:26:06 DEBUG cache:45 - Loading template for "logs-view/testrunner-logs-view.ftl"("en", UTF-8, parsed) from "jar:file:/C:/Users/kunis/.m2/repository/com/aventstack/extentreports/3.1.3/extentreports-3.1.3.jar!/com/aventstack/extentreports/view/html-report/logs-view/testrunner-logs-view.ftl"
13:38:41 INFO  BaseClass:44 - configuring reports
13:38:41 INFO  BaseClass:52 - browser type:  chrome
13:38:48 INFO  BaseClass:57 - https://staging.clubkitchen.at/ website launching
13:38:51 INFO  BaseClass:60 - Object repository instantiated
13:38:51 INFO  BaseClass:28 - testcase launchAndSelectMamacita initialized for reporting
13:38:51 INFO  ActionHelper:203 - waiting for element---->[[ChromeDriver: chrome on WINDOWS (ca96ab0b8ab83df4216f5941e9dd3695)] -> css selector: img[alt='Clubkitchen - zur Startseite wechseln']]
13:38:51 INFO  ActionHelper:207 - element found--->[[ChromeDriver: chrome on WINDOWS (ca96ab0b8ab83df4216f5941e9dd3695)] -> css selector: img[alt='Clubkitchen - zur Startseite wechseln']]
13:38:52 INFO  ActionHelper:186 - element found -->[[ChromeDriver: chrome on WINDOWS (ca96ab0b8ab83df4216f5941e9dd3695)] -> css selector: img[alt='Clubkitchen - zur Startseite wechseln']]
13:38:52 INFO  ActionHelper:91 - clicking on element----->[[ChromeDriver: chrome on WINDOWS (ca96ab0b8ab83df4216f5941e9dd3695)] -> css selector: div > a[href*='mamacita']]
13:38:53 INFO  ActionHelper:94 - org.openqa.selenium.ElementClickInterceptedException: element click intercepted: Element <a...href="/speisekarte/mamacita/wallenstein/" class="banner--link" rel="nofollow noopener"> </a> is not clickable at point (806, 563). Other element would receive the click: <a href="/datenschutzerklaerung">...</a>
  (Session info: chrome=83.0.4103.61)
Build info: version: '3.141.59', revision: 'e82be7d358', time: '2018-11-14T08:17:03'
System info: host: 'DESKTOP-EHA9HVK', ip: '192.168.200.2', os.name: 'Windows 10', os.arch: 'amd64', os.version: '10.0', java.version: '1.8.0_212'
Driver info: org.openqa.selenium.chrome.ChromeDriver
Capabilities {acceptInsecureCerts: false, browserName: chrome, browserVersion: 83.0.4103.61, chrome: {chromedriverVersion: 83.0.4103.39 (ccbf011cb2d2b..., userDataDir: C:\Users\kunis\AppData\Loca...}, goog:chromeOptions: {debuggerAddress: localhost:54964}, javascriptEnabled: true, networkConnectionEnabled: false, pageLoadStrategy: normal, platform: WINDOWS, platformName: WINDOWS, proxy: Proxy(), setWindowRect: true, strictFileInteractability: false, timeouts: {implicit: 0, pageLoad: 300000, script: 30000}, unhandledPromptBehavior: dismiss and notify, webauthn:virtualAuthenticators: true}
Session ID: ca96ab0b8ab83df4216f5941e9dd3695
	at sun.reflect.NativeConstructorAccessorImpl.newInstance0(Native Method)
	at sun.reflect.NativeConstructorAccessorImpl.newInstance(Unknown Source)
	at sun.reflect.DelegatingConstructorAccessorImpl.newInstance(Unknown Source)
	at java.lang.reflect.Constructor.newInstance(Unknown Source)
	at org.openqa.selenium.remote.http.W3CHttpResponseCodec.createException(W3CHttpResponseCodec.java:187)
	at org.openqa.selenium.remote.http.W3CHttpResponseCodec.decode(W3CHttpResponseCodec.java:122)
	at org.openqa.selenium.remote.http.W3CHttpResponseCodec.decode(W3CHttpResponseCodec.java:49)
	at org.openqa.selenium.remote.HttpCommandExecutor.execute(HttpCommandExecutor.java:158)
	at org.openqa.selenium.remote.service.DriverCommandExecutor.execute(DriverCommandExecutor.java:83)
	at org.openqa.selenium.remote.RemoteWebDriver.execute(RemoteWebDriver.java:552)
	at org.openqa.selenium.remote.RemoteWebElement.execute(RemoteWebElement.java:285)
	at org.openqa.selenium.remote.RemoteWebElement.click(RemoteWebElement.java:84)
	at sun.reflect.NativeMethodAccessorImpl.invoke0(Native Method)
	at sun.reflect.NativeMethodAccessorImpl.invoke(Unknown Source)
	at sun.reflect.DelegatingMethodAccessorImpl.invoke(Unknown Source)
	at java.lang.reflect.Method.invoke(Unknown Source)
	at org.openqa.selenium.support.pagefactory.internal.LocatingElementHandler.invoke(LocatingElementHandler.java:51)
	at com.sun.proxy.$Proxy11.click(Unknown Source)
	at generallibraries.ActionHelper.clickOnElement(ActionHelper.java:92)
	at steps.CloudKitchenHomeSteps.verifytitle(CloudKitchenHomeSteps.java:20)
	at functionaltests.AddToCart.launchAndSelectMamacita(AddToCart.java:13)
	at sun.reflect.NativeMethodAccessorImpl.invoke0(Native Method)
	at sun.reflect.NativeMethodAccessorImpl.invoke(Unknown Source)
	at sun.reflect.DelegatingMethodAccessorImpl.invoke(Unknown Source)
	at java.lang.reflect.Method.invoke(Unknown Source)
	at org.testng.internal.MethodInvocationHelper.invokeMethod(MethodInvocationHelper.java:124)
	at org.testng.internal.Invoker.invokeMethod(Invoker.java:583)
	at org.testng.internal.Invoker.invokeTestMethod(Invoker.java:719)
	at org.testng.internal.Invoker.invokeTestMethods(Invoker.java:989)
	at org.testng.internal.TestMethodWorker.invokeTestMethods(TestMethodWorker.java:125)
	at org.testng.internal.TestMethodWorker.run(TestMethodWorker.java:109)
	at org.testng.TestRunner.privateRun(TestRunner.java:648)
	at org.testng.TestRunner.run(TestRunner.java:505)
	at org.testng.SuiteRunner.runTest(SuiteRunner.java:455)
	at org.testng.SuiteRunner.runSequentially(SuiteRunner.java:450)
	at org.testng.SuiteRunner.privateRun(SuiteRunner.java:415)
	at org.testng.SuiteRunner.run(SuiteRunner.java:364)
	at org.testng.SuiteRunnerWorker.runSuite(SuiteRunnerWorker.java:52)
	at org.testng.SuiteRunnerWorker.run(SuiteRunnerWorker.java:84)
	at org.testng.TestNG.runSuitesSequentially(TestNG.java:1208)
	at org.testng.TestNG.runSuitesLocally(TestNG.java:1137)
	at org.testng.TestNG.runSuites(TestNG.java:1049)
	at org.testng.TestNG.run(TestNG.java:1017)
	at org.testng.remote.AbstractRemoteTestNG.run(AbstractRemoteTestNG.java:114)
	at org.testng.remote.RemoteTestNG.initAndRun(RemoteTestNG.java:251)
	at org.testng.remote.RemoteTestNG.main(RemoteTestNG.java:77)

13:38:54 FATAL BaseClass:67 - element click intercepted: Element <a...href="/speisekarte/mamacita/wallenstein/" class="banner--link" rel="nofollow noopener"> </a> is not clickable at point (806, 563). Other element would receive the click: <a href="/datenschutzerklaerung">...</a>
  (Session info: chrome=83.0.4103.61)
Build info: version: '3.141.59', revision: 'e82be7d358', time: '2018-11-14T08:17:03'
System info: host: 'DESKTOP-EHA9HVK', ip: '192.168.200.2', os.name: 'Windows 10', os.arch: 'amd64', os.version: '10.0', java.version: '1.8.0_212'
Driver info: org.openqa.selenium.chrome.ChromeDriver
Capabilities {acceptInsecureCerts: false, browserName: chrome, browserVersion: 83.0.4103.61, chrome: {chromedriverVersion: 83.0.4103.39 (ccbf011cb2d2b..., userDataDir: C:\Users\kunis\AppData\Loca...}, goog:chromeOptions: {debuggerAddress: localhost:54964}, javascriptEnabled: true, networkConnectionEnabled: false, pageLoadStrategy: normal, platform: WINDOWS, platformName: WINDOWS, proxy: Proxy(), setWindowRect: true, strictFileInteractability: false, timeouts: {implicit: 0, pageLoad: 300000, script: 30000}, unhandledPromptBehavior: dismiss and notify, webauthn:virtualAuthenticators: true}
Session ID: ca96ab0b8ab83df4216f5941e9dd3695
13:38:54 INFO  BaseClass:99 - wrapping up with driver and reporting
13:38:54 DEBUG cache:45 - Couldn't find template in cache for "index.ftl"("en", UTF-8, parsed); will try to load it.
13:38:54 DEBUG cache:45 - TemplateLoader.findTemplateSource("index_en.ftl"): Not found
13:38:54 DEBUG cache:45 - TemplateLoader.findTemplateSource("index.ftl"): Found
13:38:54 DEBUG cache:45 - Loading template for "index.ftl"("en", UTF-8, parsed) from "jar:file:/C:/Users/kunis/.m2/repository/com/aventstack/extentreports/3.1.3/extentreports-3.1.3.jar!/com/aventstack/extentreports/view/html-report/index.ftl"
13:38:55 DEBUG cache:45 - Couldn't find template in cache for "head.ftl"("en", UTF-8, parsed); will try to load it.
13:38:55 DEBUG cache:45 - TemplateLoader.findTemplateSource("head_en.ftl"): Not found
13:38:55 DEBUG cache:45 - TemplateLoader.findTemplateSource("head.ftl"): Found
13:38:55 DEBUG cache:45 - Loading template for "head.ftl"("en", UTF-8, parsed) from "jar:file:/C:/Users/kunis/.m2/repository/com/aventstack/extentreports/3.1.3/extentreports-3.1.3.jar!/com/aventstack/extentreports/view/html-report/head.ftl"
13:38:55 DEBUG cache:45 - Couldn't find template in cache for "nav.ftl"("en", UTF-8, parsed); will try to load it.
13:38:55 DEBUG cache:45 - TemplateLoader.findTemplateSource("nav_en.ftl"): Not found
13:38:55 DEBUG cache:45 - TemplateLoader.findTemplateSource("nav.ftl"): Found
13:38:55 DEBUG cache:45 - Loading template for "nav.ftl"("en", UTF-8, parsed) from "jar:file:/C:/Users/kunis/.m2/repository/com/aventstack/extentreports/3.1.3/extentreports-3.1.3.jar!/com/aventstack/extentreports/view/html-report/nav.ftl"
13:38:55 DEBUG cache:45 - Couldn't find template in cache for "test-view/test-view.ftl"("en", UTF-8, parsed); will try to load it.
13:38:55 DEBUG cache:45 - TemplateLoader.findTemplateSource("test-view/test-view_en.ftl"): Not found
13:38:55 DEBUG cache:45 - TemplateLoader.findTemplateSource("test-view/test-view.ftl"): Found
13:38:55 DEBUG cache:45 - Loading template for "test-view/test-view.ftl"("en", UTF-8, parsed) from "jar:file:/C:/Users/kunis/.m2/repository/com/aventstack/extentreports/3.1.3/extentreports-3.1.3.jar!/com/aventstack/extentreports/view/html-report/test-view/test-view.ftl"
13:38:55 DEBUG cache:45 - Couldn't find template in cache for "test-view/test-view-charts.ftl"("en", UTF-8, parsed); will try to load it.
13:38:55 DEBUG cache:45 - TemplateLoader.findTemplateSource("test-view/test-view-charts_en.ftl"): Not found
13:38:55 DEBUG cache:45 - TemplateLoader.findTemplateSource("test-view/test-view-charts.ftl"): Found
13:38:55 DEBUG cache:45 - Loading template for "test-view/test-view-charts.ftl"("en", UTF-8, parsed) from "jar:file:/C:/Users/kunis/.m2/repository/com/aventstack/extentreports/3.1.3/extentreports-3.1.3.jar!/com/aventstack/extentreports/view/html-report/test-view/test-view-charts.ftl"
13:38:55 DEBUG cache:45 - Couldn't find template in cache for "test-view/standard.ftl"("en", UTF-8, parsed); will try to load it.
13:38:55 DEBUG cache:45 - TemplateLoader.findTemplateSource("test-view/standard_en.ftl"): Not found
13:38:55 DEBUG cache:45 - TemplateLoader.findTemplateSource("test-view/standard.ftl"): Found
13:38:55 DEBUG cache:45 - Loading template for "test-view/standard.ftl"("en", UTF-8, parsed) from "jar:file:/C:/Users/kunis/.m2/repository/com/aventstack/extentreports/3.1.3/extentreports-3.1.3.jar!/com/aventstack/extentreports/view/html-report/test-view/standard.ftl"
13:38:55 DEBUG cache:45 - Couldn't find template in cache for "category-view/category-view.ftl"("en", UTF-8, parsed); will try to load it.
13:38:55 DEBUG cache:45 - TemplateLoader.findTemplateSource("category-view/category-view_en.ftl"): Not found
13:38:55 DEBUG cache:45 - TemplateLoader.findTemplateSource("category-view/category-view.ftl"): Found
13:38:55 DEBUG cache:45 - Loading template for "category-view/category-view.ftl"("en", UTF-8, parsed) from "jar:file:/C:/Users/kunis/.m2/repository/com/aventstack/extentreports/3.1.3/extentreports-3.1.3.jar!/com/aventstack/extentreports/view/html-report/category-view/category-view.ftl"
13:38:55 DEBUG cache:45 - Couldn't find template in cache for "author-view/author-view.ftl"("en", UTF-8, parsed); will try to load it.
13:38:55 DEBUG cache:45 - TemplateLoader.findTemplateSource("author-view/author-view_en.ftl"): Not found
13:38:55 DEBUG cache:45 - TemplateLoader.findTemplateSource("author-view/author-view.ftl"): Found
13:38:55 DEBUG cache:45 - Loading template for "author-view/author-view.ftl"("en", UTF-8, parsed) from "jar:file:/C:/Users/kunis/.m2/repository/com/aventstack/extentreports/3.1.3/extentreports-3.1.3.jar!/com/aventstack/extentreports/view/html-report/author-view/author-view.ftl"
13:38:55 DEBUG cache:45 - Couldn't find template in cache for "exception-view/exception-view.ftl"("en", UTF-8, parsed); will try to load it.
13:38:55 DEBUG cache:45 - TemplateLoader.findTemplateSource("exception-view/exception-view_en.ftl"): Not found
13:38:55 DEBUG cache:45 - TemplateLoader.findTemplateSource("exception-view/exception-view.ftl"): Found
13:38:55 DEBUG cache:45 - Loading template for "exception-view/exception-view.ftl"("en", UTF-8, parsed) from "jar:file:/C:/Users/kunis/.m2/repository/com/aventstack/extentreports/3.1.3/extentreports-3.1.3.jar!/com/aventstack/extentreports/view/html-report/exception-view/exception-view.ftl"
13:38:55 DEBUG cache:45 - Couldn't find template in cache for "dashboard-view/dashboard-view.ftl"("en", UTF-8, parsed); will try to load it.
13:38:55 DEBUG cache:45 - TemplateLoader.findTemplateSource("dashboard-view/dashboard-view_en.ftl"): Not found
13:38:55 DEBUG cache:45 - TemplateLoader.findTemplateSource("dashboard-view/dashboard-view.ftl"): Found
13:38:55 DEBUG cache:45 - Loading template for "dashboard-view/dashboard-view.ftl"("en", UTF-8, parsed) from "jar:file:/C:/Users/kunis/.m2/repository/com/aventstack/extentreports/3.1.3/extentreports-3.1.3.jar!/com/aventstack/extentreports/view/html-report/dashboard-view/dashboard-view.ftl"
13:38:55 DEBUG cache:45 - Couldn't find template in cache for "logs-view/testrunner-logs-view.ftl"("en", UTF-8, parsed); will try to load it.
13:38:55 DEBUG cache:45 - TemplateLoader.findTemplateSource("logs-view/testrunner-logs-view_en.ftl"): Not found
13:38:55 DEBUG cache:45 - TemplateLoader.findTemplateSource("logs-view/testrunner-logs-view.ftl"): Found
13:38:55 DEBUG cache:45 - Loading template for "logs-view/testrunner-logs-view.ftl"("en", UTF-8, parsed) from "jar:file:/C:/Users/kunis/.m2/repository/com/aventstack/extentreports/3.1.3/extentreports-3.1.3.jar!/com/aventstack/extentreports/view/html-report/logs-view/testrunner-logs-view.ftl"
13:43:23 INFO  BaseClass:44 - configuring reports
13:43:23 INFO  BaseClass:52 - browser type:  chrome
13:43:30 INFO  BaseClass:57 - https://staging.clubkitchen.at/ website launching
13:43:45 INFO  BaseClass:60 - Object repository instantiated
13:43:45 INFO  BaseClass:28 - testcase launchAndSelectMamacita initialized for reporting
13:43:45 INFO  ActionHelper:173 - waiting for element---->[[ChromeDriver: chrome on WINDOWS (be43e602b91490ccbd06e652ce332cb2)] -> css selector: img[alt='Clubkitchen - zur Startseite wechseln']]
13:43:45 INFO  ActionHelper:177 - element found--->[[ChromeDriver: chrome on WINDOWS (be43e602b91490ccbd06e652ce332cb2)] -> css selector: img[alt='Clubkitchen - zur Startseite wechseln']]
13:43:46 INFO  ActionHelper:156 - element found -->[[ChromeDriver: chrome on WINDOWS (be43e602b91490ccbd06e652ce332cb2)] -> css selector: img[alt='Clubkitchen - zur Startseite wechseln']]
13:43:47 INFO  ActionHelper:61 - clicking on element----->[[ChromeDriver: chrome on WINDOWS (be43e602b91490ccbd06e652ce332cb2)] -> xpath: /html/body/div/section/div/div/div/div/div[2]/section/div[4]/div/div/a]
13:43:49 INFO  ActionHelper:64 - org.openqa.selenium.ElementClickInterceptedException: element click intercepted: Element <a...href="/speisekarte/mamacita/wallenstein/" class="banner--link" rel="nofollow noopener"> </a> is not clickable at point (806, 563). Other element would receive the click: <a href="/datenschutzerklaerung">...</a>
  (Session info: chrome=83.0.4103.61)
Build info: version: '3.141.59', revision: 'e82be7d358', time: '2018-11-14T08:17:03'
System info: host: 'DESKTOP-EHA9HVK', ip: '192.168.200.2', os.name: 'Windows 10', os.arch: 'amd64', os.version: '10.0', java.version: '1.8.0_212'
Driver info: org.openqa.selenium.chrome.ChromeDriver
Capabilities {acceptInsecureCerts: false, browserName: chrome, browserVersion: 83.0.4103.61, chrome: {chromedriverVersion: 83.0.4103.39 (ccbf011cb2d2b..., userDataDir: C:\Users\kunis\AppData\Loca...}, goog:chromeOptions: {debuggerAddress: localhost:55171}, javascriptEnabled: true, networkConnectionEnabled: false, pageLoadStrategy: normal, platform: WINDOWS, platformName: WINDOWS, proxy: Proxy(), setWindowRect: true, strictFileInteractability: false, timeouts: {implicit: 0, pageLoad: 300000, script: 30000}, unhandledPromptBehavior: dismiss and notify, webauthn:virtualAuthenticators: true}
Session ID: be43e602b91490ccbd06e652ce332cb2
	at sun.reflect.NativeConstructorAccessorImpl.newInstance0(Native Method)
	at sun.reflect.NativeConstructorAccessorImpl.newInstance(Unknown Source)
	at sun.reflect.DelegatingConstructorAccessorImpl.newInstance(Unknown Source)
	at java.lang.reflect.Constructor.newInstance(Unknown Source)
	at org.openqa.selenium.remote.http.W3CHttpResponseCodec.createException(W3CHttpResponseCodec.java:187)
	at org.openqa.selenium.remote.http.W3CHttpResponseCodec.decode(W3CHttpResponseCodec.java:122)
	at org.openqa.selenium.remote.http.W3CHttpResponseCodec.decode(W3CHttpResponseCodec.java:49)
	at org.openqa.selenium.remote.HttpCommandExecutor.execute(HttpCommandExecutor.java:158)
	at org.openqa.selenium.remote.service.DriverCommandExecutor.execute(DriverCommandExecutor.java:83)
	at org.openqa.selenium.remote.RemoteWebDriver.execute(RemoteWebDriver.java:552)
	at org.openqa.selenium.remote.RemoteWebElement.execute(RemoteWebElement.java:285)
	at org.openqa.selenium.remote.RemoteWebElement.click(RemoteWebElement.java:84)
	at sun.reflect.NativeMethodAccessorImpl.invoke0(Native Method)
	at sun.reflect.NativeMethodAccessorImpl.invoke(Unknown Source)
	at sun.reflect.DelegatingMethodAccessorImpl.invoke(Unknown Source)
	at java.lang.reflect.Method.invoke(Unknown Source)
	at org.openqa.selenium.support.pagefactory.internal.LocatingElementHandler.invoke(LocatingElementHandler.java:51)
	at com.sun.proxy.$Proxy11.click(Unknown Source)
	at generallibraries.ActionHelper.clickOnElement(ActionHelper.java:62)
	at steps.CloudKitchenHomeSteps.verifytitle(CloudKitchenHomeSteps.java:20)
	at functionaltests.AddToCart.launchAndSelectMamacita(AddToCart.java:13)
	at sun.reflect.NativeMethodAccessorImpl.invoke0(Native Method)
	at sun.reflect.NativeMethodAccessorImpl.invoke(Unknown Source)
	at sun.reflect.DelegatingMethodAccessorImpl.invoke(Unknown Source)
	at java.lang.reflect.Method.invoke(Unknown Source)
	at org.testng.internal.MethodInvocationHelper.invokeMethod(MethodInvocationHelper.java:124)
	at org.testng.internal.Invoker.invokeMethod(Invoker.java:583)
	at org.testng.internal.Invoker.invokeTestMethod(Invoker.java:719)
	at org.testng.internal.Invoker.invokeTestMethods(Invoker.java:989)
	at org.testng.internal.TestMethodWorker.invokeTestMethods(TestMethodWorker.java:125)
	at org.testng.internal.TestMethodWorker.run(TestMethodWorker.java:109)
	at org.testng.TestRunner.privateRun(TestRunner.java:648)
	at org.testng.TestRunner.run(TestRunner.java:505)
	at org.testng.SuiteRunner.runTest(SuiteRunner.java:455)
	at org.testng.SuiteRunner.runSequentially(SuiteRunner.java:450)
	at org.testng.SuiteRunner.privateRun(SuiteRunner.java:415)
	at org.testng.SuiteRunner.run(SuiteRunner.java:364)
	at org.testng.SuiteRunnerWorker.runSuite(SuiteRunnerWorker.java:52)
	at org.testng.SuiteRunnerWorker.run(SuiteRunnerWorker.java:84)
	at org.testng.TestNG.runSuitesSequentially(TestNG.java:1208)
	at org.testng.TestNG.runSuitesLocally(TestNG.java:1137)
	at org.testng.TestNG.runSuites(TestNG.java:1049)
	at org.testng.TestNG.run(TestNG.java:1017)
	at org.testng.remote.AbstractRemoteTestNG.run(AbstractRemoteTestNG.java:114)
	at org.testng.remote.RemoteTestNG.initAndRun(RemoteTestNG.java:251)
	at org.testng.remote.RemoteTestNG.main(RemoteTestNG.java:77)

13:43:49 FATAL BaseClass:67 - element click intercepted: Element <a...href="/speisekarte/mamacita/wallenstein/" class="banner--link" rel="nofollow noopener"> </a> is not clickable at point (806, 563). Other element would receive the click: <a href="/datenschutzerklaerung">...</a>
  (Session info: chrome=83.0.4103.61)
Build info: version: '3.141.59', revision: 'e82be7d358', time: '2018-11-14T08:17:03'
System info: host: 'DESKTOP-EHA9HVK', ip: '192.168.200.2', os.name: 'Windows 10', os.arch: 'amd64', os.version: '10.0', java.version: '1.8.0_212'
Driver info: org.openqa.selenium.chrome.ChromeDriver
Capabilities {acceptInsecureCerts: false, browserName: chrome, browserVersion: 83.0.4103.61, chrome: {chromedriverVersion: 83.0.4103.39 (ccbf011cb2d2b..., userDataDir: C:\Users\kunis\AppData\Loca...}, goog:chromeOptions: {debuggerAddress: localhost:55171}, javascriptEnabled: true, networkConnectionEnabled: false, pageLoadStrategy: normal, platform: WINDOWS, platformName: WINDOWS, proxy: Proxy(), setWindowRect: true, strictFileInteractability: false, timeouts: {implicit: 0, pageLoad: 300000, script: 30000}, unhandledPromptBehavior: dismiss and notify, webauthn:virtualAuthenticators: true}
Session ID: be43e602b91490ccbd06e652ce332cb2
13:43:51 INFO  BaseClass:99 - wrapping up with driver and reporting
13:43:51 DEBUG cache:45 - Couldn't find template in cache for "index.ftl"("en", UTF-8, parsed); will try to load it.
13:43:51 DEBUG cache:45 - TemplateLoader.findTemplateSource("index_en.ftl"): Not found
13:43:51 DEBUG cache:45 - TemplateLoader.findTemplateSource("index.ftl"): Found
13:43:51 DEBUG cache:45 - Loading template for "index.ftl"("en", UTF-8, parsed) from "jar:file:/C:/Users/kunis/.m2/repository/com/aventstack/extentreports/3.1.3/extentreports-3.1.3.jar!/com/aventstack/extentreports/view/html-report/index.ftl"
13:43:51 DEBUG cache:45 - Couldn't find template in cache for "head.ftl"("en", UTF-8, parsed); will try to load it.
13:43:51 DEBUG cache:45 - TemplateLoader.findTemplateSource("head_en.ftl"): Not found
13:43:51 DEBUG cache:45 - TemplateLoader.findTemplateSource("head.ftl"): Found
13:43:51 DEBUG cache:45 - Loading template for "head.ftl"("en", UTF-8, parsed) from "jar:file:/C:/Users/kunis/.m2/repository/com/aventstack/extentreports/3.1.3/extentreports-3.1.3.jar!/com/aventstack/extentreports/view/html-report/head.ftl"
13:43:51 DEBUG cache:45 - Couldn't find template in cache for "nav.ftl"("en", UTF-8, parsed); will try to load it.
13:43:51 DEBUG cache:45 - TemplateLoader.findTemplateSource("nav_en.ftl"): Not found
13:43:51 DEBUG cache:45 - TemplateLoader.findTemplateSource("nav.ftl"): Found
13:43:51 DEBUG cache:45 - Loading template for "nav.ftl"("en", UTF-8, parsed) from "jar:file:/C:/Users/kunis/.m2/repository/com/aventstack/extentreports/3.1.3/extentreports-3.1.3.jar!/com/aventstack/extentreports/view/html-report/nav.ftl"
13:43:51 DEBUG cache:45 - Couldn't find template in cache for "test-view/test-view.ftl"("en", UTF-8, parsed); will try to load it.
13:43:51 DEBUG cache:45 - TemplateLoader.findTemplateSource("test-view/test-view_en.ftl"): Not found
13:43:51 DEBUG cache:45 - TemplateLoader.findTemplateSource("test-view/test-view.ftl"): Found
13:43:51 DEBUG cache:45 - Loading template for "test-view/test-view.ftl"("en", UTF-8, parsed) from "jar:file:/C:/Users/kunis/.m2/repository/com/aventstack/extentreports/3.1.3/extentreports-3.1.3.jar!/com/aventstack/extentreports/view/html-report/test-view/test-view.ftl"
13:43:51 DEBUG cache:45 - Couldn't find template in cache for "test-view/test-view-charts.ftl"("en", UTF-8, parsed); will try to load it.
13:43:51 DEBUG cache:45 - TemplateLoader.findTemplateSource("test-view/test-view-charts_en.ftl"): Not found
13:43:51 DEBUG cache:45 - TemplateLoader.findTemplateSource("test-view/test-view-charts.ftl"): Found
13:43:51 DEBUG cache:45 - Loading template for "test-view/test-view-charts.ftl"("en", UTF-8, parsed) from "jar:file:/C:/Users/kunis/.m2/repository/com/aventstack/extentreports/3.1.3/extentreports-3.1.3.jar!/com/aventstack/extentreports/view/html-report/test-view/test-view-charts.ftl"
13:43:51 DEBUG cache:45 - Couldn't find template in cache for "test-view/standard.ftl"("en", UTF-8, parsed); will try to load it.
13:43:51 DEBUG cache:45 - TemplateLoader.findTemplateSource("test-view/standard_en.ftl"): Not found
13:43:51 DEBUG cache:45 - TemplateLoader.findTemplateSource("test-view/standard.ftl"): Found
13:43:51 DEBUG cache:45 - Loading template for "test-view/standard.ftl"("en", UTF-8, parsed) from "jar:file:/C:/Users/kunis/.m2/repository/com/aventstack/extentreports/3.1.3/extentreports-3.1.3.jar!/com/aventstack/extentreports/view/html-report/test-view/standard.ftl"
13:43:51 DEBUG cache:45 - Couldn't find template in cache for "category-view/category-view.ftl"("en", UTF-8, parsed); will try to load it.
13:43:51 DEBUG cache:45 - TemplateLoader.findTemplateSource("category-view/category-view_en.ftl"): Not found
13:43:51 DEBUG cache:45 - TemplateLoader.findTemplateSource("category-view/category-view.ftl"): Found
13:43:51 DEBUG cache:45 - Loading template for "category-view/category-view.ftl"("en", UTF-8, parsed) from "jar:file:/C:/Users/kunis/.m2/repository/com/aventstack/extentreports/3.1.3/extentreports-3.1.3.jar!/com/aventstack/extentreports/view/html-report/category-view/category-view.ftl"
13:43:51 DEBUG cache:45 - Couldn't find template in cache for "author-view/author-view.ftl"("en", UTF-8, parsed); will try to load it.
13:43:51 DEBUG cache:45 - TemplateLoader.findTemplateSource("author-view/author-view_en.ftl"): Not found
13:43:51 DEBUG cache:45 - TemplateLoader.findTemplateSource("author-view/author-view.ftl"): Found
13:43:51 DEBUG cache:45 - Loading template for "author-view/author-view.ftl"("en", UTF-8, parsed) from "jar:file:/C:/Users/kunis/.m2/repository/com/aventstack/extentreports/3.1.3/extentreports-3.1.3.jar!/com/aventstack/extentreports/view/html-report/author-view/author-view.ftl"
13:43:51 DEBUG cache:45 - Couldn't find template in cache for "exception-view/exception-view.ftl"("en", UTF-8, parsed); will try to load it.
13:43:51 DEBUG cache:45 - TemplateLoader.findTemplateSource("exception-view/exception-view_en.ftl"): Not found
13:43:51 DEBUG cache:45 - TemplateLoader.findTemplateSource("exception-view/exception-view.ftl"): Found
13:43:51 DEBUG cache:45 - Loading template for "exception-view/exception-view.ftl"("en", UTF-8, parsed) from "jar:file:/C:/Users/kunis/.m2/repository/com/aventstack/extentreports/3.1.3/extentreports-3.1.3.jar!/com/aventstack/extentreports/view/html-report/exception-view/exception-view.ftl"
13:43:51 DEBUG cache:45 - Couldn't find template in cache for "dashboard-view/dashboard-view.ftl"("en", UTF-8, parsed); will try to load it.
13:43:51 DEBUG cache:45 - TemplateLoader.findTemplateSource("dashboard-view/dashboard-view_en.ftl"): Not found
13:43:51 DEBUG cache:45 - TemplateLoader.findTemplateSource("dashboard-view/dashboard-view.ftl"): Found
13:43:51 DEBUG cache:45 - Loading template for "dashboard-view/dashboard-view.ftl"("en", UTF-8, parsed) from "jar:file:/C:/Users/kunis/.m2/repository/com/aventstack/extentreports/3.1.3/extentreports-3.1.3.jar!/com/aventstack/extentreports/view/html-report/dashboard-view/dashboard-view.ftl"
13:43:51 DEBUG cache:45 - Couldn't find template in cache for "logs-view/testrunner-logs-view.ftl"("en", UTF-8, parsed); will try to load it.
13:43:51 DEBUG cache:45 - TemplateLoader.findTemplateSource("logs-view/testrunner-logs-view_en.ftl"): Not found
13:43:51 DEBUG cache:45 - TemplateLoader.findTemplateSource("logs-view/testrunner-logs-view.ftl"): Found
13:43:51 DEBUG cache:45 - Loading template for "logs-view/testrunner-logs-view.ftl"("en", UTF-8, parsed) from "jar:file:/C:/Users/kunis/.m2/repository/com/aventstack/extentreports/3.1.3/extentreports-3.1.3.jar!/com/aventstack/extentreports/view/html-report/logs-view/testrunner-logs-view.ftl"
13:45:41 INFO  BaseClass:44 - configuring reports
13:45:41 INFO  BaseClass:52 - browser type:  chrome
13:45:48 INFO  BaseClass:57 - https://staging.clubkitchen.at/ website launching
13:45:52 INFO  BaseClass:60 - Object repository instantiated
13:45:52 INFO  BaseClass:28 - testcase launchAndSelectMamacita initialized for reporting
13:45:52 INFO  ActionHelper:173 - waiting for element---->[[ChromeDriver: chrome on WINDOWS (dc94fa97583e1f61716836a68537c050)] -> css selector: img[alt='Clubkitchen - zur Startseite wechseln']]
13:45:53 INFO  ActionHelper:177 - element found--->[[ChromeDriver: chrome on WINDOWS (dc94fa97583e1f61716836a68537c050)] -> css selector: img[alt='Clubkitchen - zur Startseite wechseln']]
13:45:54 INFO  ActionHelper:156 - element found -->[[ChromeDriver: chrome on WINDOWS (dc94fa97583e1f61716836a68537c050)] -> css selector: img[alt='Clubkitchen - zur Startseite wechseln']]
13:45:55 INFO  ActionHelper:61 - clicking on element----->[[ChromeDriver: chrome on WINDOWS (dc94fa97583e1f61716836a68537c050)] -> css selector: button[class="agree-cookie"]]
13:45:56 INFO  ActionHelper:61 - clicking on element----->[[ChromeDriver: chrome on WINDOWS (dc94fa97583e1f61716836a68537c050)] -> xpath: /html/body/div/section/div/div/div/div/div[2]/section/div[4]/div/div/a]
13:45:59 INFO  BaseClass:77 - launchAndSelectMamacita TEST PASSED
13:46:00 INFO  BaseClass:99 - wrapping up with driver and reporting
13:46:00 DEBUG cache:45 - Couldn't find template in cache for "index.ftl"("en", UTF-8, parsed); will try to load it.
13:46:00 DEBUG cache:45 - TemplateLoader.findTemplateSource("index_en.ftl"): Not found
13:46:00 DEBUG cache:45 - TemplateLoader.findTemplateSource("index.ftl"): Found
13:46:00 DEBUG cache:45 - Loading template for "index.ftl"("en", UTF-8, parsed) from "jar:file:/C:/Users/kunis/.m2/repository/com/aventstack/extentreports/3.1.3/extentreports-3.1.3.jar!/com/aventstack/extentreports/view/html-report/index.ftl"
13:46:00 DEBUG cache:45 - Couldn't find template in cache for "head.ftl"("en", UTF-8, parsed); will try to load it.
13:46:00 DEBUG cache:45 - TemplateLoader.findTemplateSource("head_en.ftl"): Not found
13:46:00 DEBUG cache:45 - TemplateLoader.findTemplateSource("head.ftl"): Found
13:46:00 DEBUG cache:45 - Loading template for "head.ftl"("en", UTF-8, parsed) from "jar:file:/C:/Users/kunis/.m2/repository/com/aventstack/extentreports/3.1.3/extentreports-3.1.3.jar!/com/aventstack/extentreports/view/html-report/head.ftl"
13:46:00 DEBUG cache:45 - Couldn't find template in cache for "nav.ftl"("en", UTF-8, parsed); will try to load it.
13:46:00 DEBUG cache:45 - TemplateLoader.findTemplateSource("nav_en.ftl"): Not found
13:46:00 DEBUG cache:45 - TemplateLoader.findTemplateSource("nav.ftl"): Found
13:46:00 DEBUG cache:45 - Loading template for "nav.ftl"("en", UTF-8, parsed) from "jar:file:/C:/Users/kunis/.m2/repository/com/aventstack/extentreports/3.1.3/extentreports-3.1.3.jar!/com/aventstack/extentreports/view/html-report/nav.ftl"
13:46:00 DEBUG cache:45 - Couldn't find template in cache for "test-view/test-view.ftl"("en", UTF-8, parsed); will try to load it.
13:46:00 DEBUG cache:45 - TemplateLoader.findTemplateSource("test-view/test-view_en.ftl"): Not found
13:46:00 DEBUG cache:45 - TemplateLoader.findTemplateSource("test-view/test-view.ftl"): Found
13:46:00 DEBUG cache:45 - Loading template for "test-view/test-view.ftl"("en", UTF-8, parsed) from "jar:file:/C:/Users/kunis/.m2/repository/com/aventstack/extentreports/3.1.3/extentreports-3.1.3.jar!/com/aventstack/extentreports/view/html-report/test-view/test-view.ftl"
13:46:00 DEBUG cache:45 - Couldn't find template in cache for "test-view/test-view-charts.ftl"("en", UTF-8, parsed); will try to load it.
13:46:00 DEBUG cache:45 - TemplateLoader.findTemplateSource("test-view/test-view-charts_en.ftl"): Not found
13:46:00 DEBUG cache:45 - TemplateLoader.findTemplateSource("test-view/test-view-charts.ftl"): Found
13:46:00 DEBUG cache:45 - Loading template for "test-view/test-view-charts.ftl"("en", UTF-8, parsed) from "jar:file:/C:/Users/kunis/.m2/repository/com/aventstack/extentreports/3.1.3/extentreports-3.1.3.jar!/com/aventstack/extentreports/view/html-report/test-view/test-view-charts.ftl"
13:46:00 DEBUG cache:45 - Couldn't find template in cache for "test-view/standard.ftl"("en", UTF-8, parsed); will try to load it.
13:46:00 DEBUG cache:45 - TemplateLoader.findTemplateSource("test-view/standard_en.ftl"): Not found
13:46:00 DEBUG cache:45 - TemplateLoader.findTemplateSource("test-view/standard.ftl"): Found
13:46:00 DEBUG cache:45 - Loading template for "test-view/standard.ftl"("en", UTF-8, parsed) from "jar:file:/C:/Users/kunis/.m2/repository/com/aventstack/extentreports/3.1.3/extentreports-3.1.3.jar!/com/aventstack/extentreports/view/html-report/test-view/standard.ftl"
13:46:01 DEBUG cache:45 - Couldn't find template in cache for "category-view/category-view.ftl"("en", UTF-8, parsed); will try to load it.
13:46:01 DEBUG cache:45 - TemplateLoader.findTemplateSource("category-view/category-view_en.ftl"): Not found
13:46:01 DEBUG cache:45 - TemplateLoader.findTemplateSource("category-view/category-view.ftl"): Found
13:46:01 DEBUG cache:45 - Loading template for "category-view/category-view.ftl"("en", UTF-8, parsed) from "jar:file:/C:/Users/kunis/.m2/repository/com/aventstack/extentreports/3.1.3/extentreports-3.1.3.jar!/com/aventstack/extentreports/view/html-report/category-view/category-view.ftl"
13:46:01 DEBUG cache:45 - Couldn't find template in cache for "author-view/author-view.ftl"("en", UTF-8, parsed); will try to load it.
13:46:01 DEBUG cache:45 - TemplateLoader.findTemplateSource("author-view/author-view_en.ftl"): Not found
13:46:01 DEBUG cache:45 - TemplateLoader.findTemplateSource("author-view/author-view.ftl"): Found
13:46:01 DEBUG cache:45 - Loading template for "author-view/author-view.ftl"("en", UTF-8, parsed) from "jar:file:/C:/Users/kunis/.m2/repository/com/aventstack/extentreports/3.1.3/extentreports-3.1.3.jar!/com/aventstack/extentreports/view/html-report/author-view/author-view.ftl"
13:46:01 DEBUG cache:45 - Couldn't find template in cache for "exception-view/exception-view.ftl"("en", UTF-8, parsed); will try to load it.
13:46:01 DEBUG cache:45 - TemplateLoader.findTemplateSource("exception-view/exception-view_en.ftl"): Not found
13:46:01 DEBUG cache:45 - TemplateLoader.findTemplateSource("exception-view/exception-view.ftl"): Found
13:46:01 DEBUG cache:45 - Loading template for "exception-view/exception-view.ftl"("en", UTF-8, parsed) from "jar:file:/C:/Users/kunis/.m2/repository/com/aventstack/extentreports/3.1.3/extentreports-3.1.3.jar!/com/aventstack/extentreports/view/html-report/exception-view/exception-view.ftl"
13:46:01 DEBUG cache:45 - Couldn't find template in cache for "dashboard-view/dashboard-view.ftl"("en", UTF-8, parsed); will try to load it.
13:46:01 DEBUG cache:45 - TemplateLoader.findTemplateSource("dashboard-view/dashboard-view_en.ftl"): Not found
13:46:01 DEBUG cache:45 - TemplateLoader.findTemplateSource("dashboard-view/dashboard-view.ftl"): Found
13:46:01 DEBUG cache:45 - Loading template for "dashboard-view/dashboard-view.ftl"("en", UTF-8, parsed) from "jar:file:/C:/Users/kunis/.m2/repository/com/aventstack/extentreports/3.1.3/extentreports-3.1.3.jar!/com/aventstack/extentreports/view/html-report/dashboard-view/dashboard-view.ftl"
13:46:01 DEBUG cache:45 - Couldn't find template in cache for "logs-view/testrunner-logs-view.ftl"("en", UTF-8, parsed); will try to load it.
13:46:01 DEBUG cache:45 - TemplateLoader.findTemplateSource("logs-view/testrunner-logs-view_en.ftl"): Not found
13:46:01 DEBUG cache:45 - TemplateLoader.findTemplateSource("logs-view/testrunner-logs-view.ftl"): Found
13:46:01 DEBUG cache:45 - Loading template for "logs-view/testrunner-logs-view.ftl"("en", UTF-8, parsed) from "jar:file:/C:/Users/kunis/.m2/repository/com/aventstack/extentreports/3.1.3/extentreports-3.1.3.jar!/com/aventstack/extentreports/view/html-report/logs-view/testrunner-logs-view.ftl"
13:52:03 INFO  BaseClass:44 - configuring reports
13:52:03 INFO  BaseClass:52 - browser type:  chrome
13:52:11 INFO  BaseClass:57 - https://staging.clubkitchen.at/ website launching
13:52:18 INFO  BaseClass:60 - Object repository instantiated
13:52:18 INFO  BaseClass:28 - testcase launchAndSelectMamacita initialized for reporting
13:52:18 INFO  ActionHelper:145 - waiting for element---->[[ChromeDriver: chrome on WINDOWS (820c37ec7a3a1a36e8d3cc96c7de3194)] -> css selector: img[alt='Clubkitchen - zur Startseite wechseln']]
13:52:18 INFO  ActionHelper:149 - element found--->[[ChromeDriver: chrome on WINDOWS (820c37ec7a3a1a36e8d3cc96c7de3194)] -> css selector: img[alt='Clubkitchen - zur Startseite wechseln']]
13:52:19 INFO  ActionHelper:128 - element found -->[[ChromeDriver: chrome on WINDOWS (820c37ec7a3a1a36e8d3cc96c7de3194)] -> css selector: img[alt='Clubkitchen - zur Startseite wechseln']]
13:52:20 INFO  ActionHelper:61 - clicking on element----->[[ChromeDriver: chrome on WINDOWS (820c37ec7a3a1a36e8d3cc96c7de3194)] -> css selector: button[class="agree-cookie"]]
13:52:21 INFO  ActionHelper:61 - clicking on element----->[[ChromeDriver: chrome on WINDOWS (820c37ec7a3a1a36e8d3cc96c7de3194)] -> xpath: /html/body/div/section/div/div/div/div/div[2]/section/div[4]/div/div/a]
13:52:31 INFO  ActionHelper:145 - waiting for element---->[[ChromeDriver: chrome on WINDOWS (820c37ec7a3a1a36e8d3cc96c7de3194)] -> xpath: //*[text()=' Gib deine Adresse ein, um das Men zu sehen. ']]
13:53:01 INFO  ActionHelper:151 - org.openqa.selenium.TimeoutException: Expected condition failed: waiting for visibility of [[ChromeDriver: chrome on WINDOWS (820c37ec7a3a1a36e8d3cc96c7de3194)] -> xpath: //*[text()=' Gib deine Adresse ein, um das Men zu sehen. ']] (tried for 30 second(s) with 500 milliseconds interval)
Build info: version: '3.141.59', revision: 'e82be7d358', time: '2018-11-14T08:17:03'
System info: host: 'DESKTOP-EHA9HVK', ip: '192.168.200.2', os.name: 'Windows 10', os.arch: 'amd64', os.version: '10.0', java.version: '1.8.0_212'
Driver info: org.openqa.selenium.chrome.ChromeDriver
Capabilities {acceptInsecureCerts: false, browserName: chrome, browserVersion: 83.0.4103.61, chrome: {chromedriverVersion: 83.0.4103.39 (ccbf011cb2d2b..., userDataDir: C:\Users\kunis\AppData\Loca...}, goog:chromeOptions: {debuggerAddress: localhost:55587}, javascriptEnabled: true, networkConnectionEnabled: false, pageLoadStrategy: normal, platform: WINDOWS, platformName: WINDOWS, proxy: Proxy(), setWindowRect: true, strictFileInteractability: false, timeouts: {implicit: 0, pageLoad: 300000, script: 30000}, unhandledPromptBehavior: dismiss and notify, webauthn:virtualAuthenticators: true}
Session ID: 820c37ec7a3a1a36e8d3cc96c7de3194
	at org.openqa.selenium.support.ui.WebDriverWait.timeoutException(WebDriverWait.java:95)
	at org.openqa.selenium.support.ui.FluentWait.until(FluentWait.java:272)
	at generallibraries.ActionHelper.waitForElement(ActionHelper.java:148)
	at generallibraries.ActionHelper.isElementExists(ActionHelper.java:126)
	at steps.CloudKitchenHomeSteps.verifyAddressPopUpAndInput(CloudKitchenHomeSteps.java:25)
	at functionaltests.AddToCart.launchAndSelectMamacita(AddToCart.java:14)
	at sun.reflect.NativeMethodAccessorImpl.invoke0(Native Method)
	at sun.reflect.NativeMethodAccessorImpl.invoke(Unknown Source)
	at sun.reflect.DelegatingMethodAccessorImpl.invoke(Unknown Source)
	at java.lang.reflect.Method.invoke(Unknown Source)
	at org.testng.internal.MethodInvocationHelper.invokeMethod(MethodInvocationHelper.java:124)
	at org.testng.internal.Invoker.invokeMethod(Invoker.java:583)
	at org.testng.internal.Invoker.invokeTestMethod(Invoker.java:719)
	at org.testng.internal.Invoker.invokeTestMethods(Invoker.java:989)
	at org.testng.internal.TestMethodWorker.invokeTestMethods(TestMethodWorker.java:125)
	at org.testng.internal.TestMethodWorker.run(TestMethodWorker.java:109)
	at org.testng.TestRunner.privateRun(TestRunner.java:648)
	at org.testng.TestRunner.run(TestRunner.java:505)
	at org.testng.SuiteRunner.runTest(SuiteRunner.java:455)
	at org.testng.SuiteRunner.runSequentially(SuiteRunner.java:450)
	at org.testng.SuiteRunner.privateRun(SuiteRunner.java:415)
	at org.testng.SuiteRunner.run(SuiteRunner.java:364)
	at org.testng.SuiteRunnerWorker.runSuite(SuiteRunnerWorker.java:52)
	at org.testng.SuiteRunnerWorker.run(SuiteRunnerWorker.java:84)
	at org.testng.TestNG.runSuitesSequentially(TestNG.java:1208)
	at org.testng.TestNG.runSuitesLocally(TestNG.java:1137)
	at org.testng.TestNG.runSuites(TestNG.java:1049)
	at org.testng.TestNG.run(TestNG.java:1017)
	at org.testng.remote.AbstractRemoteTestNG.run(AbstractRemoteTestNG.java:114)
	at org.testng.remote.RemoteTestNG.initAndRun(RemoteTestNG.java:251)
	at org.testng.remote.RemoteTestNG.main(RemoteTestNG.java:77)

13:53:01 FATAL BaseClass:67 - Expected condition failed: waiting for visibility of [[ChromeDriver: chrome on WINDOWS (820c37ec7a3a1a36e8d3cc96c7de3194)] -> xpath: //*[text()=' Gib deine Adresse ein, um das Men zu sehen. ']] (tried for 30 second(s) with 500 milliseconds interval)
Build info: version: '3.141.59', revision: 'e82be7d358', time: '2018-11-14T08:17:03'
System info: host: 'DESKTOP-EHA9HVK', ip: '192.168.200.2', os.name: 'Windows 10', os.arch: 'amd64', os.version: '10.0', java.version: '1.8.0_212'
Driver info: org.openqa.selenium.chrome.ChromeDriver
Capabilities {acceptInsecureCerts: false, browserName: chrome, browserVersion: 83.0.4103.61, chrome: {chromedriverVersion: 83.0.4103.39 (ccbf011cb2d2b..., userDataDir: C:\Users\kunis\AppData\Loca...}, goog:chromeOptions: {debuggerAddress: localhost:55587}, javascriptEnabled: true, networkConnectionEnabled: false, pageLoadStrategy: normal, platform: WINDOWS, platformName: WINDOWS, proxy: Proxy(), setWindowRect: true, strictFileInteractability: false, timeouts: {implicit: 0, pageLoad: 300000, script: 30000}, unhandledPromptBehavior: dismiss and notify, webauthn:virtualAuthenticators: true}
Session ID: 820c37ec7a3a1a36e8d3cc96c7de3194
13:53:02 INFO  BaseClass:99 - wrapping up with driver and reporting
13:53:02 DEBUG cache:45 - Couldn't find template in cache for "index.ftl"("en", UTF-8, parsed); will try to load it.
13:53:02 DEBUG cache:45 - TemplateLoader.findTemplateSource("index_en.ftl"): Not found
13:53:02 DEBUG cache:45 - TemplateLoader.findTemplateSource("index.ftl"): Found
13:53:02 DEBUG cache:45 - Loading template for "index.ftl"("en", UTF-8, parsed) from "jar:file:/C:/Users/kunis/.m2/repository/com/aventstack/extentreports/3.1.3/extentreports-3.1.3.jar!/com/aventstack/extentreports/view/html-report/index.ftl"
13:53:03 DEBUG cache:45 - Couldn't find template in cache for "head.ftl"("en", UTF-8, parsed); will try to load it.
13:53:03 DEBUG cache:45 - TemplateLoader.findTemplateSource("head_en.ftl"): Not found
13:53:03 DEBUG cache:45 - TemplateLoader.findTemplateSource("head.ftl"): Found
13:53:03 DEBUG cache:45 - Loading template for "head.ftl"("en", UTF-8, parsed) from "jar:file:/C:/Users/kunis/.m2/repository/com/aventstack/extentreports/3.1.3/extentreports-3.1.3.jar!/com/aventstack/extentreports/view/html-report/head.ftl"
13:53:03 DEBUG cache:45 - Couldn't find template in cache for "nav.ftl"("en", UTF-8, parsed); will try to load it.
13:53:03 DEBUG cache:45 - TemplateLoader.findTemplateSource("nav_en.ftl"): Not found
13:53:03 DEBUG cache:45 - TemplateLoader.findTemplateSource("nav.ftl"): Found
13:53:03 DEBUG cache:45 - Loading template for "nav.ftl"("en", UTF-8, parsed) from "jar:file:/C:/Users/kunis/.m2/repository/com/aventstack/extentreports/3.1.3/extentreports-3.1.3.jar!/com/aventstack/extentreports/view/html-report/nav.ftl"
13:53:03 DEBUG cache:45 - Couldn't find template in cache for "test-view/test-view.ftl"("en", UTF-8, parsed); will try to load it.
13:53:03 DEBUG cache:45 - TemplateLoader.findTemplateSource("test-view/test-view_en.ftl"): Not found
13:53:03 DEBUG cache:45 - TemplateLoader.findTemplateSource("test-view/test-view.ftl"): Found
13:53:03 DEBUG cache:45 - Loading template for "test-view/test-view.ftl"("en", UTF-8, parsed) from "jar:file:/C:/Users/kunis/.m2/repository/com/aventstack/extentreports/3.1.3/extentreports-3.1.3.jar!/com/aventstack/extentreports/view/html-report/test-view/test-view.ftl"
13:53:03 DEBUG cache:45 - Couldn't find template in cache for "test-view/test-view-charts.ftl"("en", UTF-8, parsed); will try to load it.
13:53:03 DEBUG cache:45 - TemplateLoader.findTemplateSource("test-view/test-view-charts_en.ftl"): Not found
13:53:03 DEBUG cache:45 - TemplateLoader.findTemplateSource("test-view/test-view-charts.ftl"): Found
13:53:03 DEBUG cache:45 - Loading template for "test-view/test-view-charts.ftl"("en", UTF-8, parsed) from "jar:file:/C:/Users/kunis/.m2/repository/com/aventstack/extentreports/3.1.3/extentreports-3.1.3.jar!/com/aventstack/extentreports/view/html-report/test-view/test-view-charts.ftl"
13:53:03 DEBUG cache:45 - Couldn't find template in cache for "test-view/standard.ftl"("en", UTF-8, parsed); will try to load it.
13:53:03 DEBUG cache:45 - TemplateLoader.findTemplateSource("test-view/standard_en.ftl"): Not found
13:53:03 DEBUG cache:45 - TemplateLoader.findTemplateSource("test-view/standard.ftl"): Found
13:53:03 DEBUG cache:45 - Loading template for "test-view/standard.ftl"("en", UTF-8, parsed) from "jar:file:/C:/Users/kunis/.m2/repository/com/aventstack/extentreports/3.1.3/extentreports-3.1.3.jar!/com/aventstack/extentreports/view/html-report/test-view/standard.ftl"
13:53:03 DEBUG cache:45 - Couldn't find template in cache for "category-view/category-view.ftl"("en", UTF-8, parsed); will try to load it.
13:53:03 DEBUG cache:45 - TemplateLoader.findTemplateSource("category-view/category-view_en.ftl"): Not found
13:53:03 DEBUG cache:45 - TemplateLoader.findTemplateSource("category-view/category-view.ftl"): Found
13:53:03 DEBUG cache:45 - Loading template for "category-view/category-view.ftl"("en", UTF-8, parsed) from "jar:file:/C:/Users/kunis/.m2/repository/com/aventstack/extentreports/3.1.3/extentreports-3.1.3.jar!/com/aventstack/extentreports/view/html-report/category-view/category-view.ftl"
13:53:03 DEBUG cache:45 - Couldn't find template in cache for "author-view/author-view.ftl"("en", UTF-8, parsed); will try to load it.
13:53:03 DEBUG cache:45 - TemplateLoader.findTemplateSource("author-view/author-view_en.ftl"): Not found
13:53:03 DEBUG cache:45 - TemplateLoader.findTemplateSource("author-view/author-view.ftl"): Found
13:53:03 DEBUG cache:45 - Loading template for "author-view/author-view.ftl"("en", UTF-8, parsed) from "jar:file:/C:/Users/kunis/.m2/repository/com/aventstack/extentreports/3.1.3/extentreports-3.1.3.jar!/com/aventstack/extentreports/view/html-report/author-view/author-view.ftl"
13:53:03 DEBUG cache:45 - Couldn't find template in cache for "exception-view/exception-view.ftl"("en", UTF-8, parsed); will try to load it.
13:53:03 DEBUG cache:45 - TemplateLoader.findTemplateSource("exception-view/exception-view_en.ftl"): Not found
13:53:03 DEBUG cache:45 - TemplateLoader.findTemplateSource("exception-view/exception-view.ftl"): Found
13:53:03 DEBUG cache:45 - Loading template for "exception-view/exception-view.ftl"("en", UTF-8, parsed) from "jar:file:/C:/Users/kunis/.m2/repository/com/aventstack/extentreports/3.1.3/extentreports-3.1.3.jar!/com/aventstack/extentreports/view/html-report/exception-view/exception-view.ftl"
13:53:03 DEBUG cache:45 - Couldn't find template in cache for "dashboard-view/dashboard-view.ftl"("en", UTF-8, parsed); will try to load it.
13:53:03 DEBUG cache:45 - TemplateLoader.findTemplateSource("dashboard-view/dashboard-view_en.ftl"): Not found
13:53:03 DEBUG cache:45 - TemplateLoader.findTemplateSource("dashboard-view/dashboard-view.ftl"): Found
13:53:03 DEBUG cache:45 - Loading template for "dashboard-view/dashboard-view.ftl"("en", UTF-8, parsed) from "jar:file:/C:/Users/kunis/.m2/repository/com/aventstack/extentreports/3.1.3/extentreports-3.1.3.jar!/com/aventstack/extentreports/view/html-report/dashboard-view/dashboard-view.ftl"
13:53:03 DEBUG cache:45 - Couldn't find template in cache for "logs-view/testrunner-logs-view.ftl"("en", UTF-8, parsed); will try to load it.
13:53:03 DEBUG cache:45 - TemplateLoader.findTemplateSource("logs-view/testrunner-logs-view_en.ftl"): Not found
13:53:03 DEBUG cache:45 - TemplateLoader.findTemplateSource("logs-view/testrunner-logs-view.ftl"): Found
13:53:03 DEBUG cache:45 - Loading template for "logs-view/testrunner-logs-view.ftl"("en", UTF-8, parsed) from "jar:file:/C:/Users/kunis/.m2/repository/com/aventstack/extentreports/3.1.3/extentreports-3.1.3.jar!/com/aventstack/extentreports/view/html-report/logs-view/testrunner-logs-view.ftl"
13:55:25 INFO  BaseClass:44 - configuring reports
13:55:25 INFO  BaseClass:52 - browser type:  chrome
13:55:33 INFO  BaseClass:57 - https://staging.clubkitchen.at/ website launching
13:55:38 INFO  BaseClass:60 - Object repository instantiated
13:55:38 INFO  BaseClass:28 - testcase launchAndSelectMamacita initialized for reporting
13:55:38 INFO  ActionHelper:145 - waiting for element---->[[ChromeDriver: chrome on WINDOWS (594911c766b5e19c800ac124888c6fcf)] -> css selector: img[alt='Clubkitchen - zur Startseite wechseln']]
13:55:38 INFO  ActionHelper:149 - element found--->[[ChromeDriver: chrome on WINDOWS (594911c766b5e19c800ac124888c6fcf)] -> css selector: img[alt='Clubkitchen - zur Startseite wechseln']]
13:55:39 INFO  ActionHelper:128 - element found -->[[ChromeDriver: chrome on WINDOWS (594911c766b5e19c800ac124888c6fcf)] -> css selector: img[alt='Clubkitchen - zur Startseite wechseln']]
13:55:40 INFO  ActionHelper:61 - clicking on element----->[[ChromeDriver: chrome on WINDOWS (594911c766b5e19c800ac124888c6fcf)] -> css selector: button[class="agree-cookie"]]
13:55:41 INFO  ActionHelper:61 - clicking on element----->[[ChromeDriver: chrome on WINDOWS (594911c766b5e19c800ac124888c6fcf)] -> xpath: /html/body/div/section/div/div/div/div/div[2]/section/div[4]/div/div/a]
13:55:44 INFO  ActionHelper:145 - waiting for element---->[[ChromeDriver: chrome on WINDOWS (594911c766b5e19c800ac124888c6fcf)] -> xpath: (//*[text()=' Gib deine Adresse ein, um das Men zu sehen. '])[2]]
13:55:44 INFO  ActionHelper:149 - element found--->[[ChromeDriver: chrome on WINDOWS (594911c766b5e19c800ac124888c6fcf)] -> xpath: (//*[text()=' Gib deine Adresse ein, um das Men zu sehen. '])[2]]
13:55:45 INFO  ActionHelper:128 - element found -->[[ChromeDriver: chrome on WINDOWS (594911c766b5e19c800ac124888c6fcf)] -> xpath: (//*[text()=' Gib deine Adresse ein, um das Men zu sehen. '])[2]]
13:55:45 INFO  ActionHelper:88 - sending text to element----->[[ChromeDriver: chrome on WINDOWS (594911c766b5e19c800ac124888c6fcf)] -> id: address-input]
13:55:46 INFO  BaseClass:77 - launchAndSelectMamacita TEST PASSED
13:55:47 INFO  BaseClass:99 - wrapping up with driver and reporting
13:55:47 DEBUG cache:45 - Couldn't find template in cache for "index.ftl"("en", UTF-8, parsed); will try to load it.
13:55:47 DEBUG cache:45 - TemplateLoader.findTemplateSource("index_en.ftl"): Not found
13:55:47 DEBUG cache:45 - TemplateLoader.findTemplateSource("index.ftl"): Found
13:55:47 DEBUG cache:45 - Loading template for "index.ftl"("en", UTF-8, parsed) from "jar:file:/C:/Users/kunis/.m2/repository/com/aventstack/extentreports/3.1.3/extentreports-3.1.3.jar!/com/aventstack/extentreports/view/html-report/index.ftl"
13:55:47 DEBUG cache:45 - Couldn't find template in cache for "head.ftl"("en", UTF-8, parsed); will try to load it.
13:55:47 DEBUG cache:45 - TemplateLoader.findTemplateSource("head_en.ftl"): Not found
13:55:47 DEBUG cache:45 - TemplateLoader.findTemplateSource("head.ftl"): Found
13:55:47 DEBUG cache:45 - Loading template for "head.ftl"("en", UTF-8, parsed) from "jar:file:/C:/Users/kunis/.m2/repository/com/aventstack/extentreports/3.1.3/extentreports-3.1.3.jar!/com/aventstack/extentreports/view/html-report/head.ftl"
13:55:47 DEBUG cache:45 - Couldn't find template in cache for "nav.ftl"("en", UTF-8, parsed); will try to load it.
13:55:47 DEBUG cache:45 - TemplateLoader.findTemplateSource("nav_en.ftl"): Not found
13:55:47 DEBUG cache:45 - TemplateLoader.findTemplateSource("nav.ftl"): Found
13:55:47 DEBUG cache:45 - Loading template for "nav.ftl"("en", UTF-8, parsed) from "jar:file:/C:/Users/kunis/.m2/repository/com/aventstack/extentreports/3.1.3/extentreports-3.1.3.jar!/com/aventstack/extentreports/view/html-report/nav.ftl"
13:55:47 DEBUG cache:45 - Couldn't find template in cache for "test-view/test-view.ftl"("en", UTF-8, parsed); will try to load it.
13:55:47 DEBUG cache:45 - TemplateLoader.findTemplateSource("test-view/test-view_en.ftl"): Not found
13:55:47 DEBUG cache:45 - TemplateLoader.findTemplateSource("test-view/test-view.ftl"): Found
13:55:47 DEBUG cache:45 - Loading template for "test-view/test-view.ftl"("en", UTF-8, parsed) from "jar:file:/C:/Users/kunis/.m2/repository/com/aventstack/extentreports/3.1.3/extentreports-3.1.3.jar!/com/aventstack/extentreports/view/html-report/test-view/test-view.ftl"
13:55:47 DEBUG cache:45 - Couldn't find template in cache for "test-view/test-view-charts.ftl"("en", UTF-8, parsed); will try to load it.
13:55:47 DEBUG cache:45 - TemplateLoader.findTemplateSource("test-view/test-view-charts_en.ftl"): Not found
13:55:47 DEBUG cache:45 - TemplateLoader.findTemplateSource("test-view/test-view-charts.ftl"): Found
13:55:47 DEBUG cache:45 - Loading template for "test-view/test-view-charts.ftl"("en", UTF-8, parsed) from "jar:file:/C:/Users/kunis/.m2/repository/com/aventstack/extentreports/3.1.3/extentreports-3.1.3.jar!/com/aventstack/extentreports/view/html-report/test-view/test-view-charts.ftl"
13:55:48 DEBUG cache:45 - Couldn't find template in cache for "test-view/standard.ftl"("en", UTF-8, parsed); will try to load it.
13:55:48 DEBUG cache:45 - TemplateLoader.findTemplateSource("test-view/standard_en.ftl"): Not found
13:55:48 DEBUG cache:45 - TemplateLoader.findTemplateSource("test-view/standard.ftl"): Found
13:55:48 DEBUG cache:45 - Loading template for "test-view/standard.ftl"("en", UTF-8, parsed) from "jar:file:/C:/Users/kunis/.m2/repository/com/aventstack/extentreports/3.1.3/extentreports-3.1.3.jar!/com/aventstack/extentreports/view/html-report/test-view/standard.ftl"
13:55:48 DEBUG cache:45 - Couldn't find template in cache for "category-view/category-view.ftl"("en", UTF-8, parsed); will try to load it.
13:55:48 DEBUG cache:45 - TemplateLoader.findTemplateSource("category-view/category-view_en.ftl"): Not found
13:55:48 DEBUG cache:45 - TemplateLoader.findTemplateSource("category-view/category-view.ftl"): Found
13:55:48 DEBUG cache:45 - Loading template for "category-view/category-view.ftl"("en", UTF-8, parsed) from "jar:file:/C:/Users/kunis/.m2/repository/com/aventstack/extentreports/3.1.3/extentreports-3.1.3.jar!/com/aventstack/extentreports/view/html-report/category-view/category-view.ftl"
13:55:48 DEBUG cache:45 - Couldn't find template in cache for "author-view/author-view.ftl"("en", UTF-8, parsed); will try to load it.
13:55:48 DEBUG cache:45 - TemplateLoader.findTemplateSource("author-view/author-view_en.ftl"): Not found
13:55:48 DEBUG cache:45 - TemplateLoader.findTemplateSource("author-view/author-view.ftl"): Found
13:55:48 DEBUG cache:45 - Loading template for "author-view/author-view.ftl"("en", UTF-8, parsed) from "jar:file:/C:/Users/kunis/.m2/repository/com/aventstack/extentreports/3.1.3/extentreports-3.1.3.jar!/com/aventstack/extentreports/view/html-report/author-view/author-view.ftl"
13:55:48 DEBUG cache:45 - Couldn't find template in cache for "exception-view/exception-view.ftl"("en", UTF-8, parsed); will try to load it.
13:55:48 DEBUG cache:45 - TemplateLoader.findTemplateSource("exception-view/exception-view_en.ftl"): Not found
13:55:48 DEBUG cache:45 - TemplateLoader.findTemplateSource("exception-view/exception-view.ftl"): Found
13:55:48 DEBUG cache:45 - Loading template for "exception-view/exception-view.ftl"("en", UTF-8, parsed) from "jar:file:/C:/Users/kunis/.m2/repository/com/aventstack/extentreports/3.1.3/extentreports-3.1.3.jar!/com/aventstack/extentreports/view/html-report/exception-view/exception-view.ftl"
13:55:48 DEBUG cache:45 - Couldn't find template in cache for "dashboard-view/dashboard-view.ftl"("en", UTF-8, parsed); will try to load it.
13:55:48 DEBUG cache:45 - TemplateLoader.findTemplateSource("dashboard-view/dashboard-view_en.ftl"): Not found
13:55:48 DEBUG cache:45 - TemplateLoader.findTemplateSource("dashboard-view/dashboard-view.ftl"): Found
13:55:48 DEBUG cache:45 - Loading template for "dashboard-view/dashboard-view.ftl"("en", UTF-8, parsed) from "jar:file:/C:/Users/kunis/.m2/repository/com/aventstack/extentreports/3.1.3/extentreports-3.1.3.jar!/com/aventstack/extentreports/view/html-report/dashboard-view/dashboard-view.ftl"
13:55:48 DEBUG cache:45 - Couldn't find template in cache for "logs-view/testrunner-logs-view.ftl"("en", UTF-8, parsed); will try to load it.
13:55:48 DEBUG cache:45 - TemplateLoader.findTemplateSource("logs-view/testrunner-logs-view_en.ftl"): Not found
13:55:48 DEBUG cache:45 - TemplateLoader.findTemplateSource("logs-view/testrunner-logs-view.ftl"): Found
13:55:48 DEBUG cache:45 - Loading template for "logs-view/testrunner-logs-view.ftl"("en", UTF-8, parsed) from "jar:file:/C:/Users/kunis/.m2/repository/com/aventstack/extentreports/3.1.3/extentreports-3.1.3.jar!/com/aventstack/extentreports/view/html-report/logs-view/testrunner-logs-view.ftl"
13:57:22 INFO  BaseClass:44 - configuring reports
13:57:22 INFO  BaseClass:52 - browser type:  chrome
13:57:30 INFO  BaseClass:57 - https://staging.clubkitchen.at/ website launching
13:57:34 INFO  BaseClass:60 - Object repository instantiated
13:57:34 INFO  BaseClass:28 - testcase launchAndSelectMamacita initialized for reporting
13:57:34 INFO  ActionHelper:145 - waiting for element---->[[ChromeDriver: chrome on WINDOWS (e86256501e8de55492791c48cae636a9)] -> css selector: img[alt='Clubkitchen - zur Startseite wechseln']]
13:57:35 INFO  ActionHelper:149 - element found--->[[ChromeDriver: chrome on WINDOWS (e86256501e8de55492791c48cae636a9)] -> css selector: img[alt='Clubkitchen - zur Startseite wechseln']]
13:57:36 INFO  ActionHelper:128 - element found -->[[ChromeDriver: chrome on WINDOWS (e86256501e8de55492791c48cae636a9)] -> css selector: img[alt='Clubkitchen - zur Startseite wechseln']]
13:57:37 INFO  ActionHelper:61 - clicking on element----->[[ChromeDriver: chrome on WINDOWS (e86256501e8de55492791c48cae636a9)] -> css selector: button[class="agree-cookie"]]
13:57:39 INFO  ActionHelper:61 - clicking on element----->[[ChromeDriver: chrome on WINDOWS (e86256501e8de55492791c48cae636a9)] -> xpath: /html/body/div/section/div/div/div/div/div[2]/section/div[4]/div/div/a]
13:57:44 INFO  ActionHelper:145 - waiting for element---->[[ChromeDriver: chrome on WINDOWS (e86256501e8de55492791c48cae636a9)] -> xpath: (//*[text()=' Gib deine Adresse ein, um das Men zu sehen. '])[2]]
13:57:44 INFO  ActionHelper:149 - element found--->[[ChromeDriver: chrome on WINDOWS (e86256501e8de55492791c48cae636a9)] -> xpath: (//*[text()=' Gib deine Adresse ein, um das Men zu sehen. '])[2]]
13:57:46 INFO  ActionHelper:128 - element found -->[[ChromeDriver: chrome on WINDOWS (e86256501e8de55492791c48cae636a9)] -> xpath: (//*[text()=' Gib deine Adresse ein, um das Men zu sehen. '])[2]]
13:57:46 INFO  ActionHelper:88 - sending text to element----->[[ChromeDriver: chrome on WINDOWS (e86256501e8de55492791c48cae636a9)] -> id: address-input]
13:57:48 INFO  ActionHelper:61 - clicking on element----->[[ChromeDriver: chrome on WINDOWS (e86256501e8de55492791c48cae636a9)] -> css selector: input[type="submit"]]
13:57:49 INFO  BaseClass:77 - launchAndSelectMamacita TEST PASSED
13:57:50 INFO  BaseClass:99 - wrapping up with driver and reporting
13:57:50 DEBUG cache:45 - Couldn't find template in cache for "index.ftl"("en", UTF-8, parsed); will try to load it.
13:57:50 DEBUG cache:45 - TemplateLoader.findTemplateSource("index_en.ftl"): Not found
13:57:50 DEBUG cache:45 - TemplateLoader.findTemplateSource("index.ftl"): Found
13:57:50 DEBUG cache:45 - Loading template for "index.ftl"("en", UTF-8, parsed) from "jar:file:/C:/Users/kunis/.m2/repository/com/aventstack/extentreports/3.1.3/extentreports-3.1.3.jar!/com/aventstack/extentreports/view/html-report/index.ftl"
13:57:50 DEBUG cache:45 - Couldn't find template in cache for "head.ftl"("en", UTF-8, parsed); will try to load it.
13:57:50 DEBUG cache:45 - TemplateLoader.findTemplateSource("head_en.ftl"): Not found
13:57:50 DEBUG cache:45 - TemplateLoader.findTemplateSource("head.ftl"): Found
13:57:50 DEBUG cache:45 - Loading template for "head.ftl"("en", UTF-8, parsed) from "jar:file:/C:/Users/kunis/.m2/repository/com/aventstack/extentreports/3.1.3/extentreports-3.1.3.jar!/com/aventstack/extentreports/view/html-report/head.ftl"
13:57:50 DEBUG cache:45 - Couldn't find template in cache for "nav.ftl"("en", UTF-8, parsed); will try to load it.
13:57:50 DEBUG cache:45 - TemplateLoader.findTemplateSource("nav_en.ftl"): Not found
13:57:50 DEBUG cache:45 - TemplateLoader.findTemplateSource("nav.ftl"): Found
13:57:50 DEBUG cache:45 - Loading template for "nav.ftl"("en", UTF-8, parsed) from "jar:file:/C:/Users/kunis/.m2/repository/com/aventstack/extentreports/3.1.3/extentreports-3.1.3.jar!/com/aventstack/extentreports/view/html-report/nav.ftl"
13:57:50 DEBUG cache:45 - Couldn't find template in cache for "test-view/test-view.ftl"("en", UTF-8, parsed); will try to load it.
13:57:50 DEBUG cache:45 - TemplateLoader.findTemplateSource("test-view/test-view_en.ftl"): Not found
13:57:50 DEBUG cache:45 - TemplateLoader.findTemplateSource("test-view/test-view.ftl"): Found
13:57:50 DEBUG cache:45 - Loading template for "test-view/test-view.ftl"("en", UTF-8, parsed) from "jar:file:/C:/Users/kunis/.m2/repository/com/aventstack/extentreports/3.1.3/extentreports-3.1.3.jar!/com/aventstack/extentreports/view/html-report/test-view/test-view.ftl"
13:57:50 DEBUG cache:45 - Couldn't find template in cache for "test-view/test-view-charts.ftl"("en", UTF-8, parsed); will try to load it.
13:57:50 DEBUG cache:45 - TemplateLoader.findTemplateSource("test-view/test-view-charts_en.ftl"): Not found
13:57:50 DEBUG cache:45 - TemplateLoader.findTemplateSource("test-view/test-view-charts.ftl"): Found
13:57:50 DEBUG cache:45 - Loading template for "test-view/test-view-charts.ftl"("en", UTF-8, parsed) from "jar:file:/C:/Users/kunis/.m2/repository/com/aventstack/extentreports/3.1.3/extentreports-3.1.3.jar!/com/aventstack/extentreports/view/html-report/test-view/test-view-charts.ftl"
13:57:50 DEBUG cache:45 - Couldn't find template in cache for "test-view/standard.ftl"("en", UTF-8, parsed); will try to load it.
13:57:50 DEBUG cache:45 - TemplateLoader.findTemplateSource("test-view/standard_en.ftl"): Not found
13:57:50 DEBUG cache:45 - TemplateLoader.findTemplateSource("test-view/standard.ftl"): Found
13:57:50 DEBUG cache:45 - Loading template for "test-view/standard.ftl"("en", UTF-8, parsed) from "jar:file:/C:/Users/kunis/.m2/repository/com/aventstack/extentreports/3.1.3/extentreports-3.1.3.jar!/com/aventstack/extentreports/view/html-report/test-view/standard.ftl"
13:57:50 DEBUG cache:45 - Couldn't find template in cache for "category-view/category-view.ftl"("en", UTF-8, parsed); will try to load it.
13:57:50 DEBUG cache:45 - TemplateLoader.findTemplateSource("category-view/category-view_en.ftl"): Not found
13:57:50 DEBUG cache:45 - TemplateLoader.findTemplateSource("category-view/category-view.ftl"): Found
13:57:50 DEBUG cache:45 - Loading template for "category-view/category-view.ftl"("en", UTF-8, parsed) from "jar:file:/C:/Users/kunis/.m2/repository/com/aventstack/extentreports/3.1.3/extentreports-3.1.3.jar!/com/aventstack/extentreports/view/html-report/category-view/category-view.ftl"
13:57:50 DEBUG cache:45 - Couldn't find template in cache for "author-view/author-view.ftl"("en", UTF-8, parsed); will try to load it.
13:57:50 DEBUG cache:45 - TemplateLoader.findTemplateSource("author-view/author-view_en.ftl"): Not found
13:57:50 DEBUG cache:45 - TemplateLoader.findTemplateSource("author-view/author-view.ftl"): Found
13:57:50 DEBUG cache:45 - Loading template for "author-view/author-view.ftl"("en", UTF-8, parsed) from "jar:file:/C:/Users/kunis/.m2/repository/com/aventstack/extentreports/3.1.3/extentreports-3.1.3.jar!/com/aventstack/extentreports/view/html-report/author-view/author-view.ftl"
13:57:50 DEBUG cache:45 - Couldn't find template in cache for "exception-view/exception-view.ftl"("en", UTF-8, parsed); will try to load it.
13:57:50 DEBUG cache:45 - TemplateLoader.findTemplateSource("exception-view/exception-view_en.ftl"): Not found
13:57:50 DEBUG cache:45 - TemplateLoader.findTemplateSource("exception-view/exception-view.ftl"): Found
13:57:50 DEBUG cache:45 - Loading template for "exception-view/exception-view.ftl"("en", UTF-8, parsed) from "jar:file:/C:/Users/kunis/.m2/repository/com/aventstack/extentreports/3.1.3/extentreports-3.1.3.jar!/com/aventstack/extentreports/view/html-report/exception-view/exception-view.ftl"
13:57:50 DEBUG cache:45 - Couldn't find template in cache for "dashboard-view/dashboard-view.ftl"("en", UTF-8, parsed); will try to load it.
13:57:50 DEBUG cache:45 - TemplateLoader.findTemplateSource("dashboard-view/dashboard-view_en.ftl"): Not found
13:57:50 DEBUG cache:45 - TemplateLoader.findTemplateSource("dashboard-view/dashboard-view.ftl"): Found
13:57:50 DEBUG cache:45 - Loading template for "dashboard-view/dashboard-view.ftl"("en", UTF-8, parsed) from "jar:file:/C:/Users/kunis/.m2/repository/com/aventstack/extentreports/3.1.3/extentreports-3.1.3.jar!/com/aventstack/extentreports/view/html-report/dashboard-view/dashboard-view.ftl"
13:57:50 DEBUG cache:45 - Couldn't find template in cache for "logs-view/testrunner-logs-view.ftl"("en", UTF-8, parsed); will try to load it.
13:57:50 DEBUG cache:45 - TemplateLoader.findTemplateSource("logs-view/testrunner-logs-view_en.ftl"): Not found
13:57:50 DEBUG cache:45 - TemplateLoader.findTemplateSource("logs-view/testrunner-logs-view.ftl"): Found
13:57:50 DEBUG cache:45 - Loading template for "logs-view/testrunner-logs-view.ftl"("en", UTF-8, parsed) from "jar:file:/C:/Users/kunis/.m2/repository/com/aventstack/extentreports/3.1.3/extentreports-3.1.3.jar!/com/aventstack/extentreports/view/html-report/logs-view/testrunner-logs-view.ftl"
14:00:38 INFO  BaseClass:44 - configuring reports
14:00:38 INFO  BaseClass:52 - browser type:  chrome
14:00:44 INFO  BaseClass:44 - configuring reports
14:00:44 INFO  BaseClass:52 - browser type:  chrome
14:00:46 INFO  BaseClass:57 - https://staging.clubkitchen.at/ website launching
14:00:50 INFO  BaseClass:60 - Object repository instantiated
14:00:50 INFO  BaseClass:28 - testcase launchAndSelectMamacita initialized for reporting
14:00:50 INFO  ActionHelper:145 - waiting for element---->[[ChromeDriver: chrome on WINDOWS (f8f32f97baaa529a3e51b7304e5798ae)] -> css selector: img[alt='Clubkitchen - zur Startseite wechseln']]
14:00:50 INFO  ActionHelper:149 - element found--->[[ChromeDriver: chrome on WINDOWS (f8f32f97baaa529a3e51b7304e5798ae)] -> css selector: img[alt='Clubkitchen - zur Startseite wechseln']]
14:00:52 INFO  ActionHelper:128 - element found -->[[ChromeDriver: chrome on WINDOWS (f8f32f97baaa529a3e51b7304e5798ae)] -> css selector: img[alt='Clubkitchen - zur Startseite wechseln']]
14:00:53 INFO  ActionHelper:61 - clicking on element----->[[ChromeDriver: chrome on WINDOWS (f8f32f97baaa529a3e51b7304e5798ae)] -> css selector: button[class="agree-cookie"]]
14:00:54 INFO  ActionHelper:61 - clicking on element----->[[ChromeDriver: chrome on WINDOWS (f8f32f97baaa529a3e51b7304e5798ae)] -> xpath: /html/body/div/section/div/div/div/div/div[2]/section/div[4]/div/div/a]
14:00:56 INFO  ActionHelper:145 - waiting for element---->[[ChromeDriver: chrome on WINDOWS (f8f32f97baaa529a3e51b7304e5798ae)] -> xpath: (//*[text()=' Gib deine Adresse ein, um das Men zu sehen. '])[2]]
14:00:56 INFO  ActionHelper:149 - element found--->[[ChromeDriver: chrome on WINDOWS (f8f32f97baaa529a3e51b7304e5798ae)] -> xpath: (//*[text()=' Gib deine Adresse ein, um das Men zu sehen. '])[2]]
14:00:58 INFO  ActionHelper:128 - element found -->[[ChromeDriver: chrome on WINDOWS (f8f32f97baaa529a3e51b7304e5798ae)] -> xpath: (//*[text()=' Gib deine Adresse ein, um das Men zu sehen. '])[2]]
14:00:58 INFO  ActionHelper:88 - sending text to element----->[[ChromeDriver: chrome on WINDOWS (f8f32f97baaa529a3e51b7304e5798ae)] -> id: address-input]
14:01:00 INFO  ActionHelper:61 - clicking on element----->[[ChromeDriver: chrome on WINDOWS (f8f32f97baaa529a3e51b7304e5798ae)] -> css selector: input[type="submit"]]
14:01:02 INFO  ActionHelper:159 - waiting for element to be invisible---->[[ChromeDriver: chrome on WINDOWS (f8f32f97baaa529a3e51b7304e5798ae)] -> css selector: div[class="icon--default"]]
14:01:24 INFO  BaseClass:77 - launchAndSelectMamacita TEST PASSED
14:01:25 INFO  BaseClass:99 - wrapping up with driver and reporting
14:01:25 DEBUG cache:45 - Couldn't find template in cache for "index.ftl"("en", UTF-8, parsed); will try to load it.
14:01:25 DEBUG cache:45 - TemplateLoader.findTemplateSource("index_en.ftl"): Not found
14:01:25 DEBUG cache:45 - TemplateLoader.findTemplateSource("index.ftl"): Found
14:01:25 DEBUG cache:45 - Loading template for "index.ftl"("en", UTF-8, parsed) from "jar:file:/C:/Users/kunis/.m2/repository/com/aventstack/extentreports/3.1.3/extentreports-3.1.3.jar!/com/aventstack/extentreports/view/html-report/index.ftl"
14:01:25 DEBUG cache:45 - Couldn't find template in cache for "head.ftl"("en", UTF-8, parsed); will try to load it.
14:01:25 DEBUG cache:45 - TemplateLoader.findTemplateSource("head_en.ftl"): Not found
14:01:25 DEBUG cache:45 - TemplateLoader.findTemplateSource("head.ftl"): Found
14:01:25 DEBUG cache:45 - Loading template for "head.ftl"("en", UTF-8, parsed) from "jar:file:/C:/Users/kunis/.m2/repository/com/aventstack/extentreports/3.1.3/extentreports-3.1.3.jar!/com/aventstack/extentreports/view/html-report/head.ftl"
14:01:25 DEBUG cache:45 - Couldn't find template in cache for "nav.ftl"("en", UTF-8, parsed); will try to load it.
14:01:25 DEBUG cache:45 - TemplateLoader.findTemplateSource("nav_en.ftl"): Not found
14:01:25 DEBUG cache:45 - TemplateLoader.findTemplateSource("nav.ftl"): Found
14:01:25 DEBUG cache:45 - Loading template for "nav.ftl"("en", UTF-8, parsed) from "jar:file:/C:/Users/kunis/.m2/repository/com/aventstack/extentreports/3.1.3/extentreports-3.1.3.jar!/com/aventstack/extentreports/view/html-report/nav.ftl"
14:01:25 DEBUG cache:45 - Couldn't find template in cache for "test-view/test-view.ftl"("en", UTF-8, parsed); will try to load it.
14:01:25 DEBUG cache:45 - TemplateLoader.findTemplateSource("test-view/test-view_en.ftl"): Not found
14:01:25 DEBUG cache:45 - TemplateLoader.findTemplateSource("test-view/test-view.ftl"): Found
14:01:25 DEBUG cache:45 - Loading template for "test-view/test-view.ftl"("en", UTF-8, parsed) from "jar:file:/C:/Users/kunis/.m2/repository/com/aventstack/extentreports/3.1.3/extentreports-3.1.3.jar!/com/aventstack/extentreports/view/html-report/test-view/test-view.ftl"
14:01:25 DEBUG cache:45 - Couldn't find template in cache for "test-view/test-view-charts.ftl"("en", UTF-8, parsed); will try to load it.
14:01:25 DEBUG cache:45 - TemplateLoader.findTemplateSource("test-view/test-view-charts_en.ftl"): Not found
14:01:25 DEBUG cache:45 - TemplateLoader.findTemplateSource("test-view/test-view-charts.ftl"): Found
14:01:25 DEBUG cache:45 - Loading template for "test-view/test-view-charts.ftl"("en", UTF-8, parsed) from "jar:file:/C:/Users/kunis/.m2/repository/com/aventstack/extentreports/3.1.3/extentreports-3.1.3.jar!/com/aventstack/extentreports/view/html-report/test-view/test-view-charts.ftl"
14:01:25 DEBUG cache:45 - Couldn't find template in cache for "test-view/standard.ftl"("en", UTF-8, parsed); will try to load it.
14:01:25 DEBUG cache:45 - TemplateLoader.findTemplateSource("test-view/standard_en.ftl"): Not found
14:01:25 DEBUG cache:45 - TemplateLoader.findTemplateSource("test-view/standard.ftl"): Found
14:01:25 DEBUG cache:45 - Loading template for "test-view/standard.ftl"("en", UTF-8, parsed) from "jar:file:/C:/Users/kunis/.m2/repository/com/aventstack/extentreports/3.1.3/extentreports-3.1.3.jar!/com/aventstack/extentreports/view/html-report/test-view/standard.ftl"
14:01:25 DEBUG cache:45 - Couldn't find template in cache for "category-view/category-view.ftl"("en", UTF-8, parsed); will try to load it.
14:01:25 DEBUG cache:45 - TemplateLoader.findTemplateSource("category-view/category-view_en.ftl"): Not found
14:01:25 DEBUG cache:45 - TemplateLoader.findTemplateSource("category-view/category-view.ftl"): Found
14:01:25 DEBUG cache:45 - Loading template for "category-view/category-view.ftl"("en", UTF-8, parsed) from "jar:file:/C:/Users/kunis/.m2/repository/com/aventstack/extentreports/3.1.3/extentreports-3.1.3.jar!/com/aventstack/extentreports/view/html-report/category-view/category-view.ftl"
14:01:25 DEBUG cache:45 - Couldn't find template in cache for "author-view/author-view.ftl"("en", UTF-8, parsed); will try to load it.
14:01:25 DEBUG cache:45 - TemplateLoader.findTemplateSource("author-view/author-view_en.ftl"): Not found
14:01:25 DEBUG cache:45 - TemplateLoader.findTemplateSource("author-view/author-view.ftl"): Found
14:01:25 DEBUG cache:45 - Loading template for "author-view/author-view.ftl"("en", UTF-8, parsed) from "jar:file:/C:/Users/kunis/.m2/repository/com/aventstack/extentreports/3.1.3/extentreports-3.1.3.jar!/com/aventstack/extentreports/view/html-report/author-view/author-view.ftl"
14:01:25 DEBUG cache:45 - Couldn't find template in cache for "exception-view/exception-view.ftl"("en", UTF-8, parsed); will try to load it.
14:01:25 DEBUG cache:45 - TemplateLoader.findTemplateSource("exception-view/exception-view_en.ftl"): Not found
14:01:25 DEBUG cache:45 - TemplateLoader.findTemplateSource("exception-view/exception-view.ftl"): Found
14:01:25 DEBUG cache:45 - Loading template for "exception-view/exception-view.ftl"("en", UTF-8, parsed) from "jar:file:/C:/Users/kunis/.m2/repository/com/aventstack/extentreports/3.1.3/extentreports-3.1.3.jar!/com/aventstack/extentreports/view/html-report/exception-view/exception-view.ftl"
14:01:25 DEBUG cache:45 - Couldn't find template in cache for "dashboard-view/dashboard-view.ftl"("en", UTF-8, parsed); will try to load it.
14:01:25 DEBUG cache:45 - TemplateLoader.findTemplateSource("dashboard-view/dashboard-view_en.ftl"): Not found
14:01:25 DEBUG cache:45 - TemplateLoader.findTemplateSource("dashboard-view/dashboard-view.ftl"): Found
14:01:25 DEBUG cache:45 - Loading template for "dashboard-view/dashboard-view.ftl"("en", UTF-8, parsed) from "jar:file:/C:/Users/kunis/.m2/repository/com/aventstack/extentreports/3.1.3/extentreports-3.1.3.jar!/com/aventstack/extentreports/view/html-report/dashboard-view/dashboard-view.ftl"
14:01:25 DEBUG cache:45 - Couldn't find template in cache for "logs-view/testrunner-logs-view.ftl"("en", UTF-8, parsed); will try to load it.
14:01:25 DEBUG cache:45 - TemplateLoader.findTemplateSource("logs-view/testrunner-logs-view_en.ftl"): Not found
14:01:25 DEBUG cache:45 - TemplateLoader.findTemplateSource("logs-view/testrunner-logs-view.ftl"): Found
14:01:25 DEBUG cache:45 - Loading template for "logs-view/testrunner-logs-view.ftl"("en", UTF-8, parsed) from "jar:file:/C:/Users/kunis/.m2/repository/com/aventstack/extentreports/3.1.3/extentreports-3.1.3.jar!/com/aventstack/extentreports/view/html-report/logs-view/testrunner-logs-view.ftl"
14:10:21 INFO  BaseClass:44 - configuring reports
14:10:21 INFO  BaseClass:52 - browser type:  chrome
14:10:29 INFO  BaseClass:57 - https://staging.clubkitchen.at/ website launching
14:10:32 INFO  BaseClass:60 - Object repository instantiated
14:10:32 INFO  BaseClass:28 - testcase launchAndSelectMamacita initialized for reporting
14:10:32 INFO  ActionHelper:86 - waiting for element---->[[ChromeDriver: chrome on WINDOWS (16671bb0f4477f94308a38c6a2debe70)] -> css selector: img[alt='Clubkitchen - zur Startseite wechseln']]
14:10:32 INFO  ActionHelper:90 - element found--->[[ChromeDriver: chrome on WINDOWS (16671bb0f4477f94308a38c6a2debe70)] -> css selector: img[alt='Clubkitchen - zur Startseite wechseln']]
14:10:33 INFO  ActionHelper:81 - element found -->[[ChromeDriver: chrome on WINDOWS (16671bb0f4477f94308a38c6a2debe70)] -> css selector: img[alt='Clubkitchen - zur Startseite wechseln']]
14:10:33 INFO  ActionHelper:34 - clicking on element----->[[ChromeDriver: chrome on WINDOWS (16671bb0f4477f94308a38c6a2debe70)] -> css selector: button[class="agree-cookie"]]
14:10:35 INFO  ActionHelper:34 - clicking on element----->[[ChromeDriver: chrome on WINDOWS (16671bb0f4477f94308a38c6a2debe70)] -> xpath: /html/body/div/section/div/div/div/div/div[2]/section/div[4]/div/div/a]
14:10:38 INFO  ActionHelper:86 - waiting for element---->[[ChromeDriver: chrome on WINDOWS (16671bb0f4477f94308a38c6a2debe70)] -> xpath: (//*[text()=' Gib deine Adresse ein, um das Men zu sehen. '])[2]]
14:10:38 INFO  ActionHelper:90 - element found--->[[ChromeDriver: chrome on WINDOWS (16671bb0f4477f94308a38c6a2debe70)] -> xpath: (//*[text()=' Gib deine Adresse ein, um das Men zu sehen. '])[2]]
14:10:39 INFO  ActionHelper:81 - element found -->[[ChromeDriver: chrome on WINDOWS (16671bb0f4477f94308a38c6a2debe70)] -> xpath: (//*[text()=' Gib deine Adresse ein, um das Men zu sehen. '])[2]]
14:10:39 INFO  ActionHelper:61 - sending text to element----->[[ChromeDriver: chrome on WINDOWS (16671bb0f4477f94308a38c6a2debe70)] -> id: address-input]
14:10:41 INFO  ActionHelper:34 - clicking on element----->[[ChromeDriver: chrome on WINDOWS (16671bb0f4477f94308a38c6a2debe70)] -> css selector: input[type="submit"]]
14:10:44 INFO  ActionHelper:100 - waiting for element to be invisible---->[[ChromeDriver: chrome on WINDOWS (16671bb0f4477f94308a38c6a2debe70)] -> css selector: div[class="icon--default"]]
14:11:07 INFO  ActionHelper:86 - waiting for element---->[[ChromeDriver: chrome on WINDOWS (16671bb0f4477f94308a38c6a2debe70)] -> xpath: (//a[@title="Mamacita"])[2]]
14:11:07 INFO  ActionHelper:90 - element found--->[[ChromeDriver: chrome on WINDOWS (16671bb0f4477f94308a38c6a2debe70)] -> xpath: (//a[@title="Mamacita"])[2]]
14:11:08 INFO  ActionHelper:81 - element found -->[[ChromeDriver: chrome on WINDOWS (16671bb0f4477f94308a38c6a2debe70)] -> xpath: (//a[@title="Mamacita"])[2]]
14:11:08 INFO  BaseClass:77 - launchAndSelectMamacita TEST PASSED
14:11:09 INFO  BaseClass:99 - wrapping up with driver and reporting
14:11:09 DEBUG cache:45 - Couldn't find template in cache for "index.ftl"("en", UTF-8, parsed); will try to load it.
14:11:09 DEBUG cache:45 - TemplateLoader.findTemplateSource("index_en.ftl"): Not found
14:11:09 DEBUG cache:45 - TemplateLoader.findTemplateSource("index.ftl"): Found
14:11:09 DEBUG cache:45 - Loading template for "index.ftl"("en", UTF-8, parsed) from "jar:file:/C:/Users/kunis/.m2/repository/com/aventstack/extentreports/3.1.3/extentreports-3.1.3.jar!/com/aventstack/extentreports/view/html-report/index.ftl"
14:11:09 DEBUG cache:45 - Couldn't find template in cache for "head.ftl"("en", UTF-8, parsed); will try to load it.
14:11:09 DEBUG cache:45 - TemplateLoader.findTemplateSource("head_en.ftl"): Not found
14:11:09 DEBUG cache:45 - TemplateLoader.findTemplateSource("head.ftl"): Found
14:11:09 DEBUG cache:45 - Loading template for "head.ftl"("en", UTF-8, parsed) from "jar:file:/C:/Users/kunis/.m2/repository/com/aventstack/extentreports/3.1.3/extentreports-3.1.3.jar!/com/aventstack/extentreports/view/html-report/head.ftl"
14:11:09 DEBUG cache:45 - Couldn't find template in cache for "nav.ftl"("en", UTF-8, parsed); will try to load it.
14:11:09 DEBUG cache:45 - TemplateLoader.findTemplateSource("nav_en.ftl"): Not found
14:11:09 DEBUG cache:45 - TemplateLoader.findTemplateSource("nav.ftl"): Found
14:11:09 DEBUG cache:45 - Loading template for "nav.ftl"("en", UTF-8, parsed) from "jar:file:/C:/Users/kunis/.m2/repository/com/aventstack/extentreports/3.1.3/extentreports-3.1.3.jar!/com/aventstack/extentreports/view/html-report/nav.ftl"
14:11:09 DEBUG cache:45 - Couldn't find template in cache for "test-view/test-view.ftl"("en", UTF-8, parsed); will try to load it.
14:11:09 DEBUG cache:45 - TemplateLoader.findTemplateSource("test-view/test-view_en.ftl"): Not found
14:11:09 DEBUG cache:45 - TemplateLoader.findTemplateSource("test-view/test-view.ftl"): Found
14:11:09 DEBUG cache:45 - Loading template for "test-view/test-view.ftl"("en", UTF-8, parsed) from "jar:file:/C:/Users/kunis/.m2/repository/com/aventstack/extentreports/3.1.3/extentreports-3.1.3.jar!/com/aventstack/extentreports/view/html-report/test-view/test-view.ftl"
14:11:09 DEBUG cache:45 - Couldn't find template in cache for "test-view/test-view-charts.ftl"("en", UTF-8, parsed); will try to load it.
14:11:09 DEBUG cache:45 - TemplateLoader.findTemplateSource("test-view/test-view-charts_en.ftl"): Not found
14:11:09 DEBUG cache:45 - TemplateLoader.findTemplateSource("test-view/test-view-charts.ftl"): Found
14:11:09 DEBUG cache:45 - Loading template for "test-view/test-view-charts.ftl"("en", UTF-8, parsed) from "jar:file:/C:/Users/kunis/.m2/repository/com/aventstack/extentreports/3.1.3/extentreports-3.1.3.jar!/com/aventstack/extentreports/view/html-report/test-view/test-view-charts.ftl"
14:11:09 DEBUG cache:45 - Couldn't find template in cache for "test-view/standard.ftl"("en", UTF-8, parsed); will try to load it.
14:11:09 DEBUG cache:45 - TemplateLoader.findTemplateSource("test-view/standard_en.ftl"): Not found
14:11:09 DEBUG cache:45 - TemplateLoader.findTemplateSource("test-view/standard.ftl"): Found
14:11:09 DEBUG cache:45 - Loading template for "test-view/standard.ftl"("en", UTF-8, parsed) from "jar:file:/C:/Users/kunis/.m2/repository/com/aventstack/extentreports/3.1.3/extentreports-3.1.3.jar!/com/aventstack/extentreports/view/html-report/test-view/standard.ftl"
14:11:09 DEBUG cache:45 - Couldn't find template in cache for "category-view/category-view.ftl"("en", UTF-8, parsed); will try to load it.
14:11:09 DEBUG cache:45 - TemplateLoader.findTemplateSource("category-view/category-view_en.ftl"): Not found
14:11:09 DEBUG cache:45 - TemplateLoader.findTemplateSource("category-view/category-view.ftl"): Found
14:11:09 DEBUG cache:45 - Loading template for "category-view/category-view.ftl"("en", UTF-8, parsed) from "jar:file:/C:/Users/kunis/.m2/repository/com/aventstack/extentreports/3.1.3/extentreports-3.1.3.jar!/com/aventstack/extentreports/view/html-report/category-view/category-view.ftl"
14:11:09 DEBUG cache:45 - Couldn't find template in cache for "author-view/author-view.ftl"("en", UTF-8, parsed); will try to load it.
14:11:09 DEBUG cache:45 - TemplateLoader.findTemplateSource("author-view/author-view_en.ftl"): Not found
14:11:09 DEBUG cache:45 - TemplateLoader.findTemplateSource("author-view/author-view.ftl"): Found
14:11:09 DEBUG cache:45 - Loading template for "author-view/author-view.ftl"("en", UTF-8, parsed) from "jar:file:/C:/Users/kunis/.m2/repository/com/aventstack/extentreports/3.1.3/extentreports-3.1.3.jar!/com/aventstack/extentreports/view/html-report/author-view/author-view.ftl"
14:11:09 DEBUG cache:45 - Couldn't find template in cache for "exception-view/exception-view.ftl"("en", UTF-8, parsed); will try to load it.
14:11:09 DEBUG cache:45 - TemplateLoader.findTemplateSource("exception-view/exception-view_en.ftl"): Not found
14:11:09 DEBUG cache:45 - TemplateLoader.findTemplateSource("exception-view/exception-view.ftl"): Found
14:11:09 DEBUG cache:45 - Loading template for "exception-view/exception-view.ftl"("en", UTF-8, parsed) from "jar:file:/C:/Users/kunis/.m2/repository/com/aventstack/extentreports/3.1.3/extentreports-3.1.3.jar!/com/aventstack/extentreports/view/html-report/exception-view/exception-view.ftl"
14:11:09 DEBUG cache:45 - Couldn't find template in cache for "dashboard-view/dashboard-view.ftl"("en", UTF-8, parsed); will try to load it.
14:11:09 DEBUG cache:45 - TemplateLoader.findTemplateSource("dashboard-view/dashboard-view_en.ftl"): Not found
14:11:09 DEBUG cache:45 - TemplateLoader.findTemplateSource("dashboard-view/dashboard-view.ftl"): Found
14:11:09 DEBUG cache:45 - Loading template for "dashboard-view/dashboard-view.ftl"("en", UTF-8, parsed) from "jar:file:/C:/Users/kunis/.m2/repository/com/aventstack/extentreports/3.1.3/extentreports-3.1.3.jar!/com/aventstack/extentreports/view/html-report/dashboard-view/dashboard-view.ftl"
14:11:09 DEBUG cache:45 - Couldn't find template in cache for "logs-view/testrunner-logs-view.ftl"("en", UTF-8, parsed); will try to load it.
14:11:09 DEBUG cache:45 - TemplateLoader.findTemplateSource("logs-view/testrunner-logs-view_en.ftl"): Not found
14:11:09 DEBUG cache:45 - TemplateLoader.findTemplateSource("logs-view/testrunner-logs-view.ftl"): Found
14:11:09 DEBUG cache:45 - Loading template for "logs-view/testrunner-logs-view.ftl"("en", UTF-8, parsed) from "jar:file:/C:/Users/kunis/.m2/repository/com/aventstack/extentreports/3.1.3/extentreports-3.1.3.jar!/com/aventstack/extentreports/view/html-report/logs-view/testrunner-logs-view.ftl"
14:13:39 INFO  BaseClass:35 - configuring reports
14:13:39 INFO  BaseClass:43 - browser type:  chrome
14:13:46 INFO  BaseClass:48 - https://staging.clubkitchen.at/ website launching
14:14:01 INFO  BaseClass:51 - Object repository instantiated
14:14:02 INFO  BaseClass:28 - testcase launchAndSelectMamacita initialized for reporting
14:14:02 INFO  ActionHelper:86 - waiting for element---->[[ChromeDriver: chrome on WINDOWS (400980672f147cfaa1d29c7c219836ef)] -> css selector: img[alt='Clubkitchen - zur Startseite wechseln']]
14:14:02 INFO  ActionHelper:90 - element found--->[[ChromeDriver: chrome on WINDOWS (400980672f147cfaa1d29c7c219836ef)] -> css selector: img[alt='Clubkitchen - zur Startseite wechseln']]
14:14:02 INFO  ActionHelper:81 - element found -->[[ChromeDriver: chrome on WINDOWS (400980672f147cfaa1d29c7c219836ef)] -> css selector: img[alt='Clubkitchen - zur Startseite wechseln']]
14:14:03 INFO  ActionHelper:34 - clicking on element----->[[ChromeDriver: chrome on WINDOWS (400980672f147cfaa1d29c7c219836ef)] -> css selector: button[class="agree-cookie"]]
14:14:03 INFO  ActionHelper:34 - clicking on element----->[[ChromeDriver: chrome on WINDOWS (400980672f147cfaa1d29c7c219836ef)] -> xpath: /html/body/div/section/div/div/div/div/div[2]/section/div[4]/div/div/a]
14:14:14 INFO  ActionHelper:86 - waiting for element---->[[ChromeDriver: chrome on WINDOWS (400980672f147cfaa1d29c7c219836ef)] -> xpath: (//*[text()=' Gib deine Adresse ein, um das Men zu sehen. '])[2]]
14:14:15 INFO  ActionHelper:90 - element found--->[[ChromeDriver: chrome on WINDOWS (400980672f147cfaa1d29c7c219836ef)] -> xpath: (//*[text()=' Gib deine Adresse ein, um das Men zu sehen. '])[2]]
14:14:15 INFO  ActionHelper:81 - element found -->[[ChromeDriver: chrome on WINDOWS (400980672f147cfaa1d29c7c219836ef)] -> xpath: (//*[text()=' Gib deine Adresse ein, um das Men zu sehen. '])[2]]
14:14:15 INFO  ActionHelper:61 - sending text to element----->[[ChromeDriver: chrome on WINDOWS (400980672f147cfaa1d29c7c219836ef)] -> id: address-input]
14:14:17 INFO  ActionHelper:34 - clicking on element----->[[ChromeDriver: chrome on WINDOWS (400980672f147cfaa1d29c7c219836ef)] -> css selector: input[type="submit"]]
14:14:20 INFO  ActionHelper:100 - waiting for element to be invisible---->[[ChromeDriver: chrome on WINDOWS (400980672f147cfaa1d29c7c219836ef)] -> css selector: div[class="icon--default"]]
14:14:44 INFO  ActionHelper:86 - waiting for element---->[[ChromeDriver: chrome on WINDOWS (400980672f147cfaa1d29c7c219836ef)] -> xpath: (//a[@title="Mamacita"])[2]]
14:14:44 INFO  ActionHelper:90 - element found--->[[ChromeDriver: chrome on WINDOWS (400980672f147cfaa1d29c7c219836ef)] -> xpath: (//a[@title="Mamacita"])[2]]
14:14:45 INFO  ActionHelper:81 - element found -->[[ChromeDriver: chrome on WINDOWS (400980672f147cfaa1d29c7c219836ef)] -> xpath: (//a[@title="Mamacita"])[2]]
14:14:45 INFO  BaseClass:68 - launchAndSelectMamacita TEST PASSED
14:14:45 INFO  BaseClass:90 - wrapping up with driver and reporting
14:14:45 DEBUG cache:45 - Couldn't find template in cache for "index.ftl"("en", UTF-8, parsed); will try to load it.
14:14:45 DEBUG cache:45 - TemplateLoader.findTemplateSource("index_en.ftl"): Not found
14:14:45 DEBUG cache:45 - TemplateLoader.findTemplateSource("index.ftl"): Found
14:14:45 DEBUG cache:45 - Loading template for "index.ftl"("en", UTF-8, parsed) from "jar:file:/C:/Users/kunis/.m2/repository/com/aventstack/extentreports/3.1.3/extentreports-3.1.3.jar!/com/aventstack/extentreports/view/html-report/index.ftl"
14:14:46 DEBUG cache:45 - Couldn't find template in cache for "head.ftl"("en", UTF-8, parsed); will try to load it.
14:14:46 DEBUG cache:45 - TemplateLoader.findTemplateSource("head_en.ftl"): Not found
14:14:46 DEBUG cache:45 - TemplateLoader.findTemplateSource("head.ftl"): Found
14:14:46 DEBUG cache:45 - Loading template for "head.ftl"("en", UTF-8, parsed) from "jar:file:/C:/Users/kunis/.m2/repository/com/aventstack/extentreports/3.1.3/extentreports-3.1.3.jar!/com/aventstack/extentreports/view/html-report/head.ftl"
14:14:46 DEBUG cache:45 - Couldn't find template in cache for "nav.ftl"("en", UTF-8, parsed); will try to load it.
14:14:46 DEBUG cache:45 - TemplateLoader.findTemplateSource("nav_en.ftl"): Not found
14:14:46 DEBUG cache:45 - TemplateLoader.findTemplateSource("nav.ftl"): Found
14:14:46 DEBUG cache:45 - Loading template for "nav.ftl"("en", UTF-8, parsed) from "jar:file:/C:/Users/kunis/.m2/repository/com/aventstack/extentreports/3.1.3/extentreports-3.1.3.jar!/com/aventstack/extentreports/view/html-report/nav.ftl"
14:14:46 DEBUG cache:45 - Couldn't find template in cache for "test-view/test-view.ftl"("en", UTF-8, parsed); will try to load it.
14:14:46 DEBUG cache:45 - TemplateLoader.findTemplateSource("test-view/test-view_en.ftl"): Not found
14:14:46 DEBUG cache:45 - TemplateLoader.findTemplateSource("test-view/test-view.ftl"): Found
14:14:46 DEBUG cache:45 - Loading template for "test-view/test-view.ftl"("en", UTF-8, parsed) from "jar:file:/C:/Users/kunis/.m2/repository/com/aventstack/extentreports/3.1.3/extentreports-3.1.3.jar!/com/aventstack/extentreports/view/html-report/test-view/test-view.ftl"
14:14:46 DEBUG cache:45 - Couldn't find template in cache for "test-view/test-view-charts.ftl"("en", UTF-8, parsed); will try to load it.
14:14:46 DEBUG cache:45 - TemplateLoader.findTemplateSource("test-view/test-view-charts_en.ftl"): Not found
14:14:46 DEBUG cache:45 - TemplateLoader.findTemplateSource("test-view/test-view-charts.ftl"): Found
14:14:46 DEBUG cache:45 - Loading template for "test-view/test-view-charts.ftl"("en", UTF-8, parsed) from "jar:file:/C:/Users/kunis/.m2/repository/com/aventstack/extentreports/3.1.3/extentreports-3.1.3.jar!/com/aventstack/extentreports/view/html-report/test-view/test-view-charts.ftl"
14:14:46 DEBUG cache:45 - Couldn't find template in cache for "test-view/standard.ftl"("en", UTF-8, parsed); will try to load it.
14:14:46 DEBUG cache:45 - TemplateLoader.findTemplateSource("test-view/standard_en.ftl"): Not found
14:14:46 DEBUG cache:45 - TemplateLoader.findTemplateSource("test-view/standard.ftl"): Found
14:14:46 DEBUG cache:45 - Loading template for "test-view/standard.ftl"("en", UTF-8, parsed) from "jar:file:/C:/Users/kunis/.m2/repository/com/aventstack/extentreports/3.1.3/extentreports-3.1.3.jar!/com/aventstack/extentreports/view/html-report/test-view/standard.ftl"
14:14:46 DEBUG cache:45 - Couldn't find template in cache for "category-view/category-view.ftl"("en", UTF-8, parsed); will try to load it.
14:14:46 DEBUG cache:45 - TemplateLoader.findTemplateSource("category-view/category-view_en.ftl"): Not found
14:14:46 DEBUG cache:45 - TemplateLoader.findTemplateSource("category-view/category-view.ftl"): Found
14:14:46 DEBUG cache:45 - Loading template for "category-view/category-view.ftl"("en", UTF-8, parsed) from "jar:file:/C:/Users/kunis/.m2/repository/com/aventstack/extentreports/3.1.3/extentreports-3.1.3.jar!/com/aventstack/extentreports/view/html-report/category-view/category-view.ftl"
14:14:46 DEBUG cache:45 - Couldn't find template in cache for "author-view/author-view.ftl"("en", UTF-8, parsed); will try to load it.
14:14:46 DEBUG cache:45 - TemplateLoader.findTemplateSource("author-view/author-view_en.ftl"): Not found
14:14:46 DEBUG cache:45 - TemplateLoader.findTemplateSource("author-view/author-view.ftl"): Found
14:14:46 DEBUG cache:45 - Loading template for "author-view/author-view.ftl"("en", UTF-8, parsed) from "jar:file:/C:/Users/kunis/.m2/repository/com/aventstack/extentreports/3.1.3/extentreports-3.1.3.jar!/com/aventstack/extentreports/view/html-report/author-view/author-view.ftl"
14:14:46 DEBUG cache:45 - Couldn't find template in cache for "exception-view/exception-view.ftl"("en", UTF-8, parsed); will try to load it.
14:14:46 DEBUG cache:45 - TemplateLoader.findTemplateSource("exception-view/exception-view_en.ftl"): Not found
14:14:46 DEBUG cache:45 - TemplateLoader.findTemplateSource("exception-view/exception-view.ftl"): Found
14:14:46 DEBUG cache:45 - Loading template for "exception-view/exception-view.ftl"("en", UTF-8, parsed) from "jar:file:/C:/Users/kunis/.m2/repository/com/aventstack/extentreports/3.1.3/extentreports-3.1.3.jar!/com/aventstack/extentreports/view/html-report/exception-view/exception-view.ftl"
14:14:46 DEBUG cache:45 - Couldn't find template in cache for "dashboard-view/dashboard-view.ftl"("en", UTF-8, parsed); will try to load it.
14:14:46 DEBUG cache:45 - TemplateLoader.findTemplateSource("dashboard-view/dashboard-view_en.ftl"): Not found
14:14:46 DEBUG cache:45 - TemplateLoader.findTemplateSource("dashboard-view/dashboard-view.ftl"): Found
14:14:46 DEBUG cache:45 - Loading template for "dashboard-view/dashboard-view.ftl"("en", UTF-8, parsed) from "jar:file:/C:/Users/kunis/.m2/repository/com/aventstack/extentreports/3.1.3/extentreports-3.1.3.jar!/com/aventstack/extentreports/view/html-report/dashboard-view/dashboard-view.ftl"
14:14:46 DEBUG cache:45 - Couldn't find template in cache for "logs-view/testrunner-logs-view.ftl"("en", UTF-8, parsed); will try to load it.
14:14:46 DEBUG cache:45 - TemplateLoader.findTemplateSource("logs-view/testrunner-logs-view_en.ftl"): Not found
14:14:46 DEBUG cache:45 - TemplateLoader.findTemplateSource("logs-view/testrunner-logs-view.ftl"): Found
14:14:46 DEBUG cache:45 - Loading template for "logs-view/testrunner-logs-view.ftl"("en", UTF-8, parsed) from "jar:file:/C:/Users/kunis/.m2/repository/com/aventstack/extentreports/3.1.3/extentreports-3.1.3.jar!/com/aventstack/extentreports/view/html-report/logs-view/testrunner-logs-view.ftl"
14:20:57 INFO  BaseClass:35 - configuring reports
14:20:57 INFO  BaseClass:43 - browser type:  chrome
14:21:05 INFO  BaseClass:48 - https://staging.clubkitchen.at/ website launching
14:21:27 INFO  BaseClass:51 - Object repository instantiated
14:21:27 INFO  BaseClass:28 - testcase launchAndSelectMamacita initialized for reporting
14:21:27 INFO  ActionHelper:86 - waiting for element---->[[ChromeDriver: chrome on WINDOWS (33c2689d6f12cfddc6768a8318e64344)] -> css selector: img[alt='Clubkitchen - zur Startseite wechseln']]
14:21:27 INFO  ActionHelper:90 - element found--->[[ChromeDriver: chrome on WINDOWS (33c2689d6f12cfddc6768a8318e64344)] -> css selector: img[alt='Clubkitchen - zur Startseite wechseln']]
14:21:28 INFO  ActionHelper:81 - element found -->[[ChromeDriver: chrome on WINDOWS (33c2689d6f12cfddc6768a8318e64344)] -> css selector: img[alt='Clubkitchen - zur Startseite wechseln']]
14:21:29 INFO  ActionHelper:34 - clicking on element----->[[ChromeDriver: chrome on WINDOWS (33c2689d6f12cfddc6768a8318e64344)] -> css selector: button[class="agree-cookie"]]
14:21:30 INFO  ActionHelper:34 - clicking on element----->[[ChromeDriver: chrome on WINDOWS (33c2689d6f12cfddc6768a8318e64344)] -> xpath: /html/body/div/section/div/div/div/div/div[2]/section/div[4]/div/div/a]
14:21:45 INFO  ActionHelper:86 - waiting for element---->[[ChromeDriver: chrome on WINDOWS (33c2689d6f12cfddc6768a8318e64344)] -> xpath: (//*[text()=' Gib deine Adresse ein, um das Men zu sehen. '])[2]]
14:21:45 INFO  ActionHelper:90 - element found--->[[ChromeDriver: chrome on WINDOWS (33c2689d6f12cfddc6768a8318e64344)] -> xpath: (//*[text()=' Gib deine Adresse ein, um das Men zu sehen. '])[2]]
14:21:46 INFO  ActionHelper:81 - element found -->[[ChromeDriver: chrome on WINDOWS (33c2689d6f12cfddc6768a8318e64344)] -> xpath: (//*[text()=' Gib deine Adresse ein, um das Men zu sehen. '])[2]]
14:21:46 INFO  ActionHelper:61 - sending text to element----->[[ChromeDriver: chrome on WINDOWS (33c2689d6f12cfddc6768a8318e64344)] -> id: address-input]
14:21:48 INFO  ActionHelper:34 - clicking on element----->[[ChromeDriver: chrome on WINDOWS (33c2689d6f12cfddc6768a8318e64344)] -> css selector: input[type="submit"]]
14:21:51 INFO  ActionHelper:100 - waiting for element to be invisible---->[[ChromeDriver: chrome on WINDOWS (33c2689d6f12cfddc6768a8318e64344)] -> css selector: div[class="icon--default"]]
14:22:17 INFO  ActionHelper:86 - waiting for element---->[[ChromeDriver: chrome on WINDOWS (33c2689d6f12cfddc6768a8318e64344)] -> xpath: (//a[@title="Mamacita"])[2]]
14:22:17 INFO  ActionHelper:90 - element found--->[[ChromeDriver: chrome on WINDOWS (33c2689d6f12cfddc6768a8318e64344)] -> xpath: (//a[@title="Mamacita"])[2]]
14:22:18 INFO  ActionHelper:81 - element found -->[[ChromeDriver: chrome on WINDOWS (33c2689d6f12cfddc6768a8318e64344)] -> xpath: (//a[@title="Mamacita"])[2]]
14:22:18 INFO  ActionHelper:34 - clicking on element----->[[ChromeDriver: chrome on WINDOWS (33c2689d6f12cfddc6768a8318e64344)] -> xpath: //*[text()=' Chewy Chocolate Chip Cookie ']/parent::a/parent::form/following-sibling::div[3]/child::form/child::button]
14:22:19 INFO  BaseClass:68 - launchAndSelectMamacita TEST PASSED
14:22:19 INFO  BaseClass:90 - wrapping up with driver and reporting
14:22:19 DEBUG cache:45 - Couldn't find template in cache for "index.ftl"("en", UTF-8, parsed); will try to load it.
14:22:19 DEBUG cache:45 - TemplateLoader.findTemplateSource("index_en.ftl"): Not found
14:22:19 DEBUG cache:45 - TemplateLoader.findTemplateSource("index.ftl"): Found
14:22:19 DEBUG cache:45 - Loading template for "index.ftl"("en", UTF-8, parsed) from "jar:file:/C:/Users/kunis/.m2/repository/com/aventstack/extentreports/3.1.3/extentreports-3.1.3.jar!/com/aventstack/extentreports/view/html-report/index.ftl"
14:22:20 DEBUG cache:45 - Couldn't find template in cache for "head.ftl"("en", UTF-8, parsed); will try to load it.
14:22:20 DEBUG cache:45 - TemplateLoader.findTemplateSource("head_en.ftl"): Not found
14:22:20 DEBUG cache:45 - TemplateLoader.findTemplateSource("head.ftl"): Found
14:22:20 DEBUG cache:45 - Loading template for "head.ftl"("en", UTF-8, parsed) from "jar:file:/C:/Users/kunis/.m2/repository/com/aventstack/extentreports/3.1.3/extentreports-3.1.3.jar!/com/aventstack/extentreports/view/html-report/head.ftl"
14:22:20 DEBUG cache:45 - Couldn't find template in cache for "nav.ftl"("en", UTF-8, parsed); will try to load it.
14:22:20 DEBUG cache:45 - TemplateLoader.findTemplateSource("nav_en.ftl"): Not found
14:22:20 DEBUG cache:45 - TemplateLoader.findTemplateSource("nav.ftl"): Found
14:22:20 DEBUG cache:45 - Loading template for "nav.ftl"("en", UTF-8, parsed) from "jar:file:/C:/Users/kunis/.m2/repository/com/aventstack/extentreports/3.1.3/extentreports-3.1.3.jar!/com/aventstack/extentreports/view/html-report/nav.ftl"
14:22:20 DEBUG cache:45 - Couldn't find template in cache for "test-view/test-view.ftl"("en", UTF-8, parsed); will try to load it.
14:22:20 DEBUG cache:45 - TemplateLoader.findTemplateSource("test-view/test-view_en.ftl"): Not found
14:22:20 DEBUG cache:45 - TemplateLoader.findTemplateSource("test-view/test-view.ftl"): Found
14:22:20 DEBUG cache:45 - Loading template for "test-view/test-view.ftl"("en", UTF-8, parsed) from "jar:file:/C:/Users/kunis/.m2/repository/com/aventstack/extentreports/3.1.3/extentreports-3.1.3.jar!/com/aventstack/extentreports/view/html-report/test-view/test-view.ftl"
14:22:20 DEBUG cache:45 - Couldn't find template in cache for "test-view/test-view-charts.ftl"("en", UTF-8, parsed); will try to load it.
14:22:20 DEBUG cache:45 - TemplateLoader.findTemplateSource("test-view/test-view-charts_en.ftl"): Not found
14:22:20 DEBUG cache:45 - TemplateLoader.findTemplateSource("test-view/test-view-charts.ftl"): Found
14:22:20 DEBUG cache:45 - Loading template for "test-view/test-view-charts.ftl"("en", UTF-8, parsed) from "jar:file:/C:/Users/kunis/.m2/repository/com/aventstack/extentreports/3.1.3/extentreports-3.1.3.jar!/com/aventstack/extentreports/view/html-report/test-view/test-view-charts.ftl"
14:22:20 DEBUG cache:45 - Couldn't find template in cache for "test-view/standard.ftl"("en", UTF-8, parsed); will try to load it.
14:22:20 DEBUG cache:45 - TemplateLoader.findTemplateSource("test-view/standard_en.ftl"): Not found
14:22:20 DEBUG cache:45 - TemplateLoader.findTemplateSource("test-view/standard.ftl"): Found
14:22:20 DEBUG cache:45 - Loading template for "test-view/standard.ftl"("en", UTF-8, parsed) from "jar:file:/C:/Users/kunis/.m2/repository/com/aventstack/extentreports/3.1.3/extentreports-3.1.3.jar!/com/aventstack/extentreports/view/html-report/test-view/standard.ftl"
14:22:20 DEBUG cache:45 - Couldn't find template in cache for "category-view/category-view.ftl"("en", UTF-8, parsed); will try to load it.
14:22:20 DEBUG cache:45 - TemplateLoader.findTemplateSource("category-view/category-view_en.ftl"): Not found
14:22:20 DEBUG cache:45 - TemplateLoader.findTemplateSource("category-view/category-view.ftl"): Found
14:22:20 DEBUG cache:45 - Loading template for "category-view/category-view.ftl"("en", UTF-8, parsed) from "jar:file:/C:/Users/kunis/.m2/repository/com/aventstack/extentreports/3.1.3/extentreports-3.1.3.jar!/com/aventstack/extentreports/view/html-report/category-view/category-view.ftl"
14:22:20 DEBUG cache:45 - Couldn't find template in cache for "author-view/author-view.ftl"("en", UTF-8, parsed); will try to load it.
14:22:20 DEBUG cache:45 - TemplateLoader.findTemplateSource("author-view/author-view_en.ftl"): Not found
14:22:20 DEBUG cache:45 - TemplateLoader.findTemplateSource("author-view/author-view.ftl"): Found
14:22:20 DEBUG cache:45 - Loading template for "author-view/author-view.ftl"("en", UTF-8, parsed) from "jar:file:/C:/Users/kunis/.m2/repository/com/aventstack/extentreports/3.1.3/extentreports-3.1.3.jar!/com/aventstack/extentreports/view/html-report/author-view/author-view.ftl"
14:22:20 DEBUG cache:45 - Couldn't find template in cache for "exception-view/exception-view.ftl"("en", UTF-8, parsed); will try to load it.
14:22:20 DEBUG cache:45 - TemplateLoader.findTemplateSource("exception-view/exception-view_en.ftl"): Not found
14:22:20 DEBUG cache:45 - TemplateLoader.findTemplateSource("exception-view/exception-view.ftl"): Found
14:22:20 DEBUG cache:45 - Loading template for "exception-view/exception-view.ftl"("en", UTF-8, parsed) from "jar:file:/C:/Users/kunis/.m2/repository/com/aventstack/extentreports/3.1.3/extentreports-3.1.3.jar!/com/aventstack/extentreports/view/html-report/exception-view/exception-view.ftl"
14:22:20 DEBUG cache:45 - Couldn't find template in cache for "dashboard-view/dashboard-view.ftl"("en", UTF-8, parsed); will try to load it.
14:22:20 DEBUG cache:45 - TemplateLoader.findTemplateSource("dashboard-view/dashboard-view_en.ftl"): Not found
14:22:20 DEBUG cache:45 - TemplateLoader.findTemplateSource("dashboard-view/dashboard-view.ftl"): Found
14:22:20 DEBUG cache:45 - Loading template for "dashboard-view/dashboard-view.ftl"("en", UTF-8, parsed) from "jar:file:/C:/Users/kunis/.m2/repository/com/aventstack/extentreports/3.1.3/extentreports-3.1.3.jar!/com/aventstack/extentreports/view/html-report/dashboard-view/dashboard-view.ftl"
14:22:20 DEBUG cache:45 - Couldn't find template in cache for "logs-view/testrunner-logs-view.ftl"("en", UTF-8, parsed); will try to load it.
14:22:20 DEBUG cache:45 - TemplateLoader.findTemplateSource("logs-view/testrunner-logs-view_en.ftl"): Not found
14:22:20 DEBUG cache:45 - TemplateLoader.findTemplateSource("logs-view/testrunner-logs-view.ftl"): Found
14:22:20 DEBUG cache:45 - Loading template for "logs-view/testrunner-logs-view.ftl"("en", UTF-8, parsed) from "jar:file:/C:/Users/kunis/.m2/repository/com/aventstack/extentreports/3.1.3/extentreports-3.1.3.jar!/com/aventstack/extentreports/view/html-report/logs-view/testrunner-logs-view.ftl"
14:26:45 INFO  BaseClass:35 - configuring reports
14:26:45 INFO  BaseClass:43 - browser type:  chrome
14:26:53 INFO  BaseClass:48 - https://staging.clubkitchen.at/ website launching
14:27:03 INFO  BaseClass:51 - Object repository instantiated
14:27:03 INFO  BaseClass:28 - testcase launchAndSelectMamacita initialized for reporting
14:27:03 INFO  ActionHelper:86 - waiting for element---->[[ChromeDriver: chrome on WINDOWS (ffe652c60e2eac0e7420732297168757)] -> css selector: img[alt='Clubkitchen - zur Startseite wechseln']]
14:27:03 INFO  ActionHelper:90 - element found--->[[ChromeDriver: chrome on WINDOWS (ffe652c60e2eac0e7420732297168757)] -> css selector: img[alt='Clubkitchen - zur Startseite wechseln']]
14:27:04 INFO  ActionHelper:81 - element found -->[[ChromeDriver: chrome on WINDOWS (ffe652c60e2eac0e7420732297168757)] -> css selector: img[alt='Clubkitchen - zur Startseite wechseln']]
14:27:05 INFO  ActionHelper:34 - clicking on element----->[[ChromeDriver: chrome on WINDOWS (ffe652c60e2eac0e7420732297168757)] -> css selector: button[class="agree-cookie"]]
14:27:06 INFO  ActionHelper:34 - clicking on element----->[[ChromeDriver: chrome on WINDOWS (ffe652c60e2eac0e7420732297168757)] -> xpath: /html/body/div/section/div/div/div/div/div[2]/section/div[4]/div/div/a]
14:27:15 INFO  ActionHelper:86 - waiting for element---->[[ChromeDriver: chrome on WINDOWS (ffe652c60e2eac0e7420732297168757)] -> xpath: (//*[text()=' Gib deine Adresse ein, um das Men zu sehen. '])[2]]
14:27:15 INFO  ActionHelper:90 - element found--->[[ChromeDriver: chrome on WINDOWS (ffe652c60e2eac0e7420732297168757)] -> xpath: (//*[text()=' Gib deine Adresse ein, um das Men zu sehen. '])[2]]
14:27:16 INFO  ActionHelper:81 - element found -->[[ChromeDriver: chrome on WINDOWS (ffe652c60e2eac0e7420732297168757)] -> xpath: (//*[text()=' Gib deine Adresse ein, um das Men zu sehen. '])[2]]
14:27:16 INFO  ActionHelper:61 - sending text to element----->[[ChromeDriver: chrome on WINDOWS (ffe652c60e2eac0e7420732297168757)] -> id: address-input]
14:27:18 INFO  ActionHelper:34 - clicking on element----->[[ChromeDriver: chrome on WINDOWS (ffe652c60e2eac0e7420732297168757)] -> css selector: input[type="submit"]]
14:27:21 INFO  ActionHelper:100 - waiting for element to be invisible---->[[ChromeDriver: chrome on WINDOWS (ffe652c60e2eac0e7420732297168757)] -> css selector: div[class="icon--default"]]
14:27:45 INFO  ActionHelper:86 - waiting for element---->[[ChromeDriver: chrome on WINDOWS (ffe652c60e2eac0e7420732297168757)] -> xpath: (//a[@title="Mamacita"])[2]]
14:27:45 INFO  ActionHelper:90 - element found--->[[ChromeDriver: chrome on WINDOWS (ffe652c60e2eac0e7420732297168757)] -> xpath: (//a[@title="Mamacita"])[2]]
14:27:45 INFO  ActionHelper:81 - element found -->[[ChromeDriver: chrome on WINDOWS (ffe652c60e2eac0e7420732297168757)] -> xpath: (//a[@title="Mamacita"])[2]]
14:27:46 INFO  ActionHelper:34 - clicking on element----->[[ChromeDriver: chrome on WINDOWS (ffe652c60e2eac0e7420732297168757)] -> xpath: //*[text()=' Chewy Chocolate Chip Cookie ']/parent::a/parent::form/following-sibling::div[3]/child::form/child::button]
14:27:50 INFO  ActionHelper:86 - waiting for element---->[[ChromeDriver: chrome on WINDOWS (ffe652c60e2eac0e7420732297168757)] -> css selector: span[class="item--name"]]
14:27:50 INFO  ActionHelper:90 - element found--->[[ChromeDriver: chrome on WINDOWS (ffe652c60e2eac0e7420732297168757)] -> css selector: span[class="item--name"]]
14:27:51 INFO  ActionHelper:81 - element found -->[[ChromeDriver: chrome on WINDOWS (ffe652c60e2eac0e7420732297168757)] -> css selector: span[class="item--name"]]
14:27:51 INFO  ActionHelper:86 - waiting for element---->[[ChromeDriver: chrome on WINDOWS (ffe652c60e2eac0e7420732297168757)] -> css selector: span[class="item--name"]]
14:27:51 INFO  ActionHelper:90 - element found--->[[ChromeDriver: chrome on WINDOWS (ffe652c60e2eac0e7420732297168757)] -> css selector: span[class="item--name"]]
14:27:51 INFO  ActionHelper:74 - "Chewy Chocolate Chip Cookie" is the text obtained from element -->[[ChromeDriver: chrome on WINDOWS (ffe652c60e2eac0e7420732297168757)] -> css selector: span[class="item--name"]]
14:27:51 INFO  BaseClass:68 - launchAndSelectMamacita TEST PASSED
14:27:51 INFO  BaseClass:90 - wrapping up with driver and reporting
14:27:51 DEBUG cache:45 - Couldn't find template in cache for "index.ftl"("en", UTF-8, parsed); will try to load it.
14:27:51 DEBUG cache:45 - TemplateLoader.findTemplateSource("index_en.ftl"): Not found
14:27:51 DEBUG cache:45 - TemplateLoader.findTemplateSource("index.ftl"): Found
14:27:51 DEBUG cache:45 - Loading template for "index.ftl"("en", UTF-8, parsed) from "jar:file:/C:/Users/kunis/.m2/repository/com/aventstack/extentreports/3.1.3/extentreports-3.1.3.jar!/com/aventstack/extentreports/view/html-report/index.ftl"
14:27:52 DEBUG cache:45 - Couldn't find template in cache for "head.ftl"("en", UTF-8, parsed); will try to load it.
14:27:52 DEBUG cache:45 - TemplateLoader.findTemplateSource("head_en.ftl"): Not found
14:27:52 DEBUG cache:45 - TemplateLoader.findTemplateSource("head.ftl"): Found
14:27:52 DEBUG cache:45 - Loading template for "head.ftl"("en", UTF-8, parsed) from "jar:file:/C:/Users/kunis/.m2/repository/com/aventstack/extentreports/3.1.3/extentreports-3.1.3.jar!/com/aventstack/extentreports/view/html-report/head.ftl"
14:27:52 DEBUG cache:45 - Couldn't find template in cache for "nav.ftl"("en", UTF-8, parsed); will try to load it.
14:27:52 DEBUG cache:45 - TemplateLoader.findTemplateSource("nav_en.ftl"): Not found
14:27:52 DEBUG cache:45 - TemplateLoader.findTemplateSource("nav.ftl"): Found
14:27:52 DEBUG cache:45 - Loading template for "nav.ftl"("en", UTF-8, parsed) from "jar:file:/C:/Users/kunis/.m2/repository/com/aventstack/extentreports/3.1.3/extentreports-3.1.3.jar!/com/aventstack/extentreports/view/html-report/nav.ftl"
14:27:52 DEBUG cache:45 - Couldn't find template in cache for "test-view/test-view.ftl"("en", UTF-8, parsed); will try to load it.
14:27:52 DEBUG cache:45 - TemplateLoader.findTemplateSource("test-view/test-view_en.ftl"): Not found
14:27:52 DEBUG cache:45 - TemplateLoader.findTemplateSource("test-view/test-view.ftl"): Found
14:27:52 DEBUG cache:45 - Loading template for "test-view/test-view.ftl"("en", UTF-8, parsed) from "jar:file:/C:/Users/kunis/.m2/repository/com/aventstack/extentreports/3.1.3/extentreports-3.1.3.jar!/com/aventstack/extentreports/view/html-report/test-view/test-view.ftl"
14:27:52 DEBUG cache:45 - Couldn't find template in cache for "test-view/test-view-charts.ftl"("en", UTF-8, parsed); will try to load it.
14:27:52 DEBUG cache:45 - TemplateLoader.findTemplateSource("test-view/test-view-charts_en.ftl"): Not found
14:27:52 DEBUG cache:45 - TemplateLoader.findTemplateSource("test-view/test-view-charts.ftl"): Found
14:27:52 DEBUG cache:45 - Loading template for "test-view/test-view-charts.ftl"("en", UTF-8, parsed) from "jar:file:/C:/Users/kunis/.m2/repository/com/aventstack/extentreports/3.1.3/extentreports-3.1.3.jar!/com/aventstack/extentreports/view/html-report/test-view/test-view-charts.ftl"
14:27:52 DEBUG cache:45 - Couldn't find template in cache for "test-view/standard.ftl"("en", UTF-8, parsed); will try to load it.
14:27:52 DEBUG cache:45 - TemplateLoader.findTemplateSource("test-view/standard_en.ftl"): Not found
14:27:52 DEBUG cache:45 - TemplateLoader.findTemplateSource("test-view/standard.ftl"): Found
14:27:52 DEBUG cache:45 - Loading template for "test-view/standard.ftl"("en", UTF-8, parsed) from "jar:file:/C:/Users/kunis/.m2/repository/com/aventstack/extentreports/3.1.3/extentreports-3.1.3.jar!/com/aventstack/extentreports/view/html-report/test-view/standard.ftl"
14:27:52 DEBUG cache:45 - Couldn't find template in cache for "category-view/category-view.ftl"("en", UTF-8, parsed); will try to load it.
14:27:52 DEBUG cache:45 - TemplateLoader.findTemplateSource("category-view/category-view_en.ftl"): Not found
14:27:52 DEBUG cache:45 - TemplateLoader.findTemplateSource("category-view/category-view.ftl"): Found
14:27:52 DEBUG cache:45 - Loading template for "category-view/category-view.ftl"("en", UTF-8, parsed) from "jar:file:/C:/Users/kunis/.m2/repository/com/aventstack/extentreports/3.1.3/extentreports-3.1.3.jar!/com/aventstack/extentreports/view/html-report/category-view/category-view.ftl"
14:27:52 DEBUG cache:45 - Couldn't find template in cache for "author-view/author-view.ftl"("en", UTF-8, parsed); will try to load it.
14:27:52 DEBUG cache:45 - TemplateLoader.findTemplateSource("author-view/author-view_en.ftl"): Not found
14:27:52 DEBUG cache:45 - TemplateLoader.findTemplateSource("author-view/author-view.ftl"): Found
14:27:52 DEBUG cache:45 - Loading template for "author-view/author-view.ftl"("en", UTF-8, parsed) from "jar:file:/C:/Users/kunis/.m2/repository/com/aventstack/extentreports/3.1.3/extentreports-3.1.3.jar!/com/aventstack/extentreports/view/html-report/author-view/author-view.ftl"
14:27:52 DEBUG cache:45 - Couldn't find template in cache for "exception-view/exception-view.ftl"("en", UTF-8, parsed); will try to load it.
14:27:52 DEBUG cache:45 - TemplateLoader.findTemplateSource("exception-view/exception-view_en.ftl"): Not found
14:27:52 DEBUG cache:45 - TemplateLoader.findTemplateSource("exception-view/exception-view.ftl"): Found
14:27:52 DEBUG cache:45 - Loading template for "exception-view/exception-view.ftl"("en", UTF-8, parsed) from "jar:file:/C:/Users/kunis/.m2/repository/com/aventstack/extentreports/3.1.3/extentreports-3.1.3.jar!/com/aventstack/extentreports/view/html-report/exception-view/exception-view.ftl"
14:27:52 DEBUG cache:45 - Couldn't find template in cache for "dashboard-view/dashboard-view.ftl"("en", UTF-8, parsed); will try to load it.
14:27:52 DEBUG cache:45 - TemplateLoader.findTemplateSource("dashboard-view/dashboard-view_en.ftl"): Not found
14:27:52 DEBUG cache:45 - TemplateLoader.findTemplateSource("dashboard-view/dashboard-view.ftl"): Found
14:27:52 DEBUG cache:45 - Loading template for "dashboard-view/dashboard-view.ftl"("en", UTF-8, parsed) from "jar:file:/C:/Users/kunis/.m2/repository/com/aventstack/extentreports/3.1.3/extentreports-3.1.3.jar!/com/aventstack/extentreports/view/html-report/dashboard-view/dashboard-view.ftl"
14:27:52 DEBUG cache:45 - Couldn't find template in cache for "logs-view/testrunner-logs-view.ftl"("en", UTF-8, parsed); will try to load it.
14:27:52 DEBUG cache:45 - TemplateLoader.findTemplateSource("logs-view/testrunner-logs-view_en.ftl"): Not found
14:27:52 DEBUG cache:45 - TemplateLoader.findTemplateSource("logs-view/testrunner-logs-view.ftl"): Found
14:27:52 DEBUG cache:45 - Loading template for "logs-view/testrunner-logs-view.ftl"("en", UTF-8, parsed) from "jar:file:/C:/Users/kunis/.m2/repository/com/aventstack/extentreports/3.1.3/extentreports-3.1.3.jar!/com/aventstack/extentreports/view/html-report/logs-view/testrunner-logs-view.ftl"
14:29:27 INFO  BaseClass:35 - configuring reports
14:29:27 INFO  BaseClass:43 - browser type:  chrome
14:29:34 INFO  BaseClass:48 - https://staging.clubkitchen.at/ website launching
14:29:38 INFO  BaseClass:51 - Object repository instantiated
14:29:38 INFO  BaseClass:28 - testcase launchAndSelectMamacita initialized for reporting
14:29:39 INFO  ActionHelper:65 - waiting for element---->[[ChromeDriver: chrome on WINDOWS (d42c2e5f130df46ba22222d9d8ffdb35)] -> css selector: img[alt='Clubkitchen - zur Startseite wechseln']]
14:29:39 INFO  ActionHelper:69 - element found--->[[ChromeDriver: chrome on WINDOWS (d42c2e5f130df46ba22222d9d8ffdb35)] -> css selector: img[alt='Clubkitchen - zur Startseite wechseln']]
14:29:39 INFO  ActionHelper:60 - element found -->[[ChromeDriver: chrome on WINDOWS (d42c2e5f130df46ba22222d9d8ffdb35)] -> css selector: img[alt='Clubkitchen - zur Startseite wechseln']]
14:29:40 INFO  ActionHelper:28 - clicking on element----->[[ChromeDriver: chrome on WINDOWS (d42c2e5f130df46ba22222d9d8ffdb35)] -> css selector: button[class="agree-cookie"]]
14:29:40 INFO  ActionHelper:28 - clicking on element----->[[ChromeDriver: chrome on WINDOWS (d42c2e5f130df46ba22222d9d8ffdb35)] -> xpath: /html/body/div/section/div/div/div/div/div[2]/section/div[4]/div/div/a]
14:29:43 INFO  ActionHelper:65 - waiting for element---->[[ChromeDriver: chrome on WINDOWS (d42c2e5f130df46ba22222d9d8ffdb35)] -> xpath: (//*[text()=' Gib deine Adresse ein, um das Men zu sehen. '])[2]]
14:29:43 INFO  ActionHelper:69 - element found--->[[ChromeDriver: chrome on WINDOWS (d42c2e5f130df46ba22222d9d8ffdb35)] -> xpath: (//*[text()=' Gib deine Adresse ein, um das Men zu sehen. '])[2]]
14:29:44 INFO  ActionHelper:60 - element found -->[[ChromeDriver: chrome on WINDOWS (d42c2e5f130df46ba22222d9d8ffdb35)] -> xpath: (//*[text()=' Gib deine Adresse ein, um das Men zu sehen. '])[2]]
14:29:44 INFO  ActionHelper:40 - sending text to element----->[[ChromeDriver: chrome on WINDOWS (d42c2e5f130df46ba22222d9d8ffdb35)] -> id: address-input]
14:29:46 INFO  ActionHelper:28 - clicking on element----->[[ChromeDriver: chrome on WINDOWS (d42c2e5f130df46ba22222d9d8ffdb35)] -> css selector: input[type="submit"]]
14:29:56 INFO  ActionHelper:79 - waiting for element to be invisible---->Proxy element for: DefaultElementLocator 'By.cssSelector: div[class="icon--default"]'
14:30:25 INFO  ActionHelper:65 - waiting for element---->[[ChromeDriver: chrome on WINDOWS (d42c2e5f130df46ba22222d9d8ffdb35)] -> xpath: (//a[@title="Mamacita"])[2]]
14:30:25 INFO  ActionHelper:69 - element found--->[[ChromeDriver: chrome on WINDOWS (d42c2e5f130df46ba22222d9d8ffdb35)] -> xpath: (//a[@title="Mamacita"])[2]]
14:30:25 INFO  ActionHelper:60 - element found -->[[ChromeDriver: chrome on WINDOWS (d42c2e5f130df46ba22222d9d8ffdb35)] -> xpath: (//a[@title="Mamacita"])[2]]
14:30:26 INFO  ActionHelper:28 - clicking on element----->[[ChromeDriver: chrome on WINDOWS (d42c2e5f130df46ba22222d9d8ffdb35)] -> xpath: //*[text()=' Chewy Chocolate Chip Cookie ']/parent::a/parent::form/following-sibling::div[3]/child::form/child::button]
14:30:30 INFO  ActionHelper:65 - waiting for element---->[[ChromeDriver: chrome on WINDOWS (d42c2e5f130df46ba22222d9d8ffdb35)] -> css selector: span[class="item--name"]]
14:30:30 INFO  ActionHelper:69 - element found--->[[ChromeDriver: chrome on WINDOWS (d42c2e5f130df46ba22222d9d8ffdb35)] -> css selector: span[class="item--name"]]
14:30:30 INFO  ActionHelper:60 - element found -->[[ChromeDriver: chrome on WINDOWS (d42c2e5f130df46ba22222d9d8ffdb35)] -> css selector: span[class="item--name"]]
14:30:30 INFO  ActionHelper:65 - waiting for element---->[[ChromeDriver: chrome on WINDOWS (d42c2e5f130df46ba22222d9d8ffdb35)] -> css selector: span[class="item--name"]]
14:30:31 INFO  ActionHelper:69 - element found--->[[ChromeDriver: chrome on WINDOWS (d42c2e5f130df46ba22222d9d8ffdb35)] -> css selector: span[class="item--name"]]
14:30:31 INFO  ActionHelper:53 - "Chewy Chocolate Chip Cookie" is the text obtained from element -->[[ChromeDriver: chrome on WINDOWS (d42c2e5f130df46ba22222d9d8ffdb35)] -> css selector: span[class="item--name"]]
14:30:31 INFO  ActionHelper:65 - waiting for element---->[[ChromeDriver: chrome on WINDOWS (d42c2e5f130df46ba22222d9d8ffdb35)] -> css selector: span[class="item--name"]]
14:30:31 INFO  ActionHelper:69 - element found--->[[ChromeDriver: chrome on WINDOWS (d42c2e5f130df46ba22222d9d8ffdb35)] -> css selector: span[class="item--name"]]
14:30:31 INFO  ActionHelper:53 - "Chewy Chocolate Chip Cookie" is the text obtained from element -->[[ChromeDriver: chrome on WINDOWS (d42c2e5f130df46ba22222d9d8ffdb35)] -> css selector: span[class="item--name"]]
14:30:31 INFO  BaseClass:68 - launchAndSelectMamacita TEST PASSED
14:30:31 INFO  BaseClass:90 - wrapping up with driver and reporting
14:30:32 DEBUG cache:45 - Couldn't find template in cache for "index.ftl"("en", UTF-8, parsed); will try to load it.
14:30:32 DEBUG cache:45 - TemplateLoader.findTemplateSource("index_en.ftl"): Not found
14:30:32 DEBUG cache:45 - TemplateLoader.findTemplateSource("index.ftl"): Found
14:30:32 DEBUG cache:45 - Loading template for "index.ftl"("en", UTF-8, parsed) from "jar:file:/C:/Users/kunis/.m2/repository/com/aventstack/extentreports/3.1.3/extentreports-3.1.3.jar!/com/aventstack/extentreports/view/html-report/index.ftl"
14:30:32 DEBUG cache:45 - Couldn't find template in cache for "head.ftl"("en", UTF-8, parsed); will try to load it.
14:30:32 DEBUG cache:45 - TemplateLoader.findTemplateSource("head_en.ftl"): Not found
14:30:32 DEBUG cache:45 - TemplateLoader.findTemplateSource("head.ftl"): Found
14:30:32 DEBUG cache:45 - Loading template for "head.ftl"("en", UTF-8, parsed) from "jar:file:/C:/Users/kunis/.m2/repository/com/aventstack/extentreports/3.1.3/extentreports-3.1.3.jar!/com/aventstack/extentreports/view/html-report/head.ftl"
14:30:32 DEBUG cache:45 - Couldn't find template in cache for "nav.ftl"("en", UTF-8, parsed); will try to load it.
14:30:32 DEBUG cache:45 - TemplateLoader.findTemplateSource("nav_en.ftl"): Not found
14:30:32 DEBUG cache:45 - TemplateLoader.findTemplateSource("nav.ftl"): Found
14:30:32 DEBUG cache:45 - Loading template for "nav.ftl"("en", UTF-8, parsed) from "jar:file:/C:/Users/kunis/.m2/repository/com/aventstack/extentreports/3.1.3/extentreports-3.1.3.jar!/com/aventstack/extentreports/view/html-report/nav.ftl"
14:30:32 DEBUG cache:45 - Couldn't find template in cache for "test-view/test-view.ftl"("en", UTF-8, parsed); will try to load it.
14:30:32 DEBUG cache:45 - TemplateLoader.findTemplateSource("test-view/test-view_en.ftl"): Not found
14:30:32 DEBUG cache:45 - TemplateLoader.findTemplateSource("test-view/test-view.ftl"): Found
14:30:32 DEBUG cache:45 - Loading template for "test-view/test-view.ftl"("en", UTF-8, parsed) from "jar:file:/C:/Users/kunis/.m2/repository/com/aventstack/extentreports/3.1.3/extentreports-3.1.3.jar!/com/aventstack/extentreports/view/html-report/test-view/test-view.ftl"
14:30:32 DEBUG cache:45 - Couldn't find template in cache for "test-view/test-view-charts.ftl"("en", UTF-8, parsed); will try to load it.
14:30:32 DEBUG cache:45 - TemplateLoader.findTemplateSource("test-view/test-view-charts_en.ftl"): Not found
14:30:32 DEBUG cache:45 - TemplateLoader.findTemplateSource("test-view/test-view-charts.ftl"): Found
14:30:32 DEBUG cache:45 - Loading template for "test-view/test-view-charts.ftl"("en", UTF-8, parsed) from "jar:file:/C:/Users/kunis/.m2/repository/com/aventstack/extentreports/3.1.3/extentreports-3.1.3.jar!/com/aventstack/extentreports/view/html-report/test-view/test-view-charts.ftl"
14:30:32 DEBUG cache:45 - Couldn't find template in cache for "test-view/standard.ftl"("en", UTF-8, parsed); will try to load it.
14:30:32 DEBUG cache:45 - TemplateLoader.findTemplateSource("test-view/standard_en.ftl"): Not found
14:30:32 DEBUG cache:45 - TemplateLoader.findTemplateSource("test-view/standard.ftl"): Found
14:30:32 DEBUG cache:45 - Loading template for "test-view/standard.ftl"("en", UTF-8, parsed) from "jar:file:/C:/Users/kunis/.m2/repository/com/aventstack/extentreports/3.1.3/extentreports-3.1.3.jar!/com/aventstack/extentreports/view/html-report/test-view/standard.ftl"
14:30:32 DEBUG cache:45 - Couldn't find template in cache for "category-view/category-view.ftl"("en", UTF-8, parsed); will try to load it.
14:30:32 DEBUG cache:45 - TemplateLoader.findTemplateSource("category-view/category-view_en.ftl"): Not found
14:30:32 DEBUG cache:45 - TemplateLoader.findTemplateSource("category-view/category-view.ftl"): Found
14:30:32 DEBUG cache:45 - Loading template for "category-view/category-view.ftl"("en", UTF-8, parsed) from "jar:file:/C:/Users/kunis/.m2/repository/com/aventstack/extentreports/3.1.3/extentreports-3.1.3.jar!/com/aventstack/extentreports/view/html-report/category-view/category-view.ftl"
14:30:32 DEBUG cache:45 - Couldn't find template in cache for "author-view/author-view.ftl"("en", UTF-8, parsed); will try to load it.
14:30:32 DEBUG cache:45 - TemplateLoader.findTemplateSource("author-view/author-view_en.ftl"): Not found
14:30:32 DEBUG cache:45 - TemplateLoader.findTemplateSource("author-view/author-view.ftl"): Found
14:30:32 DEBUG cache:45 - Loading template for "author-view/author-view.ftl"("en", UTF-8, parsed) from "jar:file:/C:/Users/kunis/.m2/repository/com/aventstack/extentreports/3.1.3/extentreports-3.1.3.jar!/com/aventstack/extentreports/view/html-report/author-view/author-view.ftl"
14:30:32 DEBUG cache:45 - Couldn't find template in cache for "exception-view/exception-view.ftl"("en", UTF-8, parsed); will try to load it.
14:30:32 DEBUG cache:45 - TemplateLoader.findTemplateSource("exception-view/exception-view_en.ftl"): Not found
14:30:32 DEBUG cache:45 - TemplateLoader.findTemplateSource("exception-view/exception-view.ftl"): Found
14:30:32 DEBUG cache:45 - Loading template for "exception-view/exception-view.ftl"("en", UTF-8, parsed) from "jar:file:/C:/Users/kunis/.m2/repository/com/aventstack/extentreports/3.1.3/extentreports-3.1.3.jar!/com/aventstack/extentreports/view/html-report/exception-view/exception-view.ftl"
14:30:32 DEBUG cache:45 - Couldn't find template in cache for "dashboard-view/dashboard-view.ftl"("en", UTF-8, parsed); will try to load it.
14:30:32 DEBUG cache:45 - TemplateLoader.findTemplateSource("dashboard-view/dashboard-view_en.ftl"): Not found
14:30:32 DEBUG cache:45 - TemplateLoader.findTemplateSource("dashboard-view/dashboard-view.ftl"): Found
14:30:32 DEBUG cache:45 - Loading template for "dashboard-view/dashboard-view.ftl"("en", UTF-8, parsed) from "jar:file:/C:/Users/kunis/.m2/repository/com/aventstack/extentreports/3.1.3/extentreports-3.1.3.jar!/com/aventstack/extentreports/view/html-report/dashboard-view/dashboard-view.ftl"
14:30:32 DEBUG cache:45 - Couldn't find template in cache for "logs-view/testrunner-logs-view.ftl"("en", UTF-8, parsed); will try to load it.
14:30:32 DEBUG cache:45 - TemplateLoader.findTemplateSource("logs-view/testrunner-logs-view_en.ftl"): Not found
14:30:32 DEBUG cache:45 - TemplateLoader.findTemplateSource("logs-view/testrunner-logs-view.ftl"): Found
14:30:32 DEBUG cache:45 - Loading template for "logs-view/testrunner-logs-view.ftl"("en", UTF-8, parsed) from "jar:file:/C:/Users/kunis/.m2/repository/com/aventstack/extentreports/3.1.3/extentreports-3.1.3.jar!/com/aventstack/extentreports/view/html-report/logs-view/testrunner-logs-view.ftl"
14:31:29 INFO  BaseClass:35 - configuring reports
14:31:29 INFO  BaseClass:43 - browser type:  chrome
14:31:36 INFO  BaseClass:48 - https://staging.clubkitchen.at/ website launching
14:31:55 INFO  BaseClass:51 - Object repository instantiated
14:31:55 INFO  BaseClass:28 - testcase launchAndSelectMamacita initialized for reporting
14:31:55 INFO  ActionHelper:65 - waiting for element---->[[ChromeDriver: chrome on WINDOWS (5b9f69313e0f70b496465712bb3ae309)] -> css selector: img[alt='Clubkitchen - zur Startseite wechseln']]
14:31:56 INFO  ActionHelper:69 - element found--->[[ChromeDriver: chrome on WINDOWS (5b9f69313e0f70b496465712bb3ae309)] -> css selector: img[alt='Clubkitchen - zur Startseite wechseln']]
14:31:56 INFO  ActionHelper:60 - element found -->[[ChromeDriver: chrome on WINDOWS (5b9f69313e0f70b496465712bb3ae309)] -> css selector: img[alt='Clubkitchen - zur Startseite wechseln']]
14:31:57 INFO  ActionHelper:28 - clicking on element----->[[ChromeDriver: chrome on WINDOWS (5b9f69313e0f70b496465712bb3ae309)] -> css selector: button[class="agree-cookie"]]
14:31:58 INFO  ActionHelper:28 - clicking on element----->[[ChromeDriver: chrome on WINDOWS (5b9f69313e0f70b496465712bb3ae309)] -> xpath: /html/body/div/section/div/div/div/div/div[2]/section/div[4]/div/div/a]
14:32:10 INFO  ActionHelper:65 - waiting for element---->[[ChromeDriver: chrome on WINDOWS (5b9f69313e0f70b496465712bb3ae309)] -> xpath: (//*[text()=' Gib deine Adresse ein, um das Men zu sehen. '])[2]]
14:32:11 INFO  ActionHelper:69 - element found--->[[ChromeDriver: chrome on WINDOWS (5b9f69313e0f70b496465712bb3ae309)] -> xpath: (//*[text()=' Gib deine Adresse ein, um das Men zu sehen. '])[2]]
14:32:11 INFO  ActionHelper:60 - element found -->[[ChromeDriver: chrome on WINDOWS (5b9f69313e0f70b496465712bb3ae309)] -> xpath: (//*[text()=' Gib deine Adresse ein, um das Men zu sehen. '])[2]]
14:32:11 INFO  ActionHelper:40 - sending text to element----->[[ChromeDriver: chrome on WINDOWS (5b9f69313e0f70b496465712bb3ae309)] -> id: address-input]
14:32:13 INFO  ActionHelper:28 - clicking on element----->[[ChromeDriver: chrome on WINDOWS (5b9f69313e0f70b496465712bb3ae309)] -> css selector: input[type="submit"]]
14:32:15 INFO  ActionHelper:79 - waiting for element to be invisible---->[[ChromeDriver: chrome on WINDOWS (5b9f69313e0f70b496465712bb3ae309)] -> css selector: div[class="icon--default"]]
14:32:40 INFO  ActionHelper:65 - waiting for element---->[[ChromeDriver: chrome on WINDOWS (5b9f69313e0f70b496465712bb3ae309)] -> xpath: (//a[@title="Mamacita"])[2]]
14:32:40 INFO  ActionHelper:69 - element found--->[[ChromeDriver: chrome on WINDOWS (5b9f69313e0f70b496465712bb3ae309)] -> xpath: (//a[@title="Mamacita"])[2]]
14:32:41 INFO  ActionHelper:60 - element found -->[[ChromeDriver: chrome on WINDOWS (5b9f69313e0f70b496465712bb3ae309)] -> xpath: (//a[@title="Mamacita"])[2]]
14:32:41 INFO  ActionHelper:28 - clicking on element----->[[ChromeDriver: chrome on WINDOWS (5b9f69313e0f70b496465712bb3ae309)] -> xpath: //*[text()=' Chewy Chocolate Chip Cookie ']/parent::a/parent::form/following-sibling::div[3]/child::form/child::button]
14:32:45 INFO  ActionHelper:65 - waiting for element---->[[ChromeDriver: chrome on WINDOWS (5b9f69313e0f70b496465712bb3ae309)] -> css selector: span[class="item--name"]]
14:32:45 INFO  ActionHelper:69 - element found--->[[ChromeDriver: chrome on WINDOWS (5b9f69313e0f70b496465712bb3ae309)] -> css selector: span[class="item--name"]]
14:32:46 INFO  ActionHelper:60 - element found -->[[ChromeDriver: chrome on WINDOWS (5b9f69313e0f70b496465712bb3ae309)] -> css selector: span[class="item--name"]]
14:32:46 INFO  ActionHelper:65 - waiting for element---->[[ChromeDriver: chrome on WINDOWS (5b9f69313e0f70b496465712bb3ae309)] -> css selector: span[class="item--name"]]
14:32:46 INFO  ActionHelper:69 - element found--->[[ChromeDriver: chrome on WINDOWS (5b9f69313e0f70b496465712bb3ae309)] -> css selector: span[class="item--name"]]
14:32:46 INFO  ActionHelper:53 - "Chewy Chocolate Chip Cookie" is the text obtained from element -->[[ChromeDriver: chrome on WINDOWS (5b9f69313e0f70b496465712bb3ae309)] -> css selector: span[class="item--name"]]
14:32:46 INFO  ActionHelper:65 - waiting for element---->[[ChromeDriver: chrome on WINDOWS (5b9f69313e0f70b496465712bb3ae309)] -> css selector: span[class="item--name"]]
14:32:46 INFO  ActionHelper:69 - element found--->[[ChromeDriver: chrome on WINDOWS (5b9f69313e0f70b496465712bb3ae309)] -> css selector: span[class="item--name"]]
14:32:46 INFO  ActionHelper:53 - "Chewy Chocolate Chip Cookie" is the text obtained from element -->[[ChromeDriver: chrome on WINDOWS (5b9f69313e0f70b496465712bb3ae309)] -> css selector: span[class="item--name"]]
14:32:46 INFO  BaseClass:68 - launchAndSelectMamacita TEST PASSED
14:32:47 INFO  BaseClass:90 - wrapping up with driver and reporting
14:32:47 DEBUG cache:45 - Couldn't find template in cache for "index.ftl"("en", UTF-8, parsed); will try to load it.
14:32:47 DEBUG cache:45 - TemplateLoader.findTemplateSource("index_en.ftl"): Not found
14:32:47 DEBUG cache:45 - TemplateLoader.findTemplateSource("index.ftl"): Found
14:32:47 DEBUG cache:45 - Loading template for "index.ftl"("en", UTF-8, parsed) from "jar:file:/C:/Users/kunis/.m2/repository/com/aventstack/extentreports/3.1.3/extentreports-3.1.3.jar!/com/aventstack/extentreports/view/html-report/index.ftl"
14:32:47 DEBUG cache:45 - Couldn't find template in cache for "head.ftl"("en", UTF-8, parsed); will try to load it.
14:32:47 DEBUG cache:45 - TemplateLoader.findTemplateSource("head_en.ftl"): Not found
14:32:47 DEBUG cache:45 - TemplateLoader.findTemplateSource("head.ftl"): Found
14:32:47 DEBUG cache:45 - Loading template for "head.ftl"("en", UTF-8, parsed) from "jar:file:/C:/Users/kunis/.m2/repository/com/aventstack/extentreports/3.1.3/extentreports-3.1.3.jar!/com/aventstack/extentreports/view/html-report/head.ftl"
14:32:47 DEBUG cache:45 - Couldn't find template in cache for "nav.ftl"("en", UTF-8, parsed); will try to load it.
14:32:47 DEBUG cache:45 - TemplateLoader.findTemplateSource("nav_en.ftl"): Not found
14:32:47 DEBUG cache:45 - TemplateLoader.findTemplateSource("nav.ftl"): Found
14:32:47 DEBUG cache:45 - Loading template for "nav.ftl"("en", UTF-8, parsed) from "jar:file:/C:/Users/kunis/.m2/repository/com/aventstack/extentreports/3.1.3/extentreports-3.1.3.jar!/com/aventstack/extentreports/view/html-report/nav.ftl"
14:32:47 DEBUG cache:45 - Couldn't find template in cache for "test-view/test-view.ftl"("en", UTF-8, parsed); will try to load it.
14:32:47 DEBUG cache:45 - TemplateLoader.findTemplateSource("test-view/test-view_en.ftl"): Not found
14:32:47 DEBUG cache:45 - TemplateLoader.findTemplateSource("test-view/test-view.ftl"): Found
14:32:47 DEBUG cache:45 - Loading template for "test-view/test-view.ftl"("en", UTF-8, parsed) from "jar:file:/C:/Users/kunis/.m2/repository/com/aventstack/extentreports/3.1.3/extentreports-3.1.3.jar!/com/aventstack/extentreports/view/html-report/test-view/test-view.ftl"
14:32:47 DEBUG cache:45 - Couldn't find template in cache for "test-view/test-view-charts.ftl"("en", UTF-8, parsed); will try to load it.
14:32:47 DEBUG cache:45 - TemplateLoader.findTemplateSource("test-view/test-view-charts_en.ftl"): Not found
14:32:47 DEBUG cache:45 - TemplateLoader.findTemplateSource("test-view/test-view-charts.ftl"): Found
14:32:47 DEBUG cache:45 - Loading template for "test-view/test-view-charts.ftl"("en", UTF-8, parsed) from "jar:file:/C:/Users/kunis/.m2/repository/com/aventstack/extentreports/3.1.3/extentreports-3.1.3.jar!/com/aventstack/extentreports/view/html-report/test-view/test-view-charts.ftl"
14:32:47 DEBUG cache:45 - Couldn't find template in cache for "test-view/standard.ftl"("en", UTF-8, parsed); will try to load it.
14:32:47 DEBUG cache:45 - TemplateLoader.findTemplateSource("test-view/standard_en.ftl"): Not found
14:32:47 DEBUG cache:45 - TemplateLoader.findTemplateSource("test-view/standard.ftl"): Found
14:32:47 DEBUG cache:45 - Loading template for "test-view/standard.ftl"("en", UTF-8, parsed) from "jar:file:/C:/Users/kunis/.m2/repository/com/aventstack/extentreports/3.1.3/extentreports-3.1.3.jar!/com/aventstack/extentreports/view/html-report/test-view/standard.ftl"
14:32:47 DEBUG cache:45 - Couldn't find template in cache for "category-view/category-view.ftl"("en", UTF-8, parsed); will try to load it.
14:32:47 DEBUG cache:45 - TemplateLoader.findTemplateSource("category-view/category-view_en.ftl"): Not found
14:32:47 DEBUG cache:45 - TemplateLoader.findTemplateSource("category-view/category-view.ftl"): Found
14:32:47 DEBUG cache:45 - Loading template for "category-view/category-view.ftl"("en", UTF-8, parsed) from "jar:file:/C:/Users/kunis/.m2/repository/com/aventstack/extentreports/3.1.3/extentreports-3.1.3.jar!/com/aventstack/extentreports/view/html-report/category-view/category-view.ftl"
14:32:47 DEBUG cache:45 - Couldn't find template in cache for "author-view/author-view.ftl"("en", UTF-8, parsed); will try to load it.
14:32:47 DEBUG cache:45 - TemplateLoader.findTemplateSource("author-view/author-view_en.ftl"): Not found
14:32:47 DEBUG cache:45 - TemplateLoader.findTemplateSource("author-view/author-view.ftl"): Found
14:32:47 DEBUG cache:45 - Loading template for "author-view/author-view.ftl"("en", UTF-8, parsed) from "jar:file:/C:/Users/kunis/.m2/repository/com/aventstack/extentreports/3.1.3/extentreports-3.1.3.jar!/com/aventstack/extentreports/view/html-report/author-view/author-view.ftl"
14:32:47 DEBUG cache:45 - Couldn't find template in cache for "exception-view/exception-view.ftl"("en", UTF-8, parsed); will try to load it.
14:32:47 DEBUG cache:45 - TemplateLoader.findTemplateSource("exception-view/exception-view_en.ftl"): Not found
14:32:47 DEBUG cache:45 - TemplateLoader.findTemplateSource("exception-view/exception-view.ftl"): Found
14:32:47 DEBUG cache:45 - Loading template for "exception-view/exception-view.ftl"("en", UTF-8, parsed) from "jar:file:/C:/Users/kunis/.m2/repository/com/aventstack/extentreports/3.1.3/extentreports-3.1.3.jar!/com/aventstack/extentreports/view/html-report/exception-view/exception-view.ftl"
14:32:47 DEBUG cache:45 - Couldn't find template in cache for "dashboard-view/dashboard-view.ftl"("en", UTF-8, parsed); will try to load it.
14:32:47 DEBUG cache:45 - TemplateLoader.findTemplateSource("dashboard-view/dashboard-view_en.ftl"): Not found
14:32:47 DEBUG cache:45 - TemplateLoader.findTemplateSource("dashboard-view/dashboard-view.ftl"): Found
14:32:47 DEBUG cache:45 - Loading template for "dashboard-view/dashboard-view.ftl"("en", UTF-8, parsed) from "jar:file:/C:/Users/kunis/.m2/repository/com/aventstack/extentreports/3.1.3/extentreports-3.1.3.jar!/com/aventstack/extentreports/view/html-report/dashboard-view/dashboard-view.ftl"
14:32:47 DEBUG cache:45 - Couldn't find template in cache for "logs-view/testrunner-logs-view.ftl"("en", UTF-8, parsed); will try to load it.
14:32:47 DEBUG cache:45 - TemplateLoader.findTemplateSource("logs-view/testrunner-logs-view_en.ftl"): Not found
14:32:47 DEBUG cache:45 - TemplateLoader.findTemplateSource("logs-view/testrunner-logs-view.ftl"): Found
14:32:47 DEBUG cache:45 - Loading template for "logs-view/testrunner-logs-view.ftl"("en", UTF-8, parsed) from "jar:file:/C:/Users/kunis/.m2/repository/com/aventstack/extentreports/3.1.3/extentreports-3.1.3.jar!/com/aventstack/extentreports/view/html-report/logs-view/testrunner-logs-view.ftl"
14:32:57 INFO  BaseClass:35 - configuring reports
14:32:57 INFO  BaseClass:43 - browser type:  chrome
14:33:03 INFO  BaseClass:48 - https://staging.clubkitchen.at/ website launching
14:33:16 INFO  BaseClass:51 - Object repository instantiated
14:33:16 INFO  BaseClass:28 - testcase launchAndSelectMamacita initialized for reporting
14:33:16 INFO  ActionHelper:65 - waiting for element---->[[ChromeDriver: chrome on WINDOWS (36d42545d159d7c3dc509dfbfc5c8aa2)] -> css selector: img[alt='Clubkitchen - zur Startseite wechseln']]
14:33:17 INFO  ActionHelper:69 - element found--->[[ChromeDriver: chrome on WINDOWS (36d42545d159d7c3dc509dfbfc5c8aa2)] -> css selector: img[alt='Clubkitchen - zur Startseite wechseln']]
14:33:17 INFO  ActionHelper:60 - element found -->[[ChromeDriver: chrome on WINDOWS (36d42545d159d7c3dc509dfbfc5c8aa2)] -> css selector: img[alt='Clubkitchen - zur Startseite wechseln']]
14:33:18 INFO  ActionHelper:28 - clicking on element----->[[ChromeDriver: chrome on WINDOWS (36d42545d159d7c3dc509dfbfc5c8aa2)] -> css selector: button[class="agree-cookie"]]
14:33:19 INFO  ActionHelper:28 - clicking on element----->[[ChromeDriver: chrome on WINDOWS (36d42545d159d7c3dc509dfbfc5c8aa2)] -> xpath: /html/body/div/section/div/div/div/div/div[2]/section/div[4]/div/div/a]
14:33:28 INFO  ActionHelper:65 - waiting for element---->[[ChromeDriver: chrome on WINDOWS (36d42545d159d7c3dc509dfbfc5c8aa2)] -> xpath: (//*[text()=' Gib deine Adresse ein, um das Men zu sehen. '])[2]]
14:33:28 INFO  ActionHelper:69 - element found--->[[ChromeDriver: chrome on WINDOWS (36d42545d159d7c3dc509dfbfc5c8aa2)] -> xpath: (//*[text()=' Gib deine Adresse ein, um das Men zu sehen. '])[2]]
14:33:29 INFO  ActionHelper:60 - element found -->[[ChromeDriver: chrome on WINDOWS (36d42545d159d7c3dc509dfbfc5c8aa2)] -> xpath: (//*[text()=' Gib deine Adresse ein, um das Men zu sehen. '])[2]]
14:33:29 INFO  ActionHelper:40 - sending text to element----->[[ChromeDriver: chrome on WINDOWS (36d42545d159d7c3dc509dfbfc5c8aa2)] -> id: address-input]
14:33:31 INFO  ActionHelper:28 - clicking on element----->[[ChromeDriver: chrome on WINDOWS (36d42545d159d7c3dc509dfbfc5c8aa2)] -> css selector: input[type="submit"]]
14:33:31 INFO  ActionHelper:65 - waiting for element---->[[ChromeDriver: chrome on WINDOWS (36d42545d159d7c3dc509dfbfc5c8aa2)] -> xpath: (//a[@title="Mamacita"])[2]]
14:33:31 INFO  ActionHelper:69 - element found--->[[ChromeDriver: chrome on WINDOWS (36d42545d159d7c3dc509dfbfc5c8aa2)] -> xpath: (//a[@title="Mamacita"])[2]]
14:33:31 INFO  ActionHelper:60 - element found -->[[ChromeDriver: chrome on WINDOWS (36d42545d159d7c3dc509dfbfc5c8aa2)] -> xpath: (//a[@title="Mamacita"])[2]]
14:33:32 INFO  ActionHelper:28 - clicking on element----->[[ChromeDriver: chrome on WINDOWS (36d42545d159d7c3dc509dfbfc5c8aa2)] -> xpath: //*[text()=' Chewy Chocolate Chip Cookie ']/parent::a/parent::form/following-sibling::div[3]/child::form/child::button]
14:33:43 INFO  ActionHelper:65 - waiting for element---->Proxy element for: DefaultElementLocator 'By.cssSelector: span[class="item--name"]'
14:35:11 INFO  BaseClass:35 - configuring reports
14:35:11 INFO  BaseClass:43 - browser type:  chrome
14:35:18 INFO  BaseClass:48 - https://staging.clubkitchen.at/ website launching
14:35:29 INFO  BaseClass:51 - Object repository instantiated
14:35:29 INFO  BaseClass:28 - testcase launchAndSelectMamacita initialized for reporting
14:35:29 INFO  ActionHelper:65 - waiting for element---->[[ChromeDriver: chrome on WINDOWS (b19b43020b509b72521d3b398325a3fe)] -> css selector: img[alt='Clubkitchen - zur Startseite wechseln']]
14:35:30 INFO  ActionHelper:69 - element found--->[[ChromeDriver: chrome on WINDOWS (b19b43020b509b72521d3b398325a3fe)] -> css selector: img[alt='Clubkitchen - zur Startseite wechseln']]
14:35:30 INFO  ActionHelper:60 - element found -->[[ChromeDriver: chrome on WINDOWS (b19b43020b509b72521d3b398325a3fe)] -> css selector: img[alt='Clubkitchen - zur Startseite wechseln']]
14:35:31 INFO  ActionHelper:28 - clicking on element----->[[ChromeDriver: chrome on WINDOWS (b19b43020b509b72521d3b398325a3fe)] -> css selector: button[class="agree-cookie"]]
14:35:33 INFO  ActionHelper:28 - clicking on element----->[[ChromeDriver: chrome on WINDOWS (b19b43020b509b72521d3b398325a3fe)] -> xpath: /html/body/div/section/div/div/div/div/div[2]/section/div[4]/div/div/a]
14:35:43 INFO  ActionHelper:65 - waiting for element---->[[ChromeDriver: chrome on WINDOWS (b19b43020b509b72521d3b398325a3fe)] -> xpath: (//*[text()=' Gib deine Adresse ein, um das Men zu sehen. '])[2]]
14:35:43 INFO  ActionHelper:69 - element found--->[[ChromeDriver: chrome on WINDOWS (b19b43020b509b72521d3b398325a3fe)] -> xpath: (//*[text()=' Gib deine Adresse ein, um das Men zu sehen. '])[2]]
14:35:44 INFO  ActionHelper:60 - element found -->[[ChromeDriver: chrome on WINDOWS (b19b43020b509b72521d3b398325a3fe)] -> xpath: (//*[text()=' Gib deine Adresse ein, um das Men zu sehen. '])[2]]
14:35:44 INFO  ActionHelper:40 - sending text to element----->[[ChromeDriver: chrome on WINDOWS (b19b43020b509b72521d3b398325a3fe)] -> id: address-input]
14:35:46 INFO  ActionHelper:28 - clicking on element----->[[ChromeDriver: chrome on WINDOWS (b19b43020b509b72521d3b398325a3fe)] -> css selector: input[type="submit"]]
14:35:49 INFO  ActionHelper:79 - waiting for element to be invisible---->[[ChromeDriver: chrome on WINDOWS (b19b43020b509b72521d3b398325a3fe)] -> css selector: div[class="icon--default"]]
14:36:13 INFO  ActionHelper:65 - waiting for element---->[[ChromeDriver: chrome on WINDOWS (b19b43020b509b72521d3b398325a3fe)] -> xpath: (//a[@title="Mamacita"])[2]]
14:36:13 INFO  ActionHelper:69 - element found--->[[ChromeDriver: chrome on WINDOWS (b19b43020b509b72521d3b398325a3fe)] -> xpath: (//a[@title="Mamacita"])[2]]
14:36:13 INFO  ActionHelper:60 - element found -->[[ChromeDriver: chrome on WINDOWS (b19b43020b509b72521d3b398325a3fe)] -> xpath: (//a[@title="Mamacita"])[2]]
14:36:14 INFO  ActionHelper:28 - clicking on element----->[[ChromeDriver: chrome on WINDOWS (b19b43020b509b72521d3b398325a3fe)] -> xpath: //*[text()=' Chewy Chocolate Chip Cookie ']/parent::a/parent::form/following-sibling::div[3]/child::form/child::button]
14:36:18 INFO  ActionHelper:65 - waiting for element---->[[ChromeDriver: chrome on WINDOWS (b19b43020b509b72521d3b398325a3fe)] -> css selector: span[class="item--name"]]
14:36:18 INFO  ActionHelper:69 - element found--->[[ChromeDriver: chrome on WINDOWS (b19b43020b509b72521d3b398325a3fe)] -> css selector: span[class="item--name"]]
14:36:19 INFO  ActionHelper:60 - element found -->[[ChromeDriver: chrome on WINDOWS (b19b43020b509b72521d3b398325a3fe)] -> css selector: span[class="item--name"]]
14:36:19 INFO  ActionHelper:65 - waiting for element---->[[ChromeDriver: chrome on WINDOWS (b19b43020b509b72521d3b398325a3fe)] -> css selector: span[class="item--name"]]
14:36:19 INFO  ActionHelper:69 - element found--->[[ChromeDriver: chrome on WINDOWS (b19b43020b509b72521d3b398325a3fe)] -> css selector: span[class="item--name"]]
14:36:19 INFO  ActionHelper:53 - "Chewy Chocolate Chip Cookie" is the text obtained from element -->[[ChromeDriver: chrome on WINDOWS (b19b43020b509b72521d3b398325a3fe)] -> css selector: span[class="item--name"]]
14:36:19 INFO  ActionHelper:65 - waiting for element---->[[ChromeDriver: chrome on WINDOWS (b19b43020b509b72521d3b398325a3fe)] -> css selector: span[class="item--name"]]
14:36:19 INFO  ActionHelper:69 - element found--->[[ChromeDriver: chrome on WINDOWS (b19b43020b509b72521d3b398325a3fe)] -> css selector: span[class="item--name"]]
14:36:19 INFO  ActionHelper:53 - "Chewy Chocolate Chip Cookie" is the text obtained from element -->[[ChromeDriver: chrome on WINDOWS (b19b43020b509b72521d3b398325a3fe)] -> css selector: span[class="item--name"]]
14:36:19 INFO  BaseClass:68 - launchAndSelectMamacita TEST PASSED
14:36:20 INFO  BaseClass:90 - wrapping up with driver and reporting
14:36:20 DEBUG cache:45 - Couldn't find template in cache for "index.ftl"("en", UTF-8, parsed); will try to load it.
14:36:20 DEBUG cache:45 - TemplateLoader.findTemplateSource("index_en.ftl"): Not found
14:36:20 DEBUG cache:45 - TemplateLoader.findTemplateSource("index.ftl"): Found
14:36:20 DEBUG cache:45 - Loading template for "index.ftl"("en", UTF-8, parsed) from "jar:file:/C:/Users/kunis/.m2/repository/com/aventstack/extentreports/3.1.3/extentreports-3.1.3.jar!/com/aventstack/extentreports/view/html-report/index.ftl"
14:36:20 DEBUG cache:45 - Couldn't find template in cache for "head.ftl"("en", UTF-8, parsed); will try to load it.
14:36:20 DEBUG cache:45 - TemplateLoader.findTemplateSource("head_en.ftl"): Not found
14:36:20 DEBUG cache:45 - TemplateLoader.findTemplateSource("head.ftl"): Found
14:36:20 DEBUG cache:45 - Loading template for "head.ftl"("en", UTF-8, parsed) from "jar:file:/C:/Users/kunis/.m2/repository/com/aventstack/extentreports/3.1.3/extentreports-3.1.3.jar!/com/aventstack/extentreports/view/html-report/head.ftl"
14:36:20 DEBUG cache:45 - Couldn't find template in cache for "nav.ftl"("en", UTF-8, parsed); will try to load it.
14:36:20 DEBUG cache:45 - TemplateLoader.findTemplateSource("nav_en.ftl"): Not found
14:36:20 DEBUG cache:45 - TemplateLoader.findTemplateSource("nav.ftl"): Found
14:36:20 DEBUG cache:45 - Loading template for "nav.ftl"("en", UTF-8, parsed) from "jar:file:/C:/Users/kunis/.m2/repository/com/aventstack/extentreports/3.1.3/extentreports-3.1.3.jar!/com/aventstack/extentreports/view/html-report/nav.ftl"
14:36:20 DEBUG cache:45 - Couldn't find template in cache for "test-view/test-view.ftl"("en", UTF-8, parsed); will try to load it.
14:36:20 DEBUG cache:45 - TemplateLoader.findTemplateSource("test-view/test-view_en.ftl"): Not found
14:36:20 DEBUG cache:45 - TemplateLoader.findTemplateSource("test-view/test-view.ftl"): Found
14:36:20 DEBUG cache:45 - Loading template for "test-view/test-view.ftl"("en", UTF-8, parsed) from "jar:file:/C:/Users/kunis/.m2/repository/com/aventstack/extentreports/3.1.3/extentreports-3.1.3.jar!/com/aventstack/extentreports/view/html-report/test-view/test-view.ftl"
14:36:20 DEBUG cache:45 - Couldn't find template in cache for "test-view/test-view-charts.ftl"("en", UTF-8, parsed); will try to load it.
14:36:20 DEBUG cache:45 - TemplateLoader.findTemplateSource("test-view/test-view-charts_en.ftl"): Not found
14:36:20 DEBUG cache:45 - TemplateLoader.findTemplateSource("test-view/test-view-charts.ftl"): Found
14:36:20 DEBUG cache:45 - Loading template for "test-view/test-view-charts.ftl"("en", UTF-8, parsed) from "jar:file:/C:/Users/kunis/.m2/repository/com/aventstack/extentreports/3.1.3/extentreports-3.1.3.jar!/com/aventstack/extentreports/view/html-report/test-view/test-view-charts.ftl"
14:36:20 DEBUG cache:45 - Couldn't find template in cache for "test-view/standard.ftl"("en", UTF-8, parsed); will try to load it.
14:36:20 DEBUG cache:45 - TemplateLoader.findTemplateSource("test-view/standard_en.ftl"): Not found
14:36:20 DEBUG cache:45 - TemplateLoader.findTemplateSource("test-view/standard.ftl"): Found
14:36:20 DEBUG cache:45 - Loading template for "test-view/standard.ftl"("en", UTF-8, parsed) from "jar:file:/C:/Users/kunis/.m2/repository/com/aventstack/extentreports/3.1.3/extentreports-3.1.3.jar!/com/aventstack/extentreports/view/html-report/test-view/standard.ftl"
14:36:20 DEBUG cache:45 - Couldn't find template in cache for "category-view/category-view.ftl"("en", UTF-8, parsed); will try to load it.
14:36:20 DEBUG cache:45 - TemplateLoader.findTemplateSource("category-view/category-view_en.ftl"): Not found
14:36:20 DEBUG cache:45 - TemplateLoader.findTemplateSource("category-view/category-view.ftl"): Found
14:36:20 DEBUG cache:45 - Loading template for "category-view/category-view.ftl"("en", UTF-8, parsed) from "jar:file:/C:/Users/kunis/.m2/repository/com/aventstack/extentreports/3.1.3/extentreports-3.1.3.jar!/com/aventstack/extentreports/view/html-report/category-view/category-view.ftl"
14:36:20 DEBUG cache:45 - Couldn't find template in cache for "author-view/author-view.ftl"("en", UTF-8, parsed); will try to load it.
14:36:20 DEBUG cache:45 - TemplateLoader.findTemplateSource("author-view/author-view_en.ftl"): Not found
14:36:20 DEBUG cache:45 - TemplateLoader.findTemplateSource("author-view/author-view.ftl"): Found
14:36:20 DEBUG cache:45 - Loading template for "author-view/author-view.ftl"("en", UTF-8, parsed) from "jar:file:/C:/Users/kunis/.m2/repository/com/aventstack/extentreports/3.1.3/extentreports-3.1.3.jar!/com/aventstack/extentreports/view/html-report/author-view/author-view.ftl"
14:36:20 DEBUG cache:45 - Couldn't find template in cache for "exception-view/exception-view.ftl"("en", UTF-8, parsed); will try to load it.
14:36:20 DEBUG cache:45 - TemplateLoader.findTemplateSource("exception-view/exception-view_en.ftl"): Not found
14:36:20 DEBUG cache:45 - TemplateLoader.findTemplateSource("exception-view/exception-view.ftl"): Found
14:36:20 DEBUG cache:45 - Loading template for "exception-view/exception-view.ftl"("en", UTF-8, parsed) from "jar:file:/C:/Users/kunis/.m2/repository/com/aventstack/extentreports/3.1.3/extentreports-3.1.3.jar!/com/aventstack/extentreports/view/html-report/exception-view/exception-view.ftl"
14:36:20 DEBUG cache:45 - Couldn't find template in cache for "dashboard-view/dashboard-view.ftl"("en", UTF-8, parsed); will try to load it.
14:36:20 DEBUG cache:45 - TemplateLoader.findTemplateSource("dashboard-view/dashboard-view_en.ftl"): Not found
14:36:20 DEBUG cache:45 - TemplateLoader.findTemplateSource("dashboard-view/dashboard-view.ftl"): Found
14:36:20 DEBUG cache:45 - Loading template for "dashboard-view/dashboard-view.ftl"("en", UTF-8, parsed) from "jar:file:/C:/Users/kunis/.m2/repository/com/aventstack/extentreports/3.1.3/extentreports-3.1.3.jar!/com/aventstack/extentreports/view/html-report/dashboard-view/dashboard-view.ftl"
14:36:20 DEBUG cache:45 - Couldn't find template in cache for "logs-view/testrunner-logs-view.ftl"("en", UTF-8, parsed); will try to load it.
14:36:20 DEBUG cache:45 - TemplateLoader.findTemplateSource("logs-view/testrunner-logs-view_en.ftl"): Not found
14:36:20 DEBUG cache:45 - TemplateLoader.findTemplateSource("logs-view/testrunner-logs-view.ftl"): Found
14:36:20 DEBUG cache:45 - Loading template for "logs-view/testrunner-logs-view.ftl"("en", UTF-8, parsed) from "jar:file:/C:/Users/kunis/.m2/repository/com/aventstack/extentreports/3.1.3/extentreports-3.1.3.jar!/com/aventstack/extentreports/view/html-report/logs-view/testrunner-logs-view.ftl"
